2025-09-27 14:46:35,949 - INFO - Experiment config saved to logs/SHU-MI_Model-[1,12]-[mamba,attn]_0927_1446/config.json
2025-09-27 14:46:45,555 - INFO - Epoch 1, Step 34, Loss: 2.369873, LR: 0.000100, training_time_mins: 0.192039
2025-09-27 14:46:45,556 - INFO - Validation - Epoch 1, Loss: 2.369873, val_acc: 0.521308, val_pr_auc: 0.538074, val_roc_auc: 0.557956
2025-09-27 14:46:45,557 - INFO - Confusion matrix saved to logs/SHU-MI_Model-[1,12]-[mamba,attn]_0927_1446/confusion_matrix.txt
2025-09-27 14:46:48,421 - INFO - Best model saved to logs/SHU-MI_Model-[1,12]-[mamba,attn]_0927_1446/best_model.pth
2025-09-27 14:46:48,421 - INFO - Checkpoint saved to logs/SHU-MI_Model-[1,12]-[mamba,attn]_0927_1446/latest_checkpoint.pth
2025-09-27 14:46:58,886 - INFO - Epoch 2, Step 68, Loss: 0.736326, LR: 0.000100, training_time_mins: 0.174395
2025-09-27 14:46:58,887 - INFO - Validation - Epoch 2, Loss: 0.736326, val_acc: 0.500000, val_pr_auc: 0.471113, val_roc_auc: 0.451773
2025-09-27 14:46:58,887 - INFO - Confusion matrix saved to logs/SHU-MI_Model-[1,12]-[mamba,attn]_0927_1446/confusion_matrix.txt
2025-09-27 14:47:09,022 - INFO - Epoch 3, Step 102, Loss: 0.707245, LR: 0.000099, training_time_mins: 0.168898
2025-09-27 14:47:09,022 - INFO - Validation - Epoch 3, Loss: 0.707245, val_acc: 0.497591, val_pr_auc: 0.652676, val_roc_auc: 0.606256
2025-09-27 14:47:09,023 - INFO - Confusion matrix saved to logs/SHU-MI_Model-[1,12]-[mamba,attn]_0927_1446/confusion_matrix.txt
2025-09-27 14:47:10,549 - INFO - Best model saved to logs/SHU-MI_Model-[1,12]-[mamba,attn]_0927_1446/best_model.pth
2025-09-27 14:47:10,549 - INFO - Checkpoint saved to logs/SHU-MI_Model-[1,12]-[mamba,attn]_0927_1446/latest_checkpoint.pth
2025-09-27 14:47:18,977 - INFO - Epoch 4, Step 136, Loss: 0.709692, LR: 0.000098, training_time_mins: 0.170747
2025-09-27 14:47:18,977 - INFO - Validation - Epoch 4, Loss: 0.709692, val_acc: 0.500000, val_pr_auc: 0.678937, val_roc_auc: 0.627258
2025-09-27 14:47:18,977 - INFO - Confusion matrix saved to logs/SHU-MI_Model-[1,12]-[mamba,attn]_0927_1446/confusion_matrix.txt
2025-09-27 14:47:20,302 - INFO - Best model saved to logs/SHU-MI_Model-[1,12]-[mamba,attn]_0927_1446/best_model.pth
2025-09-27 14:47:20,303 - INFO - Checkpoint saved to logs/SHU-MI_Model-[1,12]-[mamba,attn]_0927_1446/latest_checkpoint.pth
2025-09-27 14:47:30,597 - INFO - Epoch 5, Step 170, Loss: 0.695924, LR: 0.000098, training_time_mins: 0.171555
2025-09-27 14:47:30,597 - INFO - Validation - Epoch 5, Loss: 0.695924, val_acc: 0.652613, val_pr_auc: 0.737313, val_roc_auc: 0.700948
2025-09-27 14:47:30,598 - INFO - Confusion matrix saved to logs/SHU-MI_Model-[1,12]-[mamba,attn]_0927_1446/confusion_matrix.txt
2025-09-27 14:47:31,927 - INFO - Best model saved to logs/SHU-MI_Model-[1,12]-[mamba,attn]_0927_1446/best_model.pth
2025-09-27 14:47:31,927 - INFO - Checkpoint saved to logs/SHU-MI_Model-[1,12]-[mamba,attn]_0927_1446/latest_checkpoint.pth
2025-09-27 14:47:42,066 - INFO - Epoch 6, Step 204, Loss: 0.647596, LR: 0.000097, training_time_mins: 0.168974
2025-09-27 14:47:42,067 - INFO - Validation - Epoch 6, Loss: 0.647596, val_acc: 0.607800, val_pr_auc: 0.735540, val_roc_auc: 0.703721
2025-09-27 14:47:42,067 - INFO - Confusion matrix saved to logs/SHU-MI_Model-[1,12]-[mamba,attn]_0927_1446/confusion_matrix.txt
2025-09-27 14:47:41,359 - INFO - Best model saved to logs/SHU-MI_Model-[1,12]-[mamba,attn]_0927_1446/best_model.pth
2025-09-27 14:47:41,360 - INFO - Checkpoint saved to logs/SHU-MI_Model-[1,12]-[mamba,attn]_0927_1446/latest_checkpoint.pth
2025-09-27 14:47:51,538 - INFO - Epoch 7, Step 238, Loss: 0.574195, LR: 0.000095, training_time_mins: 0.169626
2025-09-27 14:47:51,538 - INFO - Validation - Epoch 7, Loss: 0.574195, val_acc: 0.605550, val_pr_auc: 0.711699, val_roc_auc: 0.678789
2025-09-27 14:47:51,539 - INFO - Confusion matrix saved to logs/SHU-MI_Model-[1,12]-[mamba,attn]_0927_1446/confusion_matrix.txt
2025-09-27 14:48:01,772 - INFO - Epoch 8, Step 272, Loss: 0.495389, LR: 0.000094, training_time_mins: 0.170523
2025-09-27 14:48:01,772 - INFO - Validation - Epoch 8, Loss: 0.495389, val_acc: 0.626789, val_pr_auc: 0.713741, val_roc_auc: 0.700707
2025-09-27 14:48:01,773 - INFO - Confusion matrix saved to logs/SHU-MI_Model-[1,12]-[mamba,attn]_0927_1446/confusion_matrix.txt
2025-09-27 14:48:12,093 - INFO - Epoch 9, Step 306, Loss: 0.395956, LR: 0.000092, training_time_mins: 0.171982
2025-09-27 14:48:12,094 - INFO - Validation - Epoch 9, Loss: 0.395956, val_acc: 0.630144, val_pr_auc: 0.719447, val_roc_auc: 0.699500
2025-09-27 14:48:12,094 - INFO - Confusion matrix saved to logs/SHU-MI_Model-[1,12]-[mamba,attn]_0927_1446/confusion_matrix.txt
2025-09-27 14:48:20,471 - INFO - Epoch 10, Step 340, Loss: 0.318837, LR: 0.000091, training_time_mins: 0.173260
2025-09-27 14:48:20,471 - INFO - Validation - Epoch 10, Loss: 0.318837, val_acc: 0.603108, val_pr_auc: 0.681286, val_roc_auc: 0.662544
2025-09-27 14:48:20,472 - INFO - Confusion matrix saved to logs/SHU-MI_Model-[1,12]-[mamba,attn]_0927_1446/confusion_matrix.txt
2025-09-27 14:48:30,662 - INFO - Epoch 11, Step 374, Loss: 0.230909, LR: 0.000089, training_time_mins: 0.169809
2025-09-27 14:48:30,662 - INFO - Validation - Epoch 11, Loss: 0.230909, val_acc: 0.628309, val_pr_auc: 0.713101, val_roc_auc: 0.682897
2025-09-27 14:48:30,663 - INFO - Confusion matrix saved to logs/SHU-MI_Model-[1,12]-[mamba,attn]_0927_1446/confusion_matrix.txt
2025-09-27 14:48:40,776 - INFO - Epoch 12, Step 408, Loss: 0.168246, LR: 0.000087, training_time_mins: 0.168525
2025-09-27 14:48:40,776 - INFO - Validation - Epoch 12, Loss: 0.168246, val_acc: 0.620610, val_pr_auc: 0.698401, val_roc_auc: 0.673320
2025-09-27 14:48:40,777 - INFO - Confusion matrix saved to logs/SHU-MI_Model-[1,12]-[mamba,attn]_0927_1446/confusion_matrix.txt
2025-09-27 14:48:48,860 - INFO - Epoch 13, Step 442, Loss: 0.140019, LR: 0.000084, training_time_mins: 0.167750
2025-09-27 14:48:48,860 - INFO - Validation - Epoch 13, Loss: 0.140019, val_acc: 0.608561, val_pr_auc: 0.695025, val_roc_auc: 0.673322
2025-09-27 14:48:48,861 - INFO - Confusion matrix saved to logs/SHU-MI_Model-[1,12]-[mamba,attn]_0927_1446/confusion_matrix.txt
2025-09-27 14:48:59,134 - INFO - Epoch 14, Step 476, Loss: 0.117246, LR: 0.000082, training_time_mins: 0.171197
2025-09-27 14:48:59,134 - INFO - Validation - Epoch 14, Loss: 0.117246, val_acc: 0.572770, val_pr_auc: 0.690958, val_roc_auc: 0.653113
2025-09-27 14:48:59,134 - INFO - Confusion matrix saved to logs/SHU-MI_Model-[1,12]-[mamba,attn]_0927_1446/confusion_matrix.txt
2025-09-27 14:49:09,456 - INFO - Epoch 15, Step 510, Loss: 0.082448, LR: 0.000080, training_time_mins: 0.172016
2025-09-27 14:49:09,457 - INFO - Validation - Epoch 15, Loss: 0.082448, val_acc: 0.634687, val_pr_auc: 0.723903, val_roc_auc: 0.691877
2025-09-27 14:49:09,457 - INFO - Confusion matrix saved to logs/SHU-MI_Model-[1,12]-[mamba,attn]_0927_1446/confusion_matrix.txt
2025-09-27 14:49:17,587 - INFO - Epoch 16, Step 544, Loss: 0.089537, LR: 0.000077, training_time_mins: 0.168473
2025-09-27 14:49:17,587 - INFO - Validation - Epoch 16, Loss: 0.089537, val_acc: 0.616509, val_pr_auc: 0.708747, val_roc_auc: 0.675094
2025-09-27 14:49:17,587 - INFO - Confusion matrix saved to logs/SHU-MI_Model-[1,12]-[mamba,attn]_0927_1446/confusion_matrix.txt
2025-09-27 14:49:27,672 - INFO - Epoch 17, Step 578, Loss: 0.071183, LR: 0.000074, training_time_mins: 0.168060
2025-09-27 14:49:27,672 - INFO - Validation - Epoch 17, Loss: 0.071183, val_acc: 0.604443, val_pr_auc: 0.688688, val_roc_auc: 0.668267
2025-09-27 14:49:27,673 - INFO - Confusion matrix saved to logs/SHU-MI_Model-[1,12]-[mamba,attn]_0927_1446/confusion_matrix.txt
2025-09-27 14:49:37,932 - INFO - Epoch 18, Step 612, Loss: 0.055193, LR: 0.000072, training_time_mins: 0.170965
2025-09-27 14:49:37,932 - INFO - Validation - Epoch 18, Loss: 0.055193, val_acc: 0.613623, val_pr_auc: 0.700824, val_roc_auc: 0.676209
2025-09-27 14:49:37,932 - INFO - Confusion matrix saved to logs/SHU-MI_Model-[1,12]-[mamba,attn]_0927_1446/confusion_matrix.txt
2025-09-27 14:49:45,812 - INFO - Epoch 19, Step 646, Loss: 0.046724, LR: 0.000069, training_time_mins: 0.166301
2025-09-27 14:49:45,812 - INFO - Validation - Epoch 19, Loss: 0.046724, val_acc: 0.602286, val_pr_auc: 0.682126, val_roc_auc: 0.661365
2025-09-27 14:49:45,813 - INFO - Confusion matrix saved to logs/SHU-MI_Model-[1,12]-[mamba,attn]_0927_1446/confusion_matrix.txt
2025-09-27 14:49:56,005 - INFO - Epoch 20, Step 680, Loss: 0.041117, LR: 0.000066, training_time_mins: 0.169836
2025-09-27 14:49:56,005 - INFO - Validation - Epoch 20, Loss: 0.041117, val_acc: 0.594601, val_pr_auc: 0.661955, val_roc_auc: 0.640136
2025-09-27 14:49:56,006 - INFO - Confusion matrix saved to logs/SHU-MI_Model-[1,12]-[mamba,attn]_0927_1446/confusion_matrix.txt
2025-09-27 14:50:06,309 - INFO - Epoch 21, Step 714, Loss: 0.039650, LR: 0.000063, training_time_mins: 0.171673
2025-09-27 14:50:06,310 - INFO - Validation - Epoch 21, Loss: 0.039650, val_acc: 0.594725, val_pr_auc: 0.684537, val_roc_auc: 0.660290
2025-09-27 14:50:06,311 - INFO - Confusion matrix saved to logs/SHU-MI_Model-[1,12]-[mamba,attn]_0927_1446/confusion_matrix.txt
2025-09-27 14:50:14,501 - INFO - Epoch 22, Step 748, Loss: 0.042466, LR: 0.000060, training_time_mins: 0.169963
2025-09-27 14:50:14,501 - INFO - Validation - Epoch 22, Loss: 0.042466, val_acc: 0.596494, val_pr_auc: 0.696787, val_roc_auc: 0.672728
2025-09-27 14:50:14,501 - INFO - Confusion matrix saved to logs/SHU-MI_Model-[1,12]-[mamba,attn]_0927_1446/confusion_matrix.txt
2025-09-27 14:50:24,609 - INFO - Epoch 23, Step 782, Loss: 0.025406, LR: 0.000057, training_time_mins: 0.168458
2025-09-27 14:50:24,610 - INFO - Validation - Epoch 23, Loss: 0.025406, val_acc: 0.607070, val_pr_auc: 0.675794, val_roc_auc: 0.665071
2025-09-27 14:50:24,611 - INFO - Confusion matrix saved to logs/SHU-MI_Model-[1,12]-[mamba,attn]_0927_1446/confusion_matrix.txt
2025-09-27 14:50:34,906 - INFO - Epoch 24, Step 816, Loss: 0.025315, LR: 0.000054, training_time_mins: 0.171552
2025-09-27 14:50:34,906 - INFO - Validation - Epoch 24, Loss: 0.025315, val_acc: 0.614430, val_pr_auc: 0.685081, val_roc_auc: 0.671966
2025-09-27 14:50:34,907 - INFO - Confusion matrix saved to logs/SHU-MI_Model-[1,12]-[mamba,attn]_0927_1446/confusion_matrix.txt
2025-09-27 14:50:44,868 - INFO - Epoch 25, Step 850, Loss: 0.029371, LR: 0.000050, training_time_mins: 0.165981
2025-09-27 14:50:44,869 - INFO - Validation - Epoch 25, Loss: 0.029371, val_acc: 0.608028, val_pr_auc: 0.685357, val_roc_auc: 0.660561
2025-09-27 14:50:44,870 - INFO - Confusion matrix saved to logs/SHU-MI_Model-[1,12]-[mamba,attn]_0927_1446/confusion_matrix.txt
2025-09-27 14:50:52,641 - INFO - Epoch 26, Step 884, Loss: 0.026477, LR: 0.000047, training_time_mins: 0.161971
2025-09-27 14:50:52,641 - INFO - Validation - Epoch 26, Loss: 0.026477, val_acc: 0.591062, val_pr_auc: 0.675990, val_roc_auc: 0.650915
2025-09-27 14:50:52,641 - INFO - Confusion matrix saved to logs/SHU-MI_Model-[1,12]-[mamba,attn]_0927_1446/confusion_matrix.txt
2025-09-27 14:51:02,935 - INFO - Epoch 27, Step 918, Loss: 0.016290, LR: 0.000044, training_time_mins: 0.171543
2025-09-27 14:51:02,935 - INFO - Validation - Epoch 27, Loss: 0.016290, val_acc: 0.610496, val_pr_auc: 0.683580, val_roc_auc: 0.664130
2025-09-27 14:51:02,935 - INFO - Confusion matrix saved to logs/SHU-MI_Model-[1,12]-[mamba,attn]_0927_1446/confusion_matrix.txt
2025-09-27 14:51:13,255 - INFO - Epoch 28, Step 952, Loss: 0.018975, LR: 0.000041, training_time_mins: 0.171969
2025-09-27 14:51:13,255 - INFO - Validation - Epoch 28, Loss: 0.018975, val_acc: 0.606757, val_pr_auc: 0.687355, val_roc_auc: 0.662058
2025-09-27 14:51:13,256 - INFO - Confusion matrix saved to logs/SHU-MI_Model-[1,12]-[mamba,attn]_0927_1446/confusion_matrix.txt
2025-09-27 14:51:21,766 - INFO - Epoch 29, Step 986, Loss: 0.016778, LR: 0.000038, training_time_mins: 0.174152
2025-09-27 14:51:21,767 - INFO - Validation - Epoch 29, Loss: 0.016778, val_acc: 0.613569, val_pr_auc: 0.696643, val_roc_auc: 0.672934
2025-09-27 14:51:21,767 - INFO - Confusion matrix saved to logs/SHU-MI_Model-[1,12]-[mamba,attn]_0927_1446/confusion_matrix.txt
2025-09-27 14:51:32,033 - INFO - Epoch 30, Step 1020, Loss: 0.009612, LR: 0.000035, training_time_mins: 0.171081
2025-09-27 14:51:32,033 - INFO - Validation - Epoch 30, Loss: 0.009612, val_acc: 0.604880, val_pr_auc: 0.693864, val_roc_auc: 0.669541
2025-09-27 14:51:32,034 - INFO - Confusion matrix saved to logs/SHU-MI_Model-[1,12]-[mamba,attn]_0927_1446/confusion_matrix.txt
2025-09-27 14:51:42,241 - INFO - Epoch 31, Step 1054, Loss: 0.010222, LR: 0.000032, training_time_mins: 0.170103
2025-09-27 14:51:42,241 - INFO - Validation - Epoch 31, Loss: 0.010222, val_acc: 0.609173, val_pr_auc: 0.690482, val_roc_auc: 0.665330
2025-09-27 14:51:42,241 - INFO - Confusion matrix saved to logs/SHU-MI_Model-[1,12]-[mamba,attn]_0927_1446/confusion_matrix.txt
2025-09-27 14:51:50,074 - INFO - Epoch 32, Step 1088, Loss: 0.007464, LR: 0.000029, training_time_mins: 0.162427
2025-09-27 14:51:50,075 - INFO - Validation - Epoch 32, Loss: 0.007464, val_acc: 0.610371, val_pr_auc: 0.701706, val_roc_auc: 0.675358
2025-09-27 14:51:50,077 - INFO - Confusion matrix saved to logs/SHU-MI_Model-[1,12]-[mamba,attn]_0927_1446/confusion_matrix.txt
2025-09-27 14:52:00,090 - INFO - Epoch 33, Step 1122, Loss: 0.005482, LR: 0.000027, training_time_mins: 0.166857
2025-09-27 14:52:00,090 - INFO - Validation - Epoch 33, Loss: 0.005482, val_acc: 0.607407, val_pr_auc: 0.701084, val_roc_auc: 0.672897
2025-09-27 14:52:00,090 - INFO - Confusion matrix saved to logs/SHU-MI_Model-[1,12]-[mamba,attn]_0927_1446/confusion_matrix.txt
2025-09-27 14:52:10,306 - INFO - Epoch 34, Step 1156, Loss: 0.004404, LR: 0.000024, training_time_mins: 0.170253
2025-09-27 14:52:10,306 - INFO - Validation - Epoch 34, Loss: 0.004404, val_acc: 0.605908, val_pr_auc: 0.704605, val_roc_auc: 0.676471
2025-09-27 14:52:10,307 - INFO - Confusion matrix saved to logs/SHU-MI_Model-[1,12]-[mamba,attn]_0927_1446/confusion_matrix.txt
2025-09-27 14:52:18,977 - INFO - Epoch 35, Step 1190, Loss: 0.003884, LR: 0.000021, training_time_mins: 0.167356
2025-09-27 14:52:18,977 - INFO - Validation - Epoch 35, Loss: 0.003884, val_acc: 0.606617, val_pr_auc: 0.698292, val_roc_auc: 0.671922
2025-09-27 14:52:18,978 - INFO - Confusion matrix saved to logs/SHU-MI_Model-[1,12]-[mamba,attn]_0927_1446/confusion_matrix.txt
2025-09-27 14:52:29,319 - INFO - Epoch 36, Step 1224, Loss: 0.004610, LR: 0.000019, training_time_mins: 0.172324
2025-09-27 14:52:29,320 - INFO - Validation - Epoch 36, Loss: 0.004610, val_acc: 0.607874, val_pr_auc: 0.696113, val_roc_auc: 0.668926
2025-09-27 14:52:29,320 - INFO - Confusion matrix saved to logs/SHU-MI_Model-[1,12]-[mamba,attn]_0927_1446/confusion_matrix.txt
2025-09-27 14:52:39,598 - INFO - Epoch 37, Step 1258, Loss: 0.004658, LR: 0.000017, training_time_mins: 0.171268
2025-09-27 14:52:39,599 - INFO - Validation - Epoch 37, Loss: 0.004658, val_acc: 0.604981, val_pr_auc: 0.694032, val_roc_auc: 0.666366
2025-09-27 14:52:39,600 - INFO - Confusion matrix saved to logs/SHU-MI_Model-[1,12]-[mamba,attn]_0927_1446/confusion_matrix.txt
2025-09-27 14:52:47,993 - INFO - Epoch 38, Step 1292, Loss: 0.004766, LR: 0.000014, training_time_mins: 0.168889
2025-09-27 14:52:47,993 - INFO - Validation - Epoch 38, Loss: 0.004766, val_acc: 0.603739, val_pr_auc: 0.692961, val_roc_auc: 0.664253
2025-09-27 14:52:47,994 - INFO - Confusion matrix saved to logs/SHU-MI_Model-[1,12]-[mamba,attn]_0927_1446/confusion_matrix.txt
2025-09-27 14:52:58,043 - INFO - Epoch 39, Step 1326, Loss: 0.003534, LR: 0.000012, training_time_mins: 0.167452
2025-09-27 14:52:58,043 - INFO - Validation - Epoch 39, Loss: 0.003534, val_acc: 0.605363, val_pr_auc: 0.696538, val_roc_auc: 0.666903
2025-09-27 14:52:58,044 - INFO - Confusion matrix saved to logs/SHU-MI_Model-[1,12]-[mamba,attn]_0927_1446/confusion_matrix.txt
2025-09-27 14:53:08,360 - INFO - Epoch 40, Step 1360, Loss: 0.004291, LR: 0.000010, training_time_mins: 0.171915
2025-09-27 14:53:08,360 - INFO - Validation - Epoch 40, Loss: 0.004291, val_acc: 0.604135, val_pr_auc: 0.701378, val_roc_auc: 0.670529
2025-09-27 14:53:08,362 - INFO - Confusion matrix saved to logs/SHU-MI_Model-[1,12]-[mamba,attn]_0927_1446/confusion_matrix.txt
2025-09-27 14:53:18,487 - INFO - Epoch 41, Step 1394, Loss: 0.002886, LR: 0.000009, training_time_mins: 0.168735
2025-09-27 14:53:18,488 - INFO - Validation - Epoch 41, Loss: 0.002886, val_acc: 0.607452, val_pr_auc: 0.700842, val_roc_auc: 0.669865
2025-09-27 14:53:18,489 - INFO - Confusion matrix saved to logs/SHU-MI_Model-[1,12]-[mamba,attn]_0927_1446/confusion_matrix.txt
2025-09-27 14:53:26,936 - INFO - Epoch 42, Step 1428, Loss: 0.003845, LR: 0.000007, training_time_mins: 0.168648
2025-09-27 14:53:26,936 - INFO - Validation - Epoch 42, Loss: 0.003845, val_acc: 0.607042, val_pr_auc: 0.700654, val_roc_auc: 0.669980
2025-09-27 14:53:26,937 - INFO - Confusion matrix saved to logs/SHU-MI_Model-[1,12]-[mamba,attn]_0927_1446/confusion_matrix.txt
2025-09-27 14:53:37,109 - INFO - Epoch 43, Step 1462, Loss: 0.002104, LR: 0.000006, training_time_mins: 0.169518
2025-09-27 14:53:37,110 - INFO - Validation - Epoch 43, Loss: 0.002104, val_acc: 0.606641, val_pr_auc: 0.700066, val_roc_auc: 0.669993
2025-09-27 14:53:37,110 - INFO - Confusion matrix saved to logs/SHU-MI_Model-[1,12]-[mamba,attn]_0927_1446/confusion_matrix.txt
2025-09-27 14:53:47,268 - INFO - Epoch 44, Step 1496, Loss: 0.003157, LR: 0.000004, training_time_mins: 0.169276
2025-09-27 14:53:47,268 - INFO - Validation - Epoch 44, Loss: 0.003157, val_acc: 0.608713, val_pr_auc: 0.699996, val_roc_auc: 0.670109
2025-09-27 14:53:47,269 - INFO - Confusion matrix saved to logs/SHU-MI_Model-[1,12]-[mamba,attn]_0927_1446/confusion_matrix.txt
2025-09-27 14:53:57,352 - INFO - Epoch 45, Step 1530, Loss: 0.003196, LR: 0.000003, training_time_mins: 0.168039
2025-09-27 14:53:57,353 - INFO - Validation - Epoch 45, Loss: 0.003196, val_acc: 0.607042, val_pr_auc: 0.701026, val_roc_auc: 0.670533
2025-09-27 14:53:57,353 - INFO - Confusion matrix saved to logs/SHU-MI_Model-[1,12]-[mamba,attn]_0927_1446/confusion_matrix.txt
2025-09-27 14:54:07,337 - INFO - Epoch 46, Step 1564, Loss: 0.002088, LR: 0.000003, training_time_mins: 0.166393
2025-09-27 14:54:07,338 - INFO - Validation - Epoch 46, Loss: 0.002088, val_acc: 0.606221, val_pr_auc: 0.701529, val_roc_auc: 0.670530
2025-09-27 14:54:07,338 - INFO - Confusion matrix saved to logs/SHU-MI_Model-[1,12]-[mamba,attn]_0927_1446/confusion_matrix.txt
2025-09-27 14:54:16,895 - INFO - Epoch 47, Step 1598, Loss: 0.002089, LR: 0.000002, training_time_mins: 0.159269
2025-09-27 14:54:16,895 - INFO - Validation - Epoch 47, Loss: 0.002089, val_acc: 0.604986, val_pr_auc: 0.701022, val_roc_auc: 0.669961
2025-09-27 14:54:16,896 - INFO - Confusion matrix saved to logs/SHU-MI_Model-[1,12]-[mamba,attn]_0927_1446/confusion_matrix.txt
2025-09-27 14:54:25,684 - INFO - Epoch 48, Step 1632, Loss: 0.002664, LR: 0.000001, training_time_mins: 0.146428
2025-09-27 14:54:25,684 - INFO - Validation - Epoch 48, Loss: 0.002664, val_acc: 0.607049, val_pr_auc: 0.700879, val_roc_auc: 0.669783
2025-09-27 14:54:25,685 - INFO - Confusion matrix saved to logs/SHU-MI_Model-[1,12]-[mamba,attn]_0927_1446/confusion_matrix.txt
2025-09-27 14:54:35,095 - INFO - Epoch 49, Step 1666, Loss: 0.003009, LR: 0.000001, training_time_mins: 0.156808
2025-09-27 14:54:35,095 - INFO - Validation - Epoch 49, Loss: 0.003009, val_acc: 0.605411, val_pr_auc: 0.701023, val_roc_auc: 0.669871
2025-09-27 14:54:35,096 - INFO - Confusion matrix saved to logs/SHU-MI_Model-[1,12]-[mamba,attn]_0927_1446/confusion_matrix.txt
2025-09-27 14:54:43,209 - INFO - Epoch 50, Step 1700, Loss: 0.002095, LR: 0.000001, training_time_mins: 0.159847
2025-09-27 14:54:43,209 - INFO - Validation - Epoch 50, Loss: 0.002095, val_acc: 0.605825, val_pr_auc: 0.700861, val_roc_auc: 0.669867
2025-09-27 14:54:43,209 - INFO - Confusion matrix saved to logs/SHU-MI_Model-[1,12]-[mamba,attn]_0927_1446/confusion_matrix.txt
2025-09-27 14:54:46,344 - INFO - Final Test Results:
2025-09-27 14:54:46,344 - INFO - Test Accuracy: 0.54699
2025-09-27 14:54:46,345 - INFO - Test PR AUC: 0.66142
2025-09-27 14:54:46,345 - INFO - Test ROC AUC: 0.66587
2025-09-27 14:54:46,346 - INFO - Confusion matrix saved to logs/SHU-MI_Model-[1,12]-[mamba,attn]_0927_1446/confusion_matrix.txt
2025-09-27 14:54:46,752 - INFO - Experiment completed and logged successfully
