2025-09-27 10:20:47,167 - INFO - Experiment config saved to logs/SHU-MI_Model_0927_1020/config.json
2025-09-27 10:21:06,905 - INFO - Epoch 1, Step 34, Loss: 2.573751, LR: 0.000100, training_time_mins: 0.328064
2025-09-27 10:21:06,906 - INFO - Validation - Epoch 1, Loss: 2.573751, val_acc: 0.500820, val_pr_auc: 0.489582, val_roc_auc: 0.477078
2025-09-27 10:21:06,906 - INFO - Confusion matrix saved to logs/SHU-MI_Model_0927_1020/confusion_matrix.txt
2025-09-27 10:21:10,399 - INFO - Best model saved to logs/SHU-MI_Model_0927_1020/best_model.pth
2025-09-27 10:21:10,400 - INFO - Checkpoint saved to logs/SHU-MI_Model_0927_1020/latest_checkpoint.pth
2025-09-27 10:21:22,181 - INFO - Epoch 2, Step 68, Loss: 0.747372, LR: 0.000100, training_time_mins: 0.196335
2025-09-27 10:21:22,182 - INFO - Validation - Epoch 2, Loss: 0.747372, val_acc: 0.525836, val_pr_auc: 0.702886, val_roc_auc: 0.679204
2025-09-27 10:21:22,184 - INFO - Confusion matrix saved to logs/SHU-MI_Model_0927_1020/confusion_matrix.txt
2025-09-27 10:21:24,434 - INFO - Best model saved to logs/SHU-MI_Model_0927_1020/best_model.pth
2025-09-27 10:21:24,435 - INFO - Checkpoint saved to logs/SHU-MI_Model_0927_1020/latest_checkpoint.pth
2025-09-27 10:21:35,538 - INFO - Epoch 3, Step 102, Loss: 0.708958, LR: 0.000099, training_time_mins: 0.185035
2025-09-27 10:21:35,539 - INFO - Validation - Epoch 3, Loss: 0.708958, val_acc: 0.588025, val_pr_auc: 0.712480, val_roc_auc: 0.680217
2025-09-27 10:21:35,540 - INFO - Confusion matrix saved to logs/SHU-MI_Model_0927_1020/confusion_matrix.txt
2025-09-27 10:21:37,862 - INFO - Best model saved to logs/SHU-MI_Model_0927_1020/best_model.pth
2025-09-27 10:21:37,864 - INFO - Checkpoint saved to logs/SHU-MI_Model_0927_1020/latest_checkpoint.pth
2025-09-27 10:21:48,071 - INFO - Epoch 4, Step 136, Loss: 0.684613, LR: 0.000098, training_time_mins: 0.183383
2025-09-27 10:21:48,072 - INFO - Validation - Epoch 4, Loss: 0.684613, val_acc: 0.567121, val_pr_auc: 0.710369, val_roc_auc: 0.683028
2025-09-27 10:21:48,073 - INFO - Confusion matrix saved to logs/SHU-MI_Model_0927_1020/confusion_matrix.txt
2025-09-27 10:21:49,989 - INFO - Best model saved to logs/SHU-MI_Model_0927_1020/best_model.pth
2025-09-27 10:21:49,989 - INFO - Checkpoint saved to logs/SHU-MI_Model_0927_1020/latest_checkpoint.pth
2025-09-27 10:22:00,998 - INFO - Epoch 5, Step 170, Loss: 0.638443, LR: 0.000098, training_time_mins: 0.183468
2025-09-27 10:22:00,998 - INFO - Validation - Epoch 5, Loss: 0.638443, val_acc: 0.565207, val_pr_auc: 0.588403, val_roc_auc: 0.602764
2025-09-27 10:22:00,998 - INFO - Confusion matrix saved to logs/SHU-MI_Model_0927_1020/confusion_matrix.txt
2025-09-27 10:22:13,054 - INFO - Epoch 6, Step 204, Loss: 0.555915, LR: 0.000097, training_time_mins: 0.200911
2025-09-27 10:22:13,054 - INFO - Validation - Epoch 6, Loss: 0.555915, val_acc: 0.619242, val_pr_auc: 0.690254, val_roc_auc: 0.672941
2025-09-27 10:22:13,055 - INFO - Confusion matrix saved to logs/SHU-MI_Model_0927_1020/confusion_matrix.txt
2025-09-27 10:22:24,304 - INFO - Epoch 7, Step 238, Loss: 0.446004, LR: 0.000095, training_time_mins: 0.201407
2025-09-27 10:22:24,304 - INFO - Validation - Epoch 7, Loss: 0.446004, val_acc: 0.614939, val_pr_auc: 0.703792, val_roc_auc: 0.681616
2025-09-27 10:22:24,304 - INFO - Confusion matrix saved to logs/SHU-MI_Model_0927_1020/confusion_matrix.txt
2025-09-27 10:22:36,235 - INFO - Epoch 8, Step 272, Loss: 0.349100, LR: 0.000094, training_time_mins: 0.198829
2025-09-27 10:22:36,235 - INFO - Validation - Epoch 8, Loss: 0.349100, val_acc: 0.645944, val_pr_auc: 0.706145, val_roc_auc: 0.703199
2025-09-27 10:22:36,236 - INFO - Confusion matrix saved to logs/SHU-MI_Model_0927_1020/confusion_matrix.txt
2025-09-27 10:22:38,057 - INFO - Best model saved to logs/SHU-MI_Model_0927_1020/best_model.pth
2025-09-27 10:22:38,057 - INFO - Checkpoint saved to logs/SHU-MI_Model_0927_1020/latest_checkpoint.pth
2025-09-27 10:22:49,429 - INFO - Epoch 9, Step 306, Loss: 0.256300, LR: 0.000092, training_time_mins: 0.203190
2025-09-27 10:22:49,429 - INFO - Validation - Epoch 9, Loss: 0.256300, val_acc: 0.643599, val_pr_auc: 0.703273, val_roc_auc: 0.694877
2025-09-27 10:22:49,430 - INFO - Confusion matrix saved to logs/SHU-MI_Model_0927_1020/confusion_matrix.txt
2025-09-27 10:23:01,671 - INFO - Epoch 10, Step 340, Loss: 0.177772, LR: 0.000091, training_time_mins: 0.204008
2025-09-27 10:23:01,672 - INFO - Validation - Epoch 10, Loss: 0.177772, val_acc: 0.626370, val_pr_auc: 0.707023, val_roc_auc: 0.692160
2025-09-27 10:23:01,673 - INFO - Confusion matrix saved to logs/SHU-MI_Model_0927_1020/confusion_matrix.txt
2025-09-27 10:23:13,764 - INFO - Epoch 11, Step 374, Loss: 0.123936, LR: 0.000089, training_time_mins: 0.201499
2025-09-27 10:23:13,765 - INFO - Validation - Epoch 11, Loss: 0.123936, val_acc: 0.662178, val_pr_auc: 0.733563, val_roc_auc: 0.724717
2025-09-27 10:23:13,766 - INFO - Confusion matrix saved to logs/SHU-MI_Model_0927_1020/confusion_matrix.txt
2025-09-27 10:23:15,535 - INFO - Best model saved to logs/SHU-MI_Model_0927_1020/best_model.pth
2025-09-27 10:23:15,535 - INFO - Checkpoint saved to logs/SHU-MI_Model_0927_1020/latest_checkpoint.pth
2025-09-27 10:23:26,450 - INFO - Epoch 12, Step 408, Loss: 0.087059, LR: 0.000087, training_time_mins: 0.196874
2025-09-27 10:23:26,451 - INFO - Validation - Epoch 12, Loss: 0.087059, val_acc: 0.637209, val_pr_auc: 0.700576, val_roc_auc: 0.689617
2025-09-27 10:23:26,452 - INFO - Confusion matrix saved to logs/SHU-MI_Model_0927_1020/confusion_matrix.txt
2025-09-27 10:23:38,735 - INFO - Epoch 13, Step 442, Loss: 0.107528, LR: 0.000084, training_time_mins: 0.204697
2025-09-27 10:23:38,736 - INFO - Validation - Epoch 13, Loss: 0.107528, val_acc: 0.641754, val_pr_auc: 0.709699, val_roc_auc: 0.705495
2025-09-27 10:23:38,737 - INFO - Confusion matrix saved to logs/SHU-MI_Model_0927_1020/confusion_matrix.txt
2025-09-27 10:23:50,034 - INFO - Epoch 14, Step 476, Loss: 0.082710, LR: 0.000082, training_time_mins: 0.202639
2025-09-27 10:23:50,034 - INFO - Validation - Epoch 14, Loss: 0.082710, val_acc: 0.644332, val_pr_auc: 0.709470, val_roc_auc: 0.706896
2025-09-27 10:23:50,035 - INFO - Confusion matrix saved to logs/SHU-MI_Model_0927_1020/confusion_matrix.txt
2025-09-27 10:24:02,171 - INFO - Epoch 15, Step 510, Loss: 0.058688, LR: 0.000080, training_time_mins: 0.202241
2025-09-27 10:24:02,171 - INFO - Validation - Epoch 15, Loss: 0.058688, val_acc: 0.629414, val_pr_auc: 0.719243, val_roc_auc: 0.700080
2025-09-27 10:24:02,172 - INFO - Confusion matrix saved to logs/SHU-MI_Model_0927_1020/confusion_matrix.txt
2025-09-27 10:24:14,376 - INFO - Epoch 16, Step 544, Loss: 0.040096, LR: 0.000077, training_time_mins: 0.203380
2025-09-27 10:24:14,377 - INFO - Validation - Epoch 16, Loss: 0.040096, val_acc: 0.632102, val_pr_auc: 0.686438, val_roc_auc: 0.689172
2025-09-27 10:24:14,377 - INFO - Confusion matrix saved to logs/SHU-MI_Model_0927_1020/confusion_matrix.txt
2025-09-27 10:24:25,619 - INFO - Epoch 17, Step 578, Loss: 0.051983, LR: 0.000074, training_time_mins: 0.201061
2025-09-27 10:24:25,620 - INFO - Validation - Epoch 17, Loss: 0.051983, val_acc: 0.647518, val_pr_auc: 0.719299, val_roc_auc: 0.710173
2025-09-27 10:24:25,620 - INFO - Confusion matrix saved to logs/SHU-MI_Model_0927_1020/confusion_matrix.txt
2025-09-27 10:24:37,704 - INFO - Epoch 18, Step 612, Loss: 0.045920, LR: 0.000072, training_time_mins: 0.201393
2025-09-27 10:24:37,705 - INFO - Validation - Epoch 18, Loss: 0.045920, val_acc: 0.641316, val_pr_auc: 0.703986, val_roc_auc: 0.705378
2025-09-27 10:24:37,705 - INFO - Confusion matrix saved to logs/SHU-MI_Model_0927_1020/confusion_matrix.txt
2025-09-27 10:24:49,732 - INFO - Epoch 19, Step 646, Loss: 0.037214, LR: 0.000069, training_time_mins: 0.200420
2025-09-27 10:24:49,732 - INFO - Validation - Epoch 19, Loss: 0.037214, val_acc: 0.617566, val_pr_auc: 0.677608, val_roc_auc: 0.674096
2025-09-27 10:24:49,733 - INFO - Confusion matrix saved to logs/SHU-MI_Model_0927_1020/confusion_matrix.txt
2025-09-27 10:25:00,957 - INFO - Epoch 20, Step 680, Loss: 0.034927, LR: 0.000066, training_time_mins: 0.200897
2025-09-27 10:25:00,957 - INFO - Validation - Epoch 20, Loss: 0.034927, val_acc: 0.647864, val_pr_auc: 0.729113, val_roc_auc: 0.709766
2025-09-27 10:25:00,958 - INFO - Confusion matrix saved to logs/SHU-MI_Model_0927_1020/confusion_matrix.txt
2025-09-27 10:25:12,976 - INFO - Epoch 21, Step 714, Loss: 0.033904, LR: 0.000063, training_time_mins: 0.200282
2025-09-27 10:25:12,977 - INFO - Validation - Epoch 21, Loss: 0.033904, val_acc: 0.639189, val_pr_auc: 0.718203, val_roc_auc: 0.698881
2025-09-27 10:25:12,978 - INFO - Confusion matrix saved to logs/SHU-MI_Model_0927_1020/confusion_matrix.txt
2025-09-27 10:25:24,224 - INFO - Epoch 22, Step 748, Loss: 0.022687, LR: 0.000060, training_time_mins: 0.201206
2025-09-27 10:25:24,225 - INFO - Validation - Epoch 22, Loss: 0.022687, val_acc: 0.626965, val_pr_auc: 0.703865, val_roc_auc: 0.691413
2025-09-27 10:25:24,225 - INFO - Confusion matrix saved to logs/SHU-MI_Model_0927_1020/confusion_matrix.txt
2025-09-27 10:25:36,300 - INFO - Epoch 23, Step 782, Loss: 0.019115, LR: 0.000057, training_time_mins: 0.201218
2025-09-27 10:25:36,301 - INFO - Validation - Epoch 23, Loss: 0.019115, val_acc: 0.626042, val_pr_auc: 0.699413, val_roc_auc: 0.692893
2025-09-27 10:25:36,302 - INFO - Confusion matrix saved to logs/SHU-MI_Model_0927_1020/confusion_matrix.txt
2025-09-27 10:25:48,471 - INFO - Epoch 24, Step 816, Loss: 0.018434, LR: 0.000054, training_time_mins: 0.202758
2025-09-27 10:25:48,471 - INFO - Validation - Epoch 24, Loss: 0.018434, val_acc: 0.638449, val_pr_auc: 0.717534, val_roc_auc: 0.696237
2025-09-27 10:25:48,472 - INFO - Confusion matrix saved to logs/SHU-MI_Model_0927_1020/confusion_matrix.txt
2025-09-27 10:25:59,841 - INFO - Epoch 25, Step 850, Loss: 0.015705, LR: 0.000050, training_time_mins: 0.203023
2025-09-27 10:25:59,842 - INFO - Validation - Epoch 25, Loss: 0.015705, val_acc: 0.625905, val_pr_auc: 0.707121, val_roc_auc: 0.691572
2025-09-27 10:25:59,842 - INFO - Confusion matrix saved to logs/SHU-MI_Model_0927_1020/confusion_matrix.txt
2025-09-27 10:26:12,065 - INFO - Epoch 26, Step 884, Loss: 0.014264, LR: 0.000047, training_time_mins: 0.203681
2025-09-27 10:26:12,065 - INFO - Validation - Epoch 26, Loss: 0.014264, val_acc: 0.628482, val_pr_auc: 0.719070, val_roc_auc: 0.695077
2025-09-27 10:26:12,065 - INFO - Confusion matrix saved to logs/SHU-MI_Model_0927_1020/confusion_matrix.txt
2025-09-27 10:26:24,106 - INFO - Epoch 27, Step 918, Loss: 0.012636, LR: 0.000044, training_time_mins: 0.200646
2025-09-27 10:26:24,106 - INFO - Validation - Epoch 27, Loss: 0.012636, val_acc: 0.630675, val_pr_auc: 0.721944, val_roc_auc: 0.698780
2025-09-27 10:26:24,107 - INFO - Confusion matrix saved to logs/SHU-MI_Model_0927_1020/confusion_matrix.txt
2025-09-27 10:26:35,361 - INFO - Epoch 28, Step 952, Loss: 0.012198, LR: 0.000041, training_time_mins: 0.201188
2025-09-27 10:26:35,361 - INFO - Validation - Epoch 28, Loss: 0.012198, val_acc: 0.611961, val_pr_auc: 0.700364, val_roc_auc: 0.676460
2025-09-27 10:26:35,362 - INFO - Confusion matrix saved to logs/SHU-MI_Model_0927_1020/confusion_matrix.txt
2025-09-27 10:26:47,336 - INFO - Epoch 29, Step 986, Loss: 0.009507, LR: 0.000038, training_time_mins: 0.199543
2025-09-27 10:26:47,336 - INFO - Validation - Epoch 29, Loss: 0.009507, val_acc: 0.612040, val_pr_auc: 0.694917, val_roc_auc: 0.674485
2025-09-27 10:26:47,337 - INFO - Confusion matrix saved to logs/SHU-MI_Model_0927_1020/confusion_matrix.txt
2025-09-27 10:26:58,825 - INFO - Epoch 30, Step 1020, Loss: 0.009089, LR: 0.000035, training_time_mins: 0.205793
2025-09-27 10:26:58,825 - INFO - Validation - Epoch 30, Loss: 0.009089, val_acc: 0.625466, val_pr_auc: 0.702134, val_roc_auc: 0.684119
2025-09-27 10:26:58,827 - INFO - Confusion matrix saved to logs/SHU-MI_Model_0927_1020/confusion_matrix.txt
2025-09-27 10:27:11,055 - INFO - Epoch 31, Step 1054, Loss: 0.006154, LR: 0.000032, training_time_mins: 0.203761
2025-09-27 10:27:11,055 - INFO - Validation - Epoch 31, Loss: 0.006154, val_acc: 0.625179, val_pr_auc: 0.706611, val_roc_auc: 0.686603
2025-09-27 10:27:11,056 - INFO - Confusion matrix saved to logs/SHU-MI_Model_0927_1020/confusion_matrix.txt
2025-09-27 10:27:23,073 - INFO - Epoch 32, Step 1088, Loss: 0.009038, LR: 0.000029, training_time_mins: 0.200260
2025-09-27 10:27:23,073 - INFO - Validation - Epoch 32, Loss: 0.009038, val_acc: 0.637349, val_pr_auc: 0.710828, val_roc_auc: 0.695756
2025-09-27 10:27:23,073 - INFO - Confusion matrix saved to logs/SHU-MI_Model_0927_1020/confusion_matrix.txt
2025-09-27 10:27:34,356 - INFO - Epoch 33, Step 1122, Loss: 0.007852, LR: 0.000027, training_time_mins: 0.201834
2025-09-27 10:27:34,357 - INFO - Validation - Epoch 33, Loss: 0.007852, val_acc: 0.638831, val_pr_auc: 0.717899, val_roc_auc: 0.698055
2025-09-27 10:27:34,358 - INFO - Confusion matrix saved to logs/SHU-MI_Model_0927_1020/confusion_matrix.txt
2025-09-27 10:27:46,494 - INFO - Epoch 34, Step 1156, Loss: 0.005011, LR: 0.000024, training_time_mins: 0.202236
2025-09-27 10:27:46,494 - INFO - Validation - Epoch 34, Loss: 0.005011, val_acc: 0.634348, val_pr_auc: 0.721386, val_roc_auc: 0.699909
2025-09-27 10:27:46,495 - INFO - Confusion matrix saved to logs/SHU-MI_Model_0927_1020/confusion_matrix.txt
2025-09-27 10:27:58,684 - INFO - Epoch 35, Step 1190, Loss: 0.002046, LR: 0.000021, training_time_mins: 0.203129
2025-09-27 10:27:58,685 - INFO - Validation - Epoch 35, Loss: 0.002046, val_acc: 0.631877, val_pr_auc: 0.720335, val_roc_auc: 0.697401
2025-09-27 10:27:58,685 - INFO - Confusion matrix saved to logs/SHU-MI_Model_0927_1020/confusion_matrix.txt
2025-09-27 10:28:08,947 - INFO - Epoch 36, Step 1224, Loss: 0.002821, LR: 0.000019, training_time_mins: 0.185316
2025-09-27 10:28:08,947 - INFO - Validation - Epoch 36, Loss: 0.002821, val_acc: 0.632292, val_pr_auc: 0.720741, val_roc_auc: 0.697541
2025-09-27 10:28:08,948 - INFO - Confusion matrix saved to logs/SHU-MI_Model_0927_1020/confusion_matrix.txt
2025-09-27 10:28:20,870 - INFO - Epoch 37, Step 1258, Loss: 0.002241, LR: 0.000017, training_time_mins: 0.198688
2025-09-27 10:28:20,870 - INFO - Validation - Epoch 37, Loss: 0.002241, val_acc: 0.630993, val_pr_auc: 0.723635, val_roc_auc: 0.698645
2025-09-27 10:28:20,871 - INFO - Confusion matrix saved to logs/SHU-MI_Model_0927_1020/confusion_matrix.txt
2025-09-27 10:28:33,017 - INFO - Epoch 38, Step 1292, Loss: 0.003347, LR: 0.000014, training_time_mins: 0.202406
2025-09-27 10:28:33,018 - INFO - Validation - Epoch 38, Loss: 0.003347, val_acc: 0.634715, val_pr_auc: 0.727668, val_roc_auc: 0.702632
2025-09-27 10:28:33,018 - INFO - Confusion matrix saved to logs/SHU-MI_Model_0927_1020/confusion_matrix.txt
2025-09-27 10:28:44,255 - INFO - Epoch 39, Step 1326, Loss: 0.003159, LR: 0.000012, training_time_mins: 0.202057
2025-09-27 10:28:44,256 - INFO - Validation - Epoch 39, Loss: 0.003159, val_acc: 0.635986, val_pr_auc: 0.726448, val_roc_auc: 0.701724
2025-09-27 10:28:44,256 - INFO - Confusion matrix saved to logs/SHU-MI_Model_0927_1020/confusion_matrix.txt
2025-09-27 10:28:56,467 - INFO - Epoch 40, Step 1360, Loss: 0.001853, LR: 0.000010, training_time_mins: 0.203493
2025-09-27 10:28:56,467 - INFO - Validation - Epoch 40, Loss: 0.001853, val_acc: 0.635578, val_pr_auc: 0.726528, val_roc_auc: 0.702077
2025-09-27 10:28:56,468 - INFO - Confusion matrix saved to logs/SHU-MI_Model_0927_1020/confusion_matrix.txt
2025-09-27 10:29:07,704 - INFO - Epoch 41, Step 1394, Loss: 0.002730, LR: 0.000009, training_time_mins: 0.201886
2025-09-27 10:29:07,704 - INFO - Validation - Epoch 41, Loss: 0.002730, val_acc: 0.635566, val_pr_auc: 0.727119, val_roc_auc: 0.701741
2025-09-27 10:29:07,704 - INFO - Confusion matrix saved to logs/SHU-MI_Model_0927_1020/confusion_matrix.txt
2025-09-27 10:29:19,811 - INFO - Epoch 42, Step 1428, Loss: 0.003445, LR: 0.000007, training_time_mins: 0.201748
2025-09-27 10:29:19,811 - INFO - Validation - Epoch 42, Loss: 0.003445, val_acc: 0.635552, val_pr_auc: 0.728597, val_roc_auc: 0.703073
2025-09-27 10:29:19,812 - INFO - Confusion matrix saved to logs/SHU-MI_Model_0927_1020/confusion_matrix.txt
2025-09-27 10:29:31,947 - INFO - Epoch 43, Step 1462, Loss: 0.001769, LR: 0.000006, training_time_mins: 0.202216
2025-09-27 10:29:31,947 - INFO - Validation - Epoch 43, Loss: 0.001769, val_acc: 0.636399, val_pr_auc: 0.727477, val_roc_auc: 0.702384
2025-09-27 10:29:31,948 - INFO - Confusion matrix saved to logs/SHU-MI_Model_0927_1020/confusion_matrix.txt
2025-09-27 10:29:43,099 - INFO - Epoch 44, Step 1496, Loss: 0.002148, LR: 0.000004, training_time_mins: 0.200265
2025-09-27 10:29:43,099 - INFO - Validation - Epoch 44, Loss: 0.002148, val_acc: 0.637228, val_pr_auc: 0.728090, val_roc_auc: 0.702414
2025-09-27 10:29:43,100 - INFO - Confusion matrix saved to logs/SHU-MI_Model_0927_1020/confusion_matrix.txt
2025-09-27 10:29:55,244 - INFO - Epoch 45, Step 1530, Loss: 0.003356, LR: 0.000003, training_time_mins: 0.202376
2025-09-27 10:29:55,244 - INFO - Validation - Epoch 45, Loss: 0.003356, val_acc: 0.638053, val_pr_auc: 0.727108, val_roc_auc: 0.701077
2025-09-27 10:29:55,245 - INFO - Confusion matrix saved to logs/SHU-MI_Model_0927_1020/confusion_matrix.txt
2025-09-27 10:30:07,451 - INFO - Epoch 46, Step 1564, Loss: 0.002329, LR: 0.000003, training_time_mins: 0.203404
2025-09-27 10:30:07,451 - INFO - Validation - Epoch 46, Loss: 0.002329, val_acc: 0.636403, val_pr_auc: 0.726184, val_roc_auc: 0.700214
2025-09-27 10:30:07,452 - INFO - Confusion matrix saved to logs/SHU-MI_Model_0927_1020/confusion_matrix.txt
2025-09-27 10:30:18,786 - INFO - Epoch 47, Step 1598, Loss: 0.002755, LR: 0.000002, training_time_mins: 0.202857
2025-09-27 10:30:18,786 - INFO - Validation - Epoch 47, Loss: 0.002755, val_acc: 0.637639, val_pr_auc: 0.726082, val_roc_auc: 0.700403
2025-09-27 10:30:18,787 - INFO - Confusion matrix saved to logs/SHU-MI_Model_0927_1020/confusion_matrix.txt
2025-09-27 10:30:30,891 - INFO - Epoch 48, Step 1632, Loss: 0.003257, LR: 0.000001, training_time_mins: 0.201708
2025-09-27 10:30:30,891 - INFO - Validation - Epoch 48, Loss: 0.003257, val_acc: 0.638049, val_pr_auc: 0.726188, val_roc_auc: 0.700834
2025-09-27 10:30:30,892 - INFO - Confusion matrix saved to logs/SHU-MI_Model_0927_1020/confusion_matrix.txt
2025-09-27 10:30:42,024 - INFO - Epoch 49, Step 1666, Loss: 0.002696, LR: 0.000001, training_time_mins: 0.199478
2025-09-27 10:30:42,024 - INFO - Validation - Epoch 49, Loss: 0.002696, val_acc: 0.638049, val_pr_auc: 0.726058, val_roc_auc: 0.700798
2025-09-27 10:30:42,025 - INFO - Confusion matrix saved to logs/SHU-MI_Model_0927_1020/confusion_matrix.txt
2025-09-27 10:30:54,138 - INFO - Epoch 50, Step 1700, Loss: 0.002573, LR: 0.000001, training_time_mins: 0.201875
2025-09-27 10:30:54,139 - INFO - Validation - Epoch 50, Loss: 0.002573, val_acc: 0.638049, val_pr_auc: 0.726063, val_roc_auc: 0.700798
2025-09-27 10:30:54,140 - INFO - Confusion matrix saved to logs/SHU-MI_Model_0927_1020/confusion_matrix.txt
2025-09-27 10:30:58,987 - INFO - Final Test Results:
2025-09-27 10:30:58,988 - INFO - Test Accuracy: 0.60116
2025-09-27 10:30:58,988 - INFO - Test PR AUC: 0.62518
2025-09-27 10:30:58,988 - INFO - Test ROC AUC: 0.64214
2025-09-27 10:30:58,988 - INFO - Confusion matrix saved to logs/SHU-MI_Model_0927_1020/confusion_matrix.txt
2025-09-27 10:30:59,353 - INFO - Experiment completed and logged successfully
