2025-09-27 14:06:08,969 - INFO - Experiment config saved to logs/SHU-MI_Model-[6,6]-[mamba,attn]_0927_1406/config.json
2025-09-27 14:06:22,193 - INFO - Epoch 1, Step 34, Loss: 1.833462, LR: 0.000100, training_time_mins: 0.219445
2025-09-27 14:06:22,194 - INFO - Validation - Epoch 1, Loss: 1.833462, val_acc: 0.547948, val_pr_auc: 0.671406, val_roc_auc: 0.651177
2025-09-27 14:06:22,196 - INFO - Confusion matrix saved to logs/SHU-MI_Model-[6,6]-[mamba,attn]_0927_1406/confusion_matrix.txt
2025-09-27 14:06:26,789 - INFO - Best model saved to logs/SHU-MI_Model-[6,6]-[mamba,attn]_0927_1406/best_model.pth
2025-09-27 14:06:26,790 - INFO - Checkpoint saved to logs/SHU-MI_Model-[6,6]-[mamba,attn]_0927_1406/latest_checkpoint.pth
2025-09-27 14:06:37,554 - INFO - Epoch 2, Step 68, Loss: 0.725912, LR: 0.000100, training_time_mins: 0.179389
2025-09-27 14:06:37,555 - INFO - Validation - Epoch 2, Loss: 0.725912, val_acc: 0.649258, val_pr_auc: 0.708942, val_roc_auc: 0.689337
2025-09-27 14:06:37,556 - INFO - Confusion matrix saved to logs/SHU-MI_Model-[6,6]-[mamba,attn]_0927_1406/confusion_matrix.txt
2025-09-27 14:06:39,157 - INFO - Best model saved to logs/SHU-MI_Model-[6,6]-[mamba,attn]_0927_1406/best_model.pth
2025-09-27 14:06:39,157 - INFO - Checkpoint saved to logs/SHU-MI_Model-[6,6]-[mamba,attn]_0927_1406/latest_checkpoint.pth
2025-09-27 14:06:49,068 - INFO - Epoch 3, Step 102, Loss: 0.655478, LR: 0.000099, training_time_mins: 0.165156
2025-09-27 14:06:49,068 - INFO - Validation - Epoch 3, Loss: 0.655478, val_acc: 0.644895, val_pr_auc: 0.730148, val_roc_auc: 0.715265
2025-09-27 14:06:49,069 - INFO - Confusion matrix saved to logs/SHU-MI_Model-[6,6]-[mamba,attn]_0927_1406/confusion_matrix.txt
2025-09-27 14:06:50,386 - INFO - Best model saved to logs/SHU-MI_Model-[6,6]-[mamba,attn]_0927_1406/best_model.pth
2025-09-27 14:06:50,387 - INFO - Checkpoint saved to logs/SHU-MI_Model-[6,6]-[mamba,attn]_0927_1406/latest_checkpoint.pth
2025-09-27 14:06:58,689 - INFO - Epoch 4, Step 136, Loss: 0.601266, LR: 0.000098, training_time_mins: 0.167674
2025-09-27 14:06:58,689 - INFO - Validation - Epoch 4, Loss: 0.601266, val_acc: 0.635870, val_pr_auc: 0.717530, val_roc_auc: 0.702192
2025-09-27 14:06:58,689 - INFO - Confusion matrix saved to logs/SHU-MI_Model-[6,6]-[mamba,attn]_0927_1406/confusion_matrix.txt
2025-09-27 14:07:08,815 - INFO - Epoch 5, Step 170, Loss: 0.456727, LR: 0.000098, training_time_mins: 0.168740
2025-09-27 14:07:08,815 - INFO - Validation - Epoch 5, Loss: 0.456727, val_acc: 0.619712, val_pr_auc: 0.686569, val_roc_auc: 0.685935
2025-09-27 14:07:08,816 - INFO - Confusion matrix saved to logs/SHU-MI_Model-[6,6]-[mamba,attn]_0927_1406/confusion_matrix.txt
2025-09-27 14:07:18,870 - INFO - Epoch 6, Step 204, Loss: 0.335499, LR: 0.000097, training_time_mins: 0.167542
2025-09-27 14:07:18,870 - INFO - Validation - Epoch 6, Loss: 0.335499, val_acc: 0.616554, val_pr_auc: 0.657140, val_roc_auc: 0.667042
2025-09-27 14:07:18,870 - INFO - Confusion matrix saved to logs/SHU-MI_Model-[6,6]-[mamba,attn]_0927_1406/confusion_matrix.txt
2025-09-27 14:07:26,995 - INFO - Epoch 7, Step 238, Loss: 0.252417, LR: 0.000095, training_time_mins: 0.166205
2025-09-27 14:07:26,995 - INFO - Validation - Epoch 7, Loss: 0.252417, val_acc: 0.629594, val_pr_auc: 0.696448, val_roc_auc: 0.689096
2025-09-27 14:07:26,996 - INFO - Confusion matrix saved to logs/SHU-MI_Model-[6,6]-[mamba,attn]_0927_1406/confusion_matrix.txt
2025-09-27 14:07:36,938 - INFO - Epoch 8, Step 272, Loss: 0.170668, LR: 0.000094, training_time_mins: 0.165680
2025-09-27 14:07:36,938 - INFO - Validation - Epoch 8, Loss: 0.170668, val_acc: 0.634741, val_pr_auc: 0.711164, val_roc_auc: 0.700717
2025-09-27 14:07:36,938 - INFO - Confusion matrix saved to logs/SHU-MI_Model-[6,6]-[mamba,attn]_0927_1406/confusion_matrix.txt
2025-09-27 14:07:46,896 - INFO - Epoch 9, Step 306, Loss: 0.137616, LR: 0.000092, training_time_mins: 0.165947
2025-09-27 14:07:46,897 - INFO - Validation - Epoch 9, Loss: 0.137616, val_acc: 0.609541, val_pr_auc: 0.690646, val_roc_auc: 0.677505
2025-09-27 14:07:46,897 - INFO - Confusion matrix saved to logs/SHU-MI_Model-[6,6]-[mamba,attn]_0927_1406/confusion_matrix.txt
2025-09-27 14:07:54,921 - INFO - Epoch 10, Step 340, Loss: 0.094935, LR: 0.000091, training_time_mins: 0.165276
2025-09-27 14:07:54,922 - INFO - Validation - Epoch 10, Loss: 0.094935, val_acc: 0.618787, val_pr_auc: 0.678844, val_roc_auc: 0.677876
2025-09-27 14:07:54,922 - INFO - Confusion matrix saved to logs/SHU-MI_Model-[6,6]-[mamba,attn]_0927_1406/confusion_matrix.txt
2025-09-27 14:08:04,994 - INFO - Epoch 11, Step 374, Loss: 0.083085, LR: 0.000089, training_time_mins: 0.167840
2025-09-27 14:08:04,994 - INFO - Validation - Epoch 11, Loss: 0.083085, val_acc: 0.633117, val_pr_auc: 0.693752, val_roc_auc: 0.691331
2025-09-27 14:08:04,995 - INFO - Confusion matrix saved to logs/SHU-MI_Model-[6,6]-[mamba,attn]_0927_1406/confusion_matrix.txt
2025-09-27 14:08:15,084 - INFO - Epoch 12, Step 408, Loss: 0.059922, LR: 0.000087, training_time_mins: 0.168132
2025-09-27 14:08:15,085 - INFO - Validation - Epoch 12, Loss: 0.059922, val_acc: 0.607554, val_pr_auc: 0.689262, val_roc_auc: 0.672166
2025-09-27 14:08:15,086 - INFO - Confusion matrix saved to logs/SHU-MI_Model-[6,6]-[mamba,attn]_0927_1406/confusion_matrix.txt
2025-09-27 14:08:25,109 - INFO - Epoch 13, Step 442, Loss: 0.069763, LR: 0.000084, training_time_mins: 0.167036
2025-09-27 14:08:25,110 - INFO - Validation - Epoch 13, Loss: 0.069763, val_acc: 0.625250, val_pr_auc: 0.703397, val_roc_auc: 0.693067
2025-09-27 14:08:25,110 - INFO - Confusion matrix saved to logs/SHU-MI_Model-[6,6]-[mamba,attn]_0927_1406/confusion_matrix.txt
2025-09-27 14:08:33,390 - INFO - Epoch 14, Step 476, Loss: 0.067626, LR: 0.000082, training_time_mins: 0.168320
2025-09-27 14:08:33,390 - INFO - Validation - Epoch 14, Loss: 0.067626, val_acc: 0.609460, val_pr_auc: 0.694258, val_roc_auc: 0.673514
2025-09-27 14:08:33,391 - INFO - Confusion matrix saved to logs/SHU-MI_Model-[6,6]-[mamba,attn]_0927_1406/confusion_matrix.txt
2025-09-27 14:08:43,384 - INFO - Epoch 15, Step 510, Loss: 0.043850, LR: 0.000080, training_time_mins: 0.166523
2025-09-27 14:08:43,384 - INFO - Validation - Epoch 15, Loss: 0.043850, val_acc: 0.612440, val_pr_auc: 0.708275, val_roc_auc: 0.687609
2025-09-27 14:08:43,384 - INFO - Confusion matrix saved to logs/SHU-MI_Model-[6,6]-[mamba,attn]_0927_1406/confusion_matrix.txt
2025-09-27 14:08:53,470 - INFO - Epoch 16, Step 544, Loss: 0.051253, LR: 0.000077, training_time_mins: 0.168086
2025-09-27 14:08:53,471 - INFO - Validation - Epoch 16, Loss: 0.051253, val_acc: 0.627413, val_pr_auc: 0.718743, val_roc_auc: 0.692884
2025-09-27 14:08:53,471 - INFO - Confusion matrix saved to logs/SHU-MI_Model-[6,6]-[mamba,attn]_0927_1406/confusion_matrix.txt
2025-09-27 14:09:01,761 - INFO - Epoch 17, Step 578, Loss: 0.044047, LR: 0.000074, training_time_mins: 0.169076
2025-09-27 14:09:01,762 - INFO - Validation - Epoch 17, Loss: 0.044047, val_acc: 0.640837, val_pr_auc: 0.710924, val_roc_auc: 0.698634
2025-09-27 14:09:01,762 - INFO - Confusion matrix saved to logs/SHU-MI_Model-[6,6]-[mamba,attn]_0927_1406/confusion_matrix.txt
2025-09-27 14:09:11,921 - INFO - Epoch 18, Step 612, Loss: 0.030717, LR: 0.000072, training_time_mins: 0.169281
2025-09-27 14:09:11,921 - INFO - Validation - Epoch 18, Loss: 0.030717, val_acc: 0.632171, val_pr_auc: 0.726762, val_roc_auc: 0.705593
2025-09-27 14:09:11,922 - INFO - Confusion matrix saved to logs/SHU-MI_Model-[6,6]-[mamba,attn]_0927_1406/confusion_matrix.txt
2025-09-27 14:09:22,072 - INFO - Epoch 19, Step 646, Loss: 0.041328, LR: 0.000069, training_time_mins: 0.169154
2025-09-27 14:09:22,072 - INFO - Validation - Epoch 19, Loss: 0.041328, val_acc: 0.620314, val_pr_auc: 0.715660, val_roc_auc: 0.690109
2025-09-27 14:09:22,073 - INFO - Confusion matrix saved to logs/SHU-MI_Model-[6,6]-[mamba,attn]_0927_1406/confusion_matrix.txt
2025-09-27 14:09:30,299 - INFO - Epoch 20, Step 680, Loss: 0.034162, LR: 0.000066, training_time_mins: 0.168121
2025-09-27 14:09:30,300 - INFO - Validation - Epoch 20, Loss: 0.034162, val_acc: 0.618546, val_pr_auc: 0.720040, val_roc_auc: 0.696691
2025-09-27 14:09:30,300 - INFO - Confusion matrix saved to logs/SHU-MI_Model-[6,6]-[mamba,attn]_0927_1406/confusion_matrix.txt
2025-09-27 14:09:40,320 - INFO - Epoch 21, Step 714, Loss: 0.032046, LR: 0.000063, training_time_mins: 0.166963
2025-09-27 14:09:40,320 - INFO - Validation - Epoch 21, Loss: 0.032046, val_acc: 0.630753, val_pr_auc: 0.701656, val_roc_auc: 0.689920
2025-09-27 14:09:40,320 - INFO - Confusion matrix saved to logs/SHU-MI_Model-[6,6]-[mamba,attn]_0927_1406/confusion_matrix.txt
2025-09-27 14:09:50,328 - INFO - Epoch 22, Step 748, Loss: 0.026291, LR: 0.000060, training_time_mins: 0.166763
2025-09-27 14:09:50,328 - INFO - Validation - Epoch 22, Loss: 0.026291, val_acc: 0.623752, val_pr_auc: 0.697024, val_roc_auc: 0.680014
2025-09-27 14:09:50,328 - INFO - Confusion matrix saved to logs/SHU-MI_Model-[6,6]-[mamba,attn]_0927_1406/confusion_matrix.txt
2025-09-27 14:09:58,324 - INFO - Epoch 23, Step 782, Loss: 0.013309, LR: 0.000057, training_time_mins: 0.165062
2025-09-27 14:09:58,324 - INFO - Validation - Epoch 23, Loss: 0.013309, val_acc: 0.632693, val_pr_auc: 0.713708, val_roc_auc: 0.692970
2025-09-27 14:09:58,325 - INFO - Confusion matrix saved to logs/SHU-MI_Model-[6,6]-[mamba,attn]_0927_1406/confusion_matrix.txt
2025-09-27 14:10:08,393 - INFO - Epoch 24, Step 816, Loss: 0.020715, LR: 0.000054, training_time_mins: 0.167784
2025-09-27 14:10:08,393 - INFO - Validation - Epoch 24, Loss: 0.020715, val_acc: 0.617666, val_pr_auc: 0.703835, val_roc_auc: 0.682304
2025-09-27 14:10:08,393 - INFO - Confusion matrix saved to logs/SHU-MI_Model-[6,6]-[mamba,attn]_0927_1406/confusion_matrix.txt
2025-09-27 14:10:18,469 - INFO - Epoch 25, Step 850, Loss: 0.013736, LR: 0.000050, training_time_mins: 0.167909
2025-09-27 14:10:18,469 - INFO - Validation - Epoch 25, Loss: 0.013736, val_acc: 0.626092, val_pr_auc: 0.718019, val_roc_auc: 0.689761
2025-09-27 14:10:18,470 - INFO - Confusion matrix saved to logs/SHU-MI_Model-[6,6]-[mamba,attn]_0927_1406/confusion_matrix.txt
2025-09-27 14:10:26,697 - INFO - Epoch 26, Step 884, Loss: 0.013424, LR: 0.000047, training_time_mins: 0.167148
2025-09-27 14:10:26,698 - INFO - Validation - Epoch 26, Loss: 0.013424, val_acc: 0.622977, val_pr_auc: 0.690572, val_roc_auc: 0.670290
2025-09-27 14:10:26,698 - INFO - Confusion matrix saved to logs/SHU-MI_Model-[6,6]-[mamba,attn]_0927_1406/confusion_matrix.txt
2025-09-27 14:10:36,734 - INFO - Epoch 27, Step 918, Loss: 0.009086, LR: 0.000044, training_time_mins: 0.167256
2025-09-27 14:10:36,735 - INFO - Validation - Epoch 27, Loss: 0.009086, val_acc: 0.621023, val_pr_auc: 0.711561, val_roc_auc: 0.686007
2025-09-27 14:10:36,735 - INFO - Confusion matrix saved to logs/SHU-MI_Model-[6,6]-[mamba,attn]_0927_1406/confusion_matrix.txt
2025-09-27 14:10:46,700 - INFO - Epoch 28, Step 952, Loss: 0.007092, LR: 0.000041, training_time_mins: 0.166038
2025-09-27 14:10:46,700 - INFO - Validation - Epoch 28, Loss: 0.007092, val_acc: 0.631559, val_pr_auc: 0.707733, val_roc_auc: 0.687785
2025-09-27 14:10:46,701 - INFO - Confusion matrix saved to logs/SHU-MI_Model-[6,6]-[mamba,attn]_0927_1406/confusion_matrix.txt
2025-09-27 14:10:56,806 - INFO - Epoch 29, Step 986, Loss: 0.010829, LR: 0.000038, training_time_mins: 0.168400
2025-09-27 14:10:56,807 - INFO - Validation - Epoch 29, Loss: 0.010829, val_acc: 0.618180, val_pr_auc: 0.711794, val_roc_auc: 0.685773
2025-09-27 14:10:56,809 - INFO - Confusion matrix saved to logs/SHU-MI_Model-[6,6]-[mamba,attn]_0927_1406/confusion_matrix.txt
2025-09-27 14:11:04,977 - INFO - Epoch 30, Step 1020, Loss: 0.008787, LR: 0.000035, training_time_mins: 0.167016
2025-09-27 14:11:04,977 - INFO - Validation - Epoch 30, Loss: 0.008787, val_acc: 0.629826, val_pr_auc: 0.710015, val_roc_auc: 0.685970
2025-09-27 14:11:04,978 - INFO - Confusion matrix saved to logs/SHU-MI_Model-[6,6]-[mamba,attn]_0927_1406/confusion_matrix.txt
2025-09-27 14:11:15,047 - INFO - Epoch 31, Step 1054, Loss: 0.005043, LR: 0.000032, training_time_mins: 0.167780
2025-09-27 14:11:15,047 - INFO - Validation - Epoch 31, Loss: 0.005043, val_acc: 0.633065, val_pr_auc: 0.712838, val_roc_auc: 0.691137
2025-09-27 14:11:15,048 - INFO - Confusion matrix saved to logs/SHU-MI_Model-[6,6]-[mamba,attn]_0927_1406/confusion_matrix.txt
2025-09-27 14:11:25,138 - INFO - Epoch 32, Step 1088, Loss: 0.006584, LR: 0.000029, training_time_mins: 0.168149
2025-09-27 14:11:25,138 - INFO - Validation - Epoch 32, Loss: 0.006584, val_acc: 0.616952, val_pr_auc: 0.723331, val_roc_auc: 0.687948
2025-09-27 14:11:25,138 - INFO - Confusion matrix saved to logs/SHU-MI_Model-[6,6]-[mamba,attn]_0927_1406/confusion_matrix.txt
2025-09-27 14:11:33,208 - INFO - Epoch 33, Step 1122, Loss: 0.003833, LR: 0.000027, training_time_mins: 0.164888
2025-09-27 14:11:33,209 - INFO - Validation - Epoch 33, Loss: 0.003833, val_acc: 0.632823, val_pr_auc: 0.718691, val_roc_auc: 0.691712
2025-09-27 14:11:33,210 - INFO - Confusion matrix saved to logs/SHU-MI_Model-[6,6]-[mamba,attn]_0927_1406/confusion_matrix.txt
2025-09-27 14:11:43,189 - INFO - Epoch 34, Step 1156, Loss: 0.004731, LR: 0.000024, training_time_mins: 0.166303
2025-09-27 14:11:43,190 - INFO - Validation - Epoch 34, Loss: 0.004731, val_acc: 0.625269, val_pr_auc: 0.720898, val_roc_auc: 0.694237
2025-09-27 14:11:43,190 - INFO - Confusion matrix saved to logs/SHU-MI_Model-[6,6]-[mamba,attn]_0927_1406/confusion_matrix.txt
2025-09-27 14:11:53,188 - INFO - Epoch 35, Step 1190, Loss: 0.006315, LR: 0.000021, training_time_mins: 0.166596
2025-09-27 14:11:53,188 - INFO - Validation - Epoch 35, Loss: 0.006315, val_acc: 0.626132, val_pr_auc: 0.716117, val_roc_auc: 0.690482
2025-09-27 14:11:53,190 - INFO - Confusion matrix saved to logs/SHU-MI_Model-[6,6]-[mamba,attn]_0927_1406/confusion_matrix.txt
2025-09-27 14:12:01,180 - INFO - Epoch 36, Step 1224, Loss: 0.003364, LR: 0.000019, training_time_mins: 0.164405
2025-09-27 14:12:01,180 - INFO - Validation - Epoch 36, Loss: 0.003364, val_acc: 0.623121, val_pr_auc: 0.717529, val_roc_auc: 0.689450
2025-09-27 14:12:01,181 - INFO - Confusion matrix saved to logs/SHU-MI_Model-[6,6]-[mamba,attn]_0927_1406/confusion_matrix.txt
2025-09-27 14:12:11,200 - INFO - Epoch 37, Step 1258, Loss: 0.008298, LR: 0.000017, training_time_mins: 0.166959
2025-09-27 14:12:11,200 - INFO - Validation - Epoch 37, Loss: 0.008298, val_acc: 0.625722, val_pr_auc: 0.715925, val_roc_auc: 0.689636
2025-09-27 14:12:11,201 - INFO - Confusion matrix saved to logs/SHU-MI_Model-[6,6]-[mamba,attn]_0927_1406/confusion_matrix.txt
2025-09-27 14:12:21,296 - INFO - Epoch 38, Step 1292, Loss: 0.004573, LR: 0.000014, training_time_mins: 0.168227
2025-09-27 14:12:21,296 - INFO - Validation - Epoch 38, Loss: 0.004573, val_acc: 0.632347, val_pr_auc: 0.719206, val_roc_auc: 0.694458
2025-09-27 14:12:21,297 - INFO - Confusion matrix saved to logs/SHU-MI_Model-[6,6]-[mamba,attn]_0927_1406/confusion_matrix.txt
2025-09-27 14:12:29,591 - INFO - Epoch 39, Step 1326, Loss: 0.006573, LR: 0.000012, training_time_mins: 0.167582
2025-09-27 14:12:29,592 - INFO - Validation - Epoch 39, Loss: 0.006573, val_acc: 0.630649, val_pr_auc: 0.717616, val_roc_auc: 0.692186
2025-09-27 14:12:29,598 - INFO - Confusion matrix saved to logs/SHU-MI_Model-[6,6]-[mamba,attn]_0927_1406/confusion_matrix.txt
2025-09-27 14:12:39,568 - INFO - Epoch 40, Step 1360, Loss: 0.002700, LR: 0.000010, training_time_mins: 0.166128
2025-09-27 14:12:39,569 - INFO - Validation - Epoch 40, Loss: 0.002700, val_acc: 0.631472, val_pr_auc: 0.718499, val_roc_auc: 0.692520
2025-09-27 14:12:39,570 - INFO - Confusion matrix saved to logs/SHU-MI_Model-[6,6]-[mamba,attn]_0927_1406/confusion_matrix.txt
2025-09-27 14:12:49,722 - INFO - Epoch 41, Step 1394, Loss: 0.003927, LR: 0.000009, training_time_mins: 0.169171
2025-09-27 14:12:49,722 - INFO - Validation - Epoch 41, Loss: 0.003927, val_acc: 0.629788, val_pr_auc: 0.719009, val_roc_auc: 0.691408
2025-09-27 14:12:49,722 - INFO - Confusion matrix saved to logs/SHU-MI_Model-[6,6]-[mamba,attn]_0927_1406/confusion_matrix.txt
2025-09-27 14:12:59,753 - INFO - Epoch 42, Step 1428, Loss: 0.002656, LR: 0.000007, training_time_mins: 0.167148
2025-09-27 14:12:59,753 - INFO - Validation - Epoch 42, Loss: 0.002656, val_acc: 0.627301, val_pr_auc: 0.717931, val_roc_auc: 0.690876
2025-09-27 14:12:59,753 - INFO - Confusion matrix saved to logs/SHU-MI_Model-[6,6]-[mamba,attn]_0927_1406/confusion_matrix.txt
2025-09-27 14:13:07,917 - INFO - Epoch 43, Step 1462, Loss: 0.003110, LR: 0.000006, training_time_mins: 0.166324
2025-09-27 14:13:07,917 - INFO - Validation - Epoch 43, Loss: 0.003110, val_acc: 0.624414, val_pr_auc: 0.718444, val_roc_auc: 0.691559
2025-09-27 14:13:07,918 - INFO - Confusion matrix saved to logs/SHU-MI_Model-[6,6]-[mamba,attn]_0927_1406/confusion_matrix.txt
2025-09-27 14:13:18,032 - INFO - Epoch 44, Step 1496, Loss: 0.002401, LR: 0.000004, training_time_mins: 0.168548
2025-09-27 14:13:18,033 - INFO - Validation - Epoch 44, Loss: 0.002401, val_acc: 0.624416, val_pr_auc: 0.718687, val_roc_auc: 0.691944
2025-09-27 14:13:18,034 - INFO - Confusion matrix saved to logs/SHU-MI_Model-[6,6]-[mamba,attn]_0927_1406/confusion_matrix.txt
2025-09-27 14:13:28,065 - INFO - Epoch 45, Step 1530, Loss: 0.002740, LR: 0.000003, training_time_mins: 0.167144
2025-09-27 14:13:28,065 - INFO - Validation - Epoch 45, Loss: 0.002740, val_acc: 0.625656, val_pr_auc: 0.717953, val_roc_auc: 0.691817
2025-09-27 14:13:28,066 - INFO - Confusion matrix saved to logs/SHU-MI_Model-[6,6]-[mamba,attn]_0927_1406/confusion_matrix.txt
2025-09-27 14:13:36,215 - INFO - Epoch 46, Step 1564, Loss: 0.004336, LR: 0.000003, training_time_mins: 0.166013
2025-09-27 14:13:36,216 - INFO - Validation - Epoch 46, Loss: 0.004336, val_acc: 0.626905, val_pr_auc: 0.717676, val_roc_auc: 0.691920
2025-09-27 14:13:36,216 - INFO - Confusion matrix saved to logs/SHU-MI_Model-[6,6]-[mamba,attn]_0927_1406/confusion_matrix.txt
2025-09-27 14:13:46,291 - INFO - Epoch 47, Step 1598, Loss: 0.002442, LR: 0.000002, training_time_mins: 0.167913
2025-09-27 14:13:46,292 - INFO - Validation - Epoch 47, Loss: 0.002442, val_acc: 0.630210, val_pr_auc: 0.716804, val_roc_auc: 0.691765
2025-09-27 14:13:46,292 - INFO - Confusion matrix saved to logs/SHU-MI_Model-[6,6]-[mamba,attn]_0927_1406/confusion_matrix.txt
2025-09-27 14:13:56,312 - INFO - Epoch 48, Step 1632, Loss: 0.002223, LR: 0.000001, training_time_mins: 0.166978
2025-09-27 14:13:56,312 - INFO - Validation - Epoch 48, Loss: 0.002223, val_acc: 0.630210, val_pr_auc: 0.717084, val_roc_auc: 0.691773
2025-09-27 14:13:56,314 - INFO - Confusion matrix saved to logs/SHU-MI_Model-[6,6]-[mamba,attn]_0927_1406/confusion_matrix.txt
2025-09-27 14:14:04,347 - INFO - Epoch 49, Step 1666, Loss: 0.002751, LR: 0.000001, training_time_mins: 0.164593
2025-09-27 14:14:04,347 - INFO - Validation - Epoch 49, Loss: 0.002751, val_acc: 0.629385, val_pr_auc: 0.717340, val_roc_auc: 0.691702
2025-09-27 14:14:04,348 - INFO - Confusion matrix saved to logs/SHU-MI_Model-[6,6]-[mamba,attn]_0927_1406/confusion_matrix.txt
2025-09-27 14:14:14,572 - INFO - Epoch 50, Step 1700, Loss: 0.003076, LR: 0.000001, training_time_mins: 0.170379
2025-09-27 14:14:14,572 - INFO - Validation - Epoch 50, Loss: 0.003076, val_acc: 0.629388, val_pr_auc: 0.717310, val_roc_auc: 0.691670
2025-09-27 14:14:14,573 - INFO - Confusion matrix saved to logs/SHU-MI_Model-[6,6]-[mamba,attn]_0927_1406/confusion_matrix.txt
2025-09-27 14:14:18,611 - INFO - Final Test Results:
2025-09-27 14:14:18,611 - INFO - Test Accuracy: 0.58155
2025-09-27 14:14:18,611 - INFO - Test PR AUC: 0.66786
2025-09-27 14:14:18,611 - INFO - Test ROC AUC: 0.67611
2025-09-27 14:14:18,612 - INFO - Confusion matrix saved to logs/SHU-MI_Model-[6,6]-[mamba,attn]_0927_1406/confusion_matrix.txt
2025-09-27 14:14:19,817 - INFO - Experiment completed and logged successfully
