2025-09-27 15:38:58,131 - INFO - Experiment config saved to logs/SHU-MI_Model-[12,12]-[mamba,attn]_0927_1538/config.json
2025-09-27 15:40:09,128 - INFO - Epoch 1, Step 34, Loss: 5.237658, LR: 0.000100, training_time_mins: 1.277442
2025-09-27 15:40:09,130 - INFO - Validation - Epoch 1, Loss: 5.237658, val_acc: 0.511145, val_pr_auc: 0.574764, val_roc_auc: 0.542932
2025-09-27 15:40:09,133 - INFO - Confusion matrix saved to logs/SHU-MI_Model-[12,12]-[mamba,attn]_0927_1538/confusion_matrix.txt
2025-09-27 15:40:18,019 - INFO - Best model saved to logs/SHU-MI_Model-[12,12]-[mamba,attn]_0927_1538/best_model.pth
2025-09-27 15:40:18,020 - INFO - Checkpoint saved to logs/SHU-MI_Model-[12,12]-[mamba,attn]_0927_1538/latest_checkpoint.pth
2025-09-27 15:41:25,571 - INFO - Epoch 2, Step 68, Loss: 0.759266, LR: 0.000100, training_time_mins: 1.188987
2025-09-27 15:41:25,572 - INFO - Validation - Epoch 2, Loss: 0.759266, val_acc: 0.629396, val_pr_auc: 0.734745, val_roc_auc: 0.700692
2025-09-27 15:41:25,573 - INFO - Confusion matrix saved to logs/SHU-MI_Model-[12,12]-[mamba,attn]_0927_1538/confusion_matrix.txt
2025-09-27 15:41:27,477 - INFO - Best model saved to logs/SHU-MI_Model-[12,12]-[mamba,attn]_0927_1538/best_model.pth
2025-09-27 15:41:27,477 - INFO - Checkpoint saved to logs/SHU-MI_Model-[12,12]-[mamba,attn]_0927_1538/latest_checkpoint.pth
2025-09-27 15:42:34,232 - INFO - Epoch 3, Step 102, Loss: 0.695942, LR: 0.000099, training_time_mins: 1.177893
2025-09-27 15:42:34,232 - INFO - Validation - Epoch 3, Loss: 0.695942, val_acc: 0.639092, val_pr_auc: 0.728606, val_roc_auc: 0.697904
2025-09-27 15:42:34,232 - INFO - Confusion matrix saved to logs/SHU-MI_Model-[12,12]-[mamba,attn]_0927_1538/confusion_matrix.txt
2025-09-27 15:43:39,387 - INFO - Epoch 4, Step 136, Loss: 0.647542, LR: 0.000098, training_time_mins: 1.180723
2025-09-27 15:43:39,387 - INFO - Validation - Epoch 4, Loss: 0.647542, val_acc: 0.645604, val_pr_auc: 0.719547, val_roc_auc: 0.686875
2025-09-27 15:43:39,388 - INFO - Confusion matrix saved to logs/SHU-MI_Model-[12,12]-[mamba,attn]_0927_1538/confusion_matrix.txt
2025-09-27 15:44:46,259 - INFO - Epoch 5, Step 170, Loss: 0.590409, LR: 0.000098, training_time_mins: 1.176434
2025-09-27 15:44:46,260 - INFO - Validation - Epoch 5, Loss: 0.590409, val_acc: 0.637278, val_pr_auc: 0.705268, val_roc_auc: 0.694070
2025-09-27 15:44:46,266 - INFO - Confusion matrix saved to logs/SHU-MI_Model-[12,12]-[mamba,attn]_0927_1538/confusion_matrix.txt
2025-09-27 15:45:52,949 - INFO - Epoch 6, Step 204, Loss: 0.495623, LR: 0.000097, training_time_mins: 1.175260
2025-09-27 15:45:52,949 - INFO - Validation - Epoch 6, Loss: 0.495623, val_acc: 0.635950, val_pr_auc: 0.702825, val_roc_auc: 0.685105
2025-09-27 15:45:52,950 - INFO - Confusion matrix saved to logs/SHU-MI_Model-[12,12]-[mamba,attn]_0927_1538/confusion_matrix.txt
2025-09-27 15:46:59,481 - INFO - Epoch 7, Step 238, Loss: 0.417595, LR: 0.000095, training_time_mins: 1.176030
2025-09-27 15:46:59,482 - INFO - Validation - Epoch 7, Loss: 0.417595, val_acc: 0.642930, val_pr_auc: 0.708330, val_roc_auc: 0.700887
2025-09-27 15:46:59,486 - INFO - Confusion matrix saved to logs/SHU-MI_Model-[12,12]-[mamba,attn]_0927_1538/confusion_matrix.txt
2025-09-27 15:47:01,430 - INFO - Best model saved to logs/SHU-MI_Model-[12,12]-[mamba,attn]_0927_1538/best_model.pth
2025-09-27 15:47:01,430 - INFO - Checkpoint saved to logs/SHU-MI_Model-[12,12]-[mamba,attn]_0927_1538/latest_checkpoint.pth
2025-09-27 15:48:08,567 - INFO - Epoch 8, Step 272, Loss: 0.371294, LR: 0.000094, training_time_mins: 1.186363
2025-09-27 15:48:08,567 - INFO - Validation - Epoch 8, Loss: 0.371294, val_acc: 0.623169, val_pr_auc: 0.694367, val_roc_auc: 0.689683
2025-09-27 15:48:08,567 - INFO - Confusion matrix saved to logs/SHU-MI_Model-[12,12]-[mamba,attn]_0927_1538/confusion_matrix.txt
2025-09-27 15:49:13,043 - INFO - Epoch 9, Step 306, Loss: 0.294079, LR: 0.000092, training_time_mins: 1.175059
2025-09-27 15:49:13,043 - INFO - Validation - Epoch 9, Loss: 0.294079, val_acc: 0.623164, val_pr_auc: 0.701558, val_roc_auc: 0.681586
2025-09-27 15:49:13,044 - INFO - Confusion matrix saved to logs/SHU-MI_Model-[12,12]-[mamba,attn]_0927_1538/confusion_matrix.txt
2025-09-27 15:50:19,513 - INFO - Epoch 10, Step 340, Loss: 0.207243, LR: 0.000091, training_time_mins: 1.175420
2025-09-27 15:50:19,513 - INFO - Validation - Epoch 10, Loss: 0.207243, val_acc: 0.629224, val_pr_auc: 0.725143, val_roc_auc: 0.699706
2025-09-27 15:50:19,514 - INFO - Confusion matrix saved to logs/SHU-MI_Model-[12,12]-[mamba,attn]_0927_1538/confusion_matrix.txt
2025-09-27 15:51:26,509 - INFO - Epoch 11, Step 374, Loss: 0.170241, LR: 0.000089, training_time_mins: 1.180793
2025-09-27 15:51:26,509 - INFO - Validation - Epoch 11, Loss: 0.170241, val_acc: 0.636249, val_pr_auc: 0.685084, val_roc_auc: 0.696584
2025-09-27 15:51:26,510 - INFO - Confusion matrix saved to logs/SHU-MI_Model-[12,12]-[mamba,attn]_0927_1538/confusion_matrix.txt
2025-09-27 15:52:33,487 - INFO - Epoch 12, Step 408, Loss: 0.162392, LR: 0.000087, training_time_mins: 1.181049
2025-09-27 15:52:33,487 - INFO - Validation - Epoch 12, Loss: 0.162392, val_acc: 0.632280, val_pr_auc: 0.700798, val_roc_auc: 0.682335
2025-09-27 15:52:33,488 - INFO - Confusion matrix saved to logs/SHU-MI_Model-[12,12]-[mamba,attn]_0927_1538/confusion_matrix.txt
2025-09-27 15:53:40,219 - INFO - Epoch 13, Step 442, Loss: 0.107226, LR: 0.000084, training_time_mins: 1.178176
2025-09-27 15:53:40,220 - INFO - Validation - Epoch 13, Loss: 0.107226, val_acc: 0.633990, val_pr_auc: 0.674627, val_roc_auc: 0.675834
2025-09-27 15:53:40,220 - INFO - Confusion matrix saved to logs/SHU-MI_Model-[12,12]-[mamba,attn]_0927_1538/confusion_matrix.txt
2025-09-27 15:54:46,838 - INFO - Epoch 14, Step 476, Loss: 0.097435, LR: 0.000082, training_time_mins: 1.177894
2025-09-27 15:54:46,838 - INFO - Validation - Epoch 14, Loss: 0.097435, val_acc: 0.628586, val_pr_auc: 0.698311, val_roc_auc: 0.681303
2025-09-27 15:54:46,839 - INFO - Confusion matrix saved to logs/SHU-MI_Model-[12,12]-[mamba,attn]_0927_1538/confusion_matrix.txt
2025-09-27 15:55:51,481 - INFO - Epoch 15, Step 510, Loss: 0.096613, LR: 0.000080, training_time_mins: 1.181310
2025-09-27 15:55:51,482 - INFO - Validation - Epoch 15, Loss: 0.096613, val_acc: 0.608832, val_pr_auc: 0.697126, val_roc_auc: 0.674205
2025-09-27 15:55:51,484 - INFO - Confusion matrix saved to logs/SHU-MI_Model-[12,12]-[mamba,attn]_0927_1538/confusion_matrix.txt
2025-09-27 15:56:58,006 - INFO - Epoch 16, Step 544, Loss: 0.073731, LR: 0.000077, training_time_mins: 1.176019
2025-09-27 15:56:58,006 - INFO - Validation - Epoch 16, Loss: 0.073731, val_acc: 0.610233, val_pr_auc: 0.681937, val_roc_auc: 0.668056
2025-09-27 15:56:58,007 - INFO - Confusion matrix saved to logs/SHU-MI_Model-[12,12]-[mamba,attn]_0927_1538/confusion_matrix.txt
2025-09-27 15:58:04,812 - INFO - Epoch 17, Step 578, Loss: 0.077926, LR: 0.000074, training_time_mins: 1.181246
2025-09-27 15:58:04,813 - INFO - Validation - Epoch 17, Loss: 0.077926, val_acc: 0.628944, val_pr_auc: 0.702838, val_roc_auc: 0.689862
2025-09-27 15:58:04,813 - INFO - Confusion matrix saved to logs/SHU-MI_Model-[12,12]-[mamba,attn]_0927_1538/confusion_matrix.txt
2025-09-27 15:59:11,242 - INFO - Epoch 18, Step 612, Loss: 0.064373, LR: 0.000072, training_time_mins: 1.174802
2025-09-27 15:59:11,242 - INFO - Validation - Epoch 18, Loss: 0.064373, val_acc: 0.626747, val_pr_auc: 0.709888, val_roc_auc: 0.689912
2025-09-27 15:59:11,243 - INFO - Confusion matrix saved to logs/SHU-MI_Model-[12,12]-[mamba,attn]_0927_1538/confusion_matrix.txt
2025-09-27 16:00:18,157 - INFO - Epoch 19, Step 646, Loss: 0.064798, LR: 0.000069, training_time_mins: 1.183972
2025-09-27 16:00:18,157 - INFO - Validation - Epoch 19, Loss: 0.064798, val_acc: 0.628679, val_pr_auc: 0.699528, val_roc_auc: 0.688700
2025-09-27 16:00:18,158 - INFO - Confusion matrix saved to logs/SHU-MI_Model-[12,12]-[mamba,attn]_0927_1538/confusion_matrix.txt
2025-09-27 16:01:22,663 - INFO - Epoch 20, Step 680, Loss: 0.068699, LR: 0.000066, training_time_mins: 1.182399
2025-09-27 16:01:22,664 - INFO - Validation - Epoch 20, Loss: 0.068699, val_acc: 0.634734, val_pr_auc: 0.715578, val_roc_auc: 0.695495
2025-09-27 16:01:22,665 - INFO - Confusion matrix saved to logs/SHU-MI_Model-[12,12]-[mamba,attn]_0927_1538/confusion_matrix.txt
2025-09-27 16:02:29,177 - INFO - Epoch 21, Step 714, Loss: 0.045122, LR: 0.000063, training_time_mins: 1.181622
2025-09-27 16:02:29,177 - INFO - Validation - Epoch 21, Loss: 0.045122, val_acc: 0.628359, val_pr_auc: 0.712304, val_roc_auc: 0.694907
2025-09-27 16:02:29,178 - INFO - Confusion matrix saved to logs/SHU-MI_Model-[12,12]-[mamba,attn]_0927_1538/confusion_matrix.txt
2025-09-27 16:03:36,056 - INFO - Epoch 22, Step 748, Loss: 0.042660, LR: 0.000060, training_time_mins: 1.181394
2025-09-27 16:03:36,056 - INFO - Validation - Epoch 22, Loss: 0.042660, val_acc: 0.644178, val_pr_auc: 0.716213, val_roc_auc: 0.698529
2025-09-27 16:03:36,057 - INFO - Confusion matrix saved to logs/SHU-MI_Model-[12,12]-[mamba,attn]_0927_1538/confusion_matrix.txt
2025-09-27 16:04:43,969 - INFO - Epoch 23, Step 782, Loss: 0.026973, LR: 0.000057, training_time_mins: 1.204733
2025-09-27 16:04:43,969 - INFO - Validation - Epoch 23, Loss: 0.026973, val_acc: 0.637980, val_pr_auc: 0.710310, val_roc_auc: 0.691459
2025-09-27 16:04:43,969 - INFO - Confusion matrix saved to logs/SHU-MI_Model-[12,12]-[mamba,attn]_0927_1538/confusion_matrix.txt
2025-09-27 16:05:50,837 - INFO - Epoch 24, Step 816, Loss: 0.037576, LR: 0.000054, training_time_mins: 1.181433
2025-09-27 16:05:50,837 - INFO - Validation - Epoch 24, Loss: 0.037576, val_acc: 0.616959, val_pr_auc: 0.707600, val_roc_auc: 0.680533
2025-09-27 16:05:50,838 - INFO - Confusion matrix saved to logs/SHU-MI_Model-[12,12]-[mamba,attn]_0927_1538/confusion_matrix.txt
2025-09-27 16:06:57,349 - INFO - Epoch 25, Step 850, Loss: 0.024542, LR: 0.000050, training_time_mins: 1.179567
2025-09-27 16:06:57,349 - INFO - Validation - Epoch 25, Loss: 0.024542, val_acc: 0.622372, val_pr_auc: 0.710868, val_roc_auc: 0.689912
2025-09-27 16:06:57,349 - INFO - Confusion matrix saved to logs/SHU-MI_Model-[12,12]-[mamba,attn]_0927_1538/confusion_matrix.txt
2025-09-27 16:08:01,863 - INFO - Epoch 26, Step 884, Loss: 0.022778, LR: 0.000047, training_time_mins: 1.179988
2025-09-27 16:08:01,864 - INFO - Validation - Epoch 26, Loss: 0.022778, val_acc: 0.629803, val_pr_auc: 0.711152, val_roc_auc: 0.695395
2025-09-27 16:08:01,864 - INFO - Confusion matrix saved to logs/SHU-MI_Model-[12,12]-[mamba,attn]_0927_1538/confusion_matrix.txt
2025-09-27 16:09:08,384 - INFO - Epoch 27, Step 918, Loss: 0.013134, LR: 0.000044, training_time_mins: 1.177720
2025-09-27 16:09:08,384 - INFO - Validation - Epoch 27, Loss: 0.013134, val_acc: 0.631797, val_pr_auc: 0.696523, val_roc_auc: 0.682551
2025-09-27 16:09:08,385 - INFO - Confusion matrix saved to logs/SHU-MI_Model-[12,12]-[mamba,attn]_0927_1538/confusion_matrix.txt
2025-09-27 16:10:14,927 - INFO - Epoch 28, Step 952, Loss: 0.012762, LR: 0.000041, training_time_mins: 1.176387
2025-09-27 16:10:14,928 - INFO - Validation - Epoch 28, Loss: 0.012762, val_acc: 0.623600, val_pr_auc: 0.702730, val_roc_auc: 0.684711
2025-09-27 16:10:14,929 - INFO - Confusion matrix saved to logs/SHU-MI_Model-[12,12]-[mamba,attn]_0927_1538/confusion_matrix.txt
2025-09-27 16:11:21,660 - INFO - Epoch 29, Step 986, Loss: 0.023737, LR: 0.000038, training_time_mins: 1.182897
2025-09-27 16:11:21,660 - INFO - Validation - Epoch 29, Loss: 0.023737, val_acc: 0.624468, val_pr_auc: 0.702902, val_roc_auc: 0.683825
2025-09-27 16:11:21,661 - INFO - Confusion matrix saved to logs/SHU-MI_Model-[12,12]-[mamba,attn]_0927_1538/confusion_matrix.txt
2025-09-27 16:12:28,522 - INFO - Epoch 30, Step 1020, Loss: 0.013767, LR: 0.000035, training_time_mins: 1.192973
2025-09-27 16:12:28,523 - INFO - Validation - Epoch 30, Loss: 0.013767, val_acc: 0.619117, val_pr_auc: 0.702829, val_roc_auc: 0.683183
2025-09-27 16:12:28,524 - INFO - Confusion matrix saved to logs/SHU-MI_Model-[12,12]-[mamba,attn]_0927_1538/confusion_matrix.txt
2025-09-27 16:13:32,777 - INFO - Epoch 31, Step 1054, Loss: 0.010312, LR: 0.000032, training_time_mins: 1.181141
2025-09-27 16:13:32,777 - INFO - Validation - Epoch 31, Loss: 0.010312, val_acc: 0.619065, val_pr_auc: 0.699088, val_roc_auc: 0.677274
2025-09-27 16:13:32,778 - INFO - Confusion matrix saved to logs/SHU-MI_Model-[12,12]-[mamba,attn]_0927_1538/confusion_matrix.txt
2025-09-27 16:14:39,388 - INFO - Epoch 32, Step 1088, Loss: 0.007429, LR: 0.000029, training_time_mins: 1.180955
2025-09-27 16:14:39,388 - INFO - Validation - Epoch 32, Loss: 0.007429, val_acc: 0.621004, val_pr_auc: 0.701611, val_roc_auc: 0.679912
2025-09-27 16:14:39,389 - INFO - Confusion matrix saved to logs/SHU-MI_Model-[12,12]-[mamba,attn]_0927_1538/confusion_matrix.txt
2025-09-27 16:15:45,963 - INFO - Epoch 33, Step 1122, Loss: 0.010541, LR: 0.000027, training_time_mins: 1.183778
2025-09-27 16:15:45,963 - INFO - Validation - Epoch 33, Loss: 0.010541, val_acc: 0.623539, val_pr_auc: 0.711134, val_roc_auc: 0.688707
2025-09-27 16:15:45,963 - INFO - Confusion matrix saved to logs/SHU-MI_Model-[12,12]-[mamba,attn]_0927_1538/confusion_matrix.txt
2025-09-27 16:16:52,600 - INFO - Epoch 34, Step 1156, Loss: 0.006576, LR: 0.000024, training_time_mins: 1.190052
2025-09-27 16:16:52,600 - INFO - Validation - Epoch 34, Loss: 0.006576, val_acc: 0.625594, val_pr_auc: 0.714429, val_roc_auc: 0.691052
2025-09-27 16:16:52,601 - INFO - Confusion matrix saved to logs/SHU-MI_Model-[12,12]-[mamba,attn]_0927_1538/confusion_matrix.txt
2025-09-27 16:17:59,313 - INFO - Epoch 35, Step 1190, Loss: 0.003604, LR: 0.000021, training_time_mins: 1.185387
2025-09-27 16:17:59,313 - INFO - Validation - Epoch 35, Loss: 0.003604, val_acc: 0.626408, val_pr_auc: 0.716845, val_roc_auc: 0.695819
2025-09-27 16:17:59,313 - INFO - Confusion matrix saved to logs/SHU-MI_Model-[12,12]-[mamba,attn]_0927_1538/confusion_matrix.txt
2025-09-27 16:19:03,803 - INFO - Epoch 36, Step 1224, Loss: 0.005025, LR: 0.000019, training_time_mins: 1.187167
2025-09-27 16:19:03,803 - INFO - Validation - Epoch 36, Loss: 0.005025, val_acc: 0.619866, val_pr_auc: 0.713954, val_roc_auc: 0.692197
2025-09-27 16:19:03,806 - INFO - Confusion matrix saved to logs/SHU-MI_Model-[12,12]-[mamba,attn]_0927_1538/confusion_matrix.txt
2025-09-27 16:20:10,598 - INFO - Epoch 37, Step 1258, Loss: 0.003938, LR: 0.000017, training_time_mins: 1.188547
2025-09-27 16:20:10,598 - INFO - Validation - Epoch 37, Loss: 0.003938, val_acc: 0.619878, val_pr_auc: 0.711395, val_roc_auc: 0.690000
2025-09-27 16:20:10,598 - INFO - Confusion matrix saved to logs/SHU-MI_Model-[12,12]-[mamba,attn]_0927_1538/confusion_matrix.txt
2025-09-27 16:21:17,390 - INFO - Epoch 38, Step 1292, Loss: 0.004882, LR: 0.000014, training_time_mins: 1.189101
2025-09-27 16:21:17,391 - INFO - Validation - Epoch 38, Loss: 0.004882, val_acc: 0.622778, val_pr_auc: 0.716164, val_roc_auc: 0.693631
2025-09-27 16:21:17,391 - INFO - Confusion matrix saved to logs/SHU-MI_Model-[12,12]-[mamba,attn]_0927_1538/confusion_matrix.txt
2025-09-27 16:22:23,920 - INFO - Epoch 39, Step 1326, Loss: 0.004697, LR: 0.000012, training_time_mins: 1.190158
2025-09-27 16:22:23,921 - INFO - Validation - Epoch 39, Loss: 0.004697, val_acc: 0.627325, val_pr_auc: 0.714689, val_roc_auc: 0.692950
2025-09-27 16:22:23,921 - INFO - Confusion matrix saved to logs/SHU-MI_Model-[12,12]-[mamba,attn]_0927_1538/confusion_matrix.txt
2025-09-27 16:23:30,625 - INFO - Epoch 40, Step 1360, Loss: 0.004686, LR: 0.000010, training_time_mins: 1.192117
2025-09-27 16:23:30,626 - INFO - Validation - Epoch 40, Loss: 0.004686, val_acc: 0.625295, val_pr_auc: 0.714252, val_roc_auc: 0.691648
2025-09-27 16:23:30,626 - INFO - Confusion matrix saved to logs/SHU-MI_Model-[12,12]-[mamba,attn]_0927_1538/confusion_matrix.txt
2025-09-27 16:24:37,447 - INFO - Epoch 41, Step 1394, Loss: 0.003741, LR: 0.000009, training_time_mins: 1.190313
2025-09-27 16:24:37,447 - INFO - Validation - Epoch 41, Loss: 0.003741, val_acc: 0.622801, val_pr_auc: 0.715297, val_roc_auc: 0.691422
2025-09-27 16:24:37,448 - INFO - Confusion matrix saved to logs/SHU-MI_Model-[12,12]-[mamba,attn]_0927_1538/confusion_matrix.txt
2025-09-27 16:25:41,824 - INFO - Epoch 42, Step 1428, Loss: 0.001978, LR: 0.000007, training_time_mins: 1.195591
2025-09-27 16:25:41,824 - INFO - Validation - Epoch 42, Loss: 0.001978, val_acc: 0.619069, val_pr_auc: 0.712252, val_roc_auc: 0.688925
2025-09-27 16:25:41,824 - INFO - Confusion matrix saved to logs/SHU-MI_Model-[12,12]-[mamba,attn]_0927_1538/confusion_matrix.txt
2025-09-27 16:26:48,657 - INFO - Epoch 43, Step 1462, Loss: 0.003988, LR: 0.000006, training_time_mins: 1.192180
2025-09-27 16:26:48,657 - INFO - Validation - Epoch 43, Loss: 0.003988, val_acc: 0.619065, val_pr_auc: 0.711231, val_roc_auc: 0.688227
2025-09-27 16:26:48,658 - INFO - Confusion matrix saved to logs/SHU-MI_Model-[12,12]-[mamba,attn]_0927_1538/confusion_matrix.txt
2025-09-27 16:27:55,547 - INFO - Epoch 44, Step 1496, Loss: 0.006125, LR: 0.000004, training_time_mins: 1.196949
2025-09-27 16:27:55,547 - INFO - Validation - Epoch 44, Loss: 0.006125, val_acc: 0.617834, val_pr_auc: 0.712341, val_roc_auc: 0.689409
2025-09-27 16:27:55,547 - INFO - Confusion matrix saved to logs/SHU-MI_Model-[12,12]-[mamba,attn]_0927_1538/confusion_matrix.txt
2025-09-27 16:29:04,284 - INFO - Epoch 45, Step 1530, Loss: 0.001986, LR: 0.000003, training_time_mins: 1.227855
2025-09-27 16:29:04,284 - INFO - Validation - Epoch 45, Loss: 0.001986, val_acc: 0.617419, val_pr_auc: 0.713084, val_roc_auc: 0.689578
2025-09-27 16:29:04,285 - INFO - Confusion matrix saved to logs/SHU-MI_Model-[12,12]-[mamba,attn]_0927_1538/confusion_matrix.txt
2025-09-27 16:30:11,956 - INFO - Epoch 46, Step 1564, Loss: 0.004455, LR: 0.000003, training_time_mins: 1.250133
2025-09-27 16:30:11,957 - INFO - Validation - Epoch 46, Loss: 0.004455, val_acc: 0.616601, val_pr_auc: 0.712654, val_roc_auc: 0.689555
2025-09-27 16:30:11,958 - INFO - Confusion matrix saved to logs/SHU-MI_Model-[12,12]-[mamba,attn]_0927_1538/confusion_matrix.txt
2025-09-27 16:31:19,546 - INFO - Epoch 47, Step 1598, Loss: 0.003405, LR: 0.000002, training_time_mins: 1.208555
2025-09-27 16:31:19,546 - INFO - Validation - Epoch 47, Loss: 0.003405, val_acc: 0.617424, val_pr_auc: 0.713185, val_roc_auc: 0.689886
2025-09-27 16:31:19,547 - INFO - Confusion matrix saved to logs/SHU-MI_Model-[12,12]-[mamba,attn]_0927_1538/confusion_matrix.txt
2025-09-27 16:32:26,935 - INFO - Epoch 48, Step 1632, Loss: 0.002993, LR: 0.000001, training_time_mins: 1.207146
2025-09-27 16:32:26,935 - INFO - Validation - Epoch 48, Loss: 0.002993, val_acc: 0.616604, val_pr_auc: 0.712765, val_roc_auc: 0.689511
2025-09-27 16:32:26,936 - INFO - Confusion matrix saved to logs/SHU-MI_Model-[12,12]-[mamba,attn]_0927_1538/confusion_matrix.txt
2025-09-27 16:33:34,301 - INFO - Epoch 49, Step 1666, Loss: 0.003301, LR: 0.000001, training_time_mins: 1.205976
2025-09-27 16:33:34,302 - INFO - Validation - Epoch 49, Loss: 0.003301, val_acc: 0.617011, val_pr_auc: 0.712608, val_roc_auc: 0.689614
2025-09-27 16:33:34,307 - INFO - Confusion matrix saved to logs/SHU-MI_Model-[12,12]-[mamba,attn]_0927_1538/confusion_matrix.txt
2025-09-27 16:34:39,396 - INFO - Epoch 50, Step 1700, Loss: 0.004899, LR: 0.000001, training_time_mins: 1.209578
2025-09-27 16:34:39,397 - INFO - Validation - Epoch 50, Loss: 0.004899, val_acc: 0.617011, val_pr_auc: 0.712852, val_roc_auc: 0.689734
2025-09-27 16:34:39,397 - INFO - Confusion matrix saved to logs/SHU-MI_Model-[12,12]-[mamba,attn]_0927_1538/confusion_matrix.txt
2025-09-27 16:34:45,946 - INFO - Final Test Results:
2025-09-27 16:34:45,946 - INFO - Test Accuracy: 0.60447
2025-09-27 16:34:45,946 - INFO - Test PR AUC: 0.63600
2025-09-27 16:34:45,946 - INFO - Test ROC AUC: 0.65334
2025-09-27 16:34:45,947 - INFO - Confusion matrix saved to logs/SHU-MI_Model-[12,12]-[mamba,attn]_0927_1538/confusion_matrix.txt
2025-09-27 16:34:47,583 - INFO - Experiment completed and logged successfully
