2025-09-27 14:19:21,591 - INFO - Experiment config saved to logs/SHU-MI_Model-[3,9]-[mamba,attn]_0927_1419/config.json
2025-09-27 14:19:34,708 - INFO - Epoch 1, Step 34, Loss: 1.814847, LR: 0.000100, training_time_mins: 0.217656
2025-09-27 14:19:34,708 - INFO - Validation - Epoch 1, Loss: 1.814847, val_acc: 0.524871, val_pr_auc: 0.596844, val_roc_auc: 0.586540
2025-09-27 14:19:34,709 - INFO - Confusion matrix saved to logs/SHU-MI_Model-[3,9]-[mamba,attn]_0927_1419/confusion_matrix.txt
2025-09-27 14:19:39,271 - INFO - Best model saved to logs/SHU-MI_Model-[3,9]-[mamba,attn]_0927_1419/best_model.pth
2025-09-27 14:19:39,272 - INFO - Checkpoint saved to logs/SHU-MI_Model-[3,9]-[mamba,attn]_0927_1419/latest_checkpoint.pth
2025-09-27 14:19:49,394 - INFO - Epoch 2, Step 68, Loss: 0.742788, LR: 0.000100, training_time_mins: 0.168685
2025-09-27 14:19:49,394 - INFO - Validation - Epoch 2, Loss: 0.742788, val_acc: 0.645794, val_pr_auc: 0.706875, val_roc_auc: 0.659869
2025-09-27 14:19:49,394 - INFO - Confusion matrix saved to logs/SHU-MI_Model-[3,9]-[mamba,attn]_0927_1419/confusion_matrix.txt
2025-09-27 14:19:50,928 - INFO - Best model saved to logs/SHU-MI_Model-[3,9]-[mamba,attn]_0927_1419/best_model.pth
2025-09-27 14:19:50,928 - INFO - Checkpoint saved to logs/SHU-MI_Model-[3,9]-[mamba,attn]_0927_1419/latest_checkpoint.pth
2025-09-27 14:20:00,889 - INFO - Epoch 3, Step 102, Loss: 0.663337, LR: 0.000099, training_time_mins: 0.166000
2025-09-27 14:20:00,890 - INFO - Validation - Epoch 3, Loss: 0.663337, val_acc: 0.621874, val_pr_auc: 0.731840, val_roc_auc: 0.699661
2025-09-27 14:20:00,890 - INFO - Confusion matrix saved to logs/SHU-MI_Model-[3,9]-[mamba,attn]_0927_1419/confusion_matrix.txt
2025-09-27 14:20:02,396 - INFO - Best model saved to logs/SHU-MI_Model-[3,9]-[mamba,attn]_0927_1419/best_model.pth
2025-09-27 14:20:02,396 - INFO - Checkpoint saved to logs/SHU-MI_Model-[3,9]-[mamba,attn]_0927_1419/latest_checkpoint.pth
2025-09-27 14:20:10,555 - INFO - Epoch 4, Step 136, Loss: 0.578957, LR: 0.000098, training_time_mins: 0.165282
2025-09-27 14:20:10,556 - INFO - Validation - Epoch 4, Loss: 0.578957, val_acc: 0.637946, val_pr_auc: 0.690881, val_roc_auc: 0.695522
2025-09-27 14:20:10,556 - INFO - Confusion matrix saved to logs/SHU-MI_Model-[3,9]-[mamba,attn]_0927_1419/confusion_matrix.txt
2025-09-27 14:20:20,438 - INFO - Epoch 5, Step 170, Loss: 0.487197, LR: 0.000098, training_time_mins: 0.164676
2025-09-27 14:20:20,439 - INFO - Validation - Epoch 5, Loss: 0.487197, val_acc: 0.612208, val_pr_auc: 0.662969, val_roc_auc: 0.668973
2025-09-27 14:20:20,439 - INFO - Confusion matrix saved to logs/SHU-MI_Model-[3,9]-[mamba,attn]_0927_1419/confusion_matrix.txt
2025-09-27 14:20:30,305 - INFO - Epoch 6, Step 204, Loss: 0.395048, LR: 0.000097, training_time_mins: 0.164416
2025-09-27 14:20:30,305 - INFO - Validation - Epoch 6, Loss: 0.395048, val_acc: 0.597008, val_pr_auc: 0.668964, val_roc_auc: 0.678665
2025-09-27 14:20:30,306 - INFO - Confusion matrix saved to logs/SHU-MI_Model-[3,9]-[mamba,attn]_0927_1419/confusion_matrix.txt
2025-09-27 14:20:40,185 - INFO - Epoch 7, Step 238, Loss: 0.284350, LR: 0.000095, training_time_mins: 0.164635
2025-09-27 14:20:40,186 - INFO - Validation - Epoch 7, Loss: 0.284350, val_acc: 0.620480, val_pr_auc: 0.661377, val_roc_auc: 0.672213
2025-09-27 14:20:40,186 - INFO - Confusion matrix saved to logs/SHU-MI_Model-[3,9]-[mamba,attn]_0927_1419/confusion_matrix.txt
2025-09-27 14:20:48,193 - INFO - Epoch 8, Step 272, Loss: 0.224930, LR: 0.000094, training_time_mins: 0.164337
2025-09-27 14:20:48,194 - INFO - Validation - Epoch 8, Loss: 0.224930, val_acc: 0.621825, val_pr_auc: 0.683731, val_roc_auc: 0.686908
2025-09-27 14:20:48,194 - INFO - Confusion matrix saved to logs/SHU-MI_Model-[3,9]-[mamba,attn]_0927_1419/confusion_matrix.txt
2025-09-27 14:20:58,183 - INFO - Epoch 9, Step 306, Loss: 0.162818, LR: 0.000092, training_time_mins: 0.166445
2025-09-27 14:20:58,183 - INFO - Validation - Epoch 9, Loss: 0.162818, val_acc: 0.640114, val_pr_auc: 0.683327, val_roc_auc: 0.691895
2025-09-27 14:20:58,189 - INFO - Confusion matrix saved to logs/SHU-MI_Model-[3,9]-[mamba,attn]_0927_1419/confusion_matrix.txt
2025-09-27 14:21:08,147 - INFO - Epoch 10, Step 340, Loss: 0.138123, LR: 0.000091, training_time_mins: 0.165947
2025-09-27 14:21:08,148 - INFO - Validation - Epoch 10, Loss: 0.138123, val_acc: 0.638772, val_pr_auc: 0.676031, val_roc_auc: 0.689103
2025-09-27 14:21:08,149 - INFO - Confusion matrix saved to logs/SHU-MI_Model-[3,9]-[mamba,attn]_0927_1419/confusion_matrix.txt
2025-09-27 14:21:15,952 - INFO - Epoch 11, Step 374, Loss: 0.102082, LR: 0.000089, training_time_mins: 0.160516
2025-09-27 14:21:15,952 - INFO - Validation - Epoch 11, Loss: 0.102082, val_acc: 0.633945, val_pr_auc: 0.672933, val_roc_auc: 0.680532
2025-09-27 14:21:15,953 - INFO - Confusion matrix saved to logs/SHU-MI_Model-[3,9]-[mamba,attn]_0927_1419/confusion_matrix.txt
2025-09-27 14:21:25,856 - INFO - Epoch 12, Step 408, Loss: 0.083406, LR: 0.000087, training_time_mins: 0.165030
2025-09-27 14:21:25,856 - INFO - Validation - Epoch 12, Loss: 0.083406, val_acc: 0.580976, val_pr_auc: 0.646304, val_roc_auc: 0.641097
2025-09-27 14:21:25,857 - INFO - Confusion matrix saved to logs/SHU-MI_Model-[3,9]-[mamba,attn]_0927_1419/confusion_matrix.txt
2025-09-27 14:21:35,567 - INFO - Epoch 13, Step 442, Loss: 0.070728, LR: 0.000084, training_time_mins: 0.161816
2025-09-27 14:21:35,567 - INFO - Validation - Epoch 13, Loss: 0.070728, val_acc: 0.626637, val_pr_auc: 0.694794, val_roc_auc: 0.688738
2025-09-27 14:21:35,568 - INFO - Confusion matrix saved to logs/SHU-MI_Model-[3,9]-[mamba,attn]_0927_1419/confusion_matrix.txt
2025-09-27 14:21:43,472 - INFO - Epoch 14, Step 476, Loss: 0.070627, LR: 0.000082, training_time_mins: 0.161902
2025-09-27 14:21:43,472 - INFO - Validation - Epoch 14, Loss: 0.070627, val_acc: 0.633591, val_pr_auc: 0.691014, val_roc_auc: 0.690760
2025-09-27 14:21:43,473 - INFO - Confusion matrix saved to logs/SHU-MI_Model-[3,9]-[mamba,attn]_0927_1419/confusion_matrix.txt
2025-09-27 14:21:53,367 - INFO - Epoch 15, Step 510, Loss: 0.063192, LR: 0.000080, training_time_mins: 0.164884
2025-09-27 14:21:53,367 - INFO - Validation - Epoch 15, Loss: 0.063192, val_acc: 0.637750, val_pr_auc: 0.694880, val_roc_auc: 0.685680
2025-09-27 14:21:53,368 - INFO - Confusion matrix saved to logs/SHU-MI_Model-[3,9]-[mamba,attn]_0927_1419/confusion_matrix.txt
2025-09-27 14:22:03,288 - INFO - Epoch 16, Step 544, Loss: 0.044215, LR: 0.000077, training_time_mins: 0.165329
2025-09-27 14:22:03,289 - INFO - Validation - Epoch 16, Loss: 0.044215, val_acc: 0.636901, val_pr_auc: 0.700034, val_roc_auc: 0.695144
2025-09-27 14:22:03,289 - INFO - Confusion matrix saved to logs/SHU-MI_Model-[3,9]-[mamba,attn]_0927_1419/confusion_matrix.txt
2025-09-27 14:22:11,411 - INFO - Epoch 17, Step 578, Loss: 0.042939, LR: 0.000074, training_time_mins: 0.165075
2025-09-27 14:22:11,412 - INFO - Validation - Epoch 17, Loss: 0.042939, val_acc: 0.621583, val_pr_auc: 0.663166, val_roc_auc: 0.672395
2025-09-27 14:22:11,412 - INFO - Confusion matrix saved to logs/SHU-MI_Model-[3,9]-[mamba,attn]_0927_1419/confusion_matrix.txt
2025-09-27 14:22:21,199 - INFO - Epoch 18, Step 612, Loss: 0.037080, LR: 0.000072, training_time_mins: 0.163094
2025-09-27 14:22:21,199 - INFO - Validation - Epoch 18, Loss: 0.037080, val_acc: 0.628596, val_pr_auc: 0.691508, val_roc_auc: 0.687726
2025-09-27 14:22:21,200 - INFO - Confusion matrix saved to logs/SHU-MI_Model-[3,9]-[mamba,attn]_0927_1419/confusion_matrix.txt
2025-09-27 14:22:31,172 - INFO - Epoch 19, Step 646, Loss: 0.057944, LR: 0.000069, training_time_mins: 0.166182
2025-09-27 14:22:31,173 - INFO - Validation - Epoch 19, Loss: 0.057944, val_acc: 0.642198, val_pr_auc: 0.699049, val_roc_auc: 0.706191
2025-09-27 14:22:31,174 - INFO - Confusion matrix saved to logs/SHU-MI_Model-[3,9]-[mamba,attn]_0927_1419/confusion_matrix.txt
2025-09-27 14:22:32,782 - INFO - Best model saved to logs/SHU-MI_Model-[3,9]-[mamba,attn]_0927_1419/best_model.pth
2025-09-27 14:22:32,782 - INFO - Checkpoint saved to logs/SHU-MI_Model-[3,9]-[mamba,attn]_0927_1419/latest_checkpoint.pth
2025-09-27 14:22:42,515 - INFO - Epoch 20, Step 680, Loss: 0.021134, LR: 0.000066, training_time_mins: 0.162198
2025-09-27 14:22:42,515 - INFO - Validation - Epoch 20, Loss: 0.021134, val_acc: 0.636214, val_pr_auc: 0.696575, val_roc_auc: 0.690577
2025-09-27 14:22:42,516 - INFO - Confusion matrix saved to logs/SHU-MI_Model-[3,9]-[mamba,attn]_0927_1419/confusion_matrix.txt
2025-09-27 14:22:50,415 - INFO - Epoch 21, Step 714, Loss: 0.026457, LR: 0.000063, training_time_mins: 0.162522
2025-09-27 14:22:50,415 - INFO - Validation - Epoch 21, Loss: 0.026457, val_acc: 0.641276, val_pr_auc: 0.690731, val_roc_auc: 0.690474
2025-09-27 14:22:50,416 - INFO - Confusion matrix saved to logs/SHU-MI_Model-[3,9]-[mamba,attn]_0927_1419/confusion_matrix.txt
2025-09-27 14:23:00,434 - INFO - Epoch 22, Step 748, Loss: 0.019687, LR: 0.000060, training_time_mins: 0.166956
2025-09-27 14:23:00,435 - INFO - Validation - Epoch 22, Loss: 0.019687, val_acc: 0.627138, val_pr_auc: 0.685965, val_roc_auc: 0.678422
2025-09-27 14:23:00,435 - INFO - Confusion matrix saved to logs/SHU-MI_Model-[3,9]-[mamba,attn]_0927_1419/confusion_matrix.txt
2025-09-27 14:23:10,356 - INFO - Epoch 23, Step 782, Loss: 0.018117, LR: 0.000057, training_time_mins: 0.165327
2025-09-27 14:23:10,357 - INFO - Validation - Epoch 23, Loss: 0.018117, val_acc: 0.623119, val_pr_auc: 0.672661, val_roc_auc: 0.666625
2025-09-27 14:23:10,357 - INFO - Confusion matrix saved to logs/SHU-MI_Model-[3,9]-[mamba,attn]_0927_1419/confusion_matrix.txt
2025-09-27 14:23:18,008 - INFO - Epoch 24, Step 816, Loss: 0.018827, LR: 0.000054, training_time_mins: 0.160808
2025-09-27 14:23:18,009 - INFO - Validation - Epoch 24, Loss: 0.018827, val_acc: 0.628110, val_pr_auc: 0.675100, val_roc_auc: 0.677142
2025-09-27 14:23:18,009 - INFO - Confusion matrix saved to logs/SHU-MI_Model-[3,9]-[mamba,attn]_0927_1419/confusion_matrix.txt
2025-09-27 14:23:27,910 - INFO - Epoch 25, Step 850, Loss: 0.013961, LR: 0.000050, training_time_mins: 0.164976
2025-09-27 14:23:27,910 - INFO - Validation - Epoch 25, Loss: 0.013961, val_acc: 0.630777, val_pr_auc: 0.680612, val_roc_auc: 0.681721
2025-09-27 14:23:27,913 - INFO - Confusion matrix saved to logs/SHU-MI_Model-[3,9]-[mamba,attn]_0927_1419/confusion_matrix.txt
2025-09-27 14:23:37,880 - INFO - Epoch 26, Step 884, Loss: 0.015659, LR: 0.000047, training_time_mins: 0.166098
2025-09-27 14:23:37,880 - INFO - Validation - Epoch 26, Loss: 0.015659, val_acc: 0.622984, val_pr_auc: 0.690475, val_roc_auc: 0.680247
2025-09-27 14:23:37,881 - INFO - Confusion matrix saved to logs/SHU-MI_Model-[3,9]-[mamba,attn]_0927_1419/confusion_matrix.txt
2025-09-27 14:23:45,915 - INFO - Epoch 27, Step 918, Loss: 0.011555, LR: 0.000044, training_time_mins: 0.164583
2025-09-27 14:23:45,915 - INFO - Validation - Epoch 27, Loss: 0.011555, val_acc: 0.637873, val_pr_auc: 0.704705, val_roc_auc: 0.695892
2025-09-27 14:23:45,915 - INFO - Confusion matrix saved to logs/SHU-MI_Model-[3,9]-[mamba,attn]_0927_1419/confusion_matrix.txt
2025-09-27 14:23:55,679 - INFO - Epoch 28, Step 952, Loss: 0.012257, LR: 0.000041, training_time_mins: 0.162717
2025-09-27 14:23:55,679 - INFO - Validation - Epoch 28, Loss: 0.012257, val_acc: 0.630144, val_pr_auc: 0.688902, val_roc_auc: 0.679285
2025-09-27 14:23:55,679 - INFO - Confusion matrix saved to logs/SHU-MI_Model-[3,9]-[mamba,attn]_0927_1419/confusion_matrix.txt
2025-09-27 14:24:05,454 - INFO - Epoch 29, Step 986, Loss: 0.011451, LR: 0.000038, training_time_mins: 0.162890
2025-09-27 14:24:05,454 - INFO - Validation - Epoch 29, Loss: 0.011451, val_acc: 0.623541, val_pr_auc: 0.676735, val_roc_auc: 0.677891
2025-09-27 14:24:05,455 - INFO - Confusion matrix saved to logs/SHU-MI_Model-[3,9]-[mamba,attn]_0927_1419/confusion_matrix.txt
2025-09-27 14:24:15,329 - INFO - Epoch 30, Step 1020, Loss: 0.014861, LR: 0.000035, training_time_mins: 0.164557
2025-09-27 14:24:15,330 - INFO - Validation - Epoch 30, Loss: 0.014861, val_acc: 0.632532, val_pr_auc: 0.693475, val_roc_auc: 0.684007
2025-09-27 14:24:15,330 - INFO - Confusion matrix saved to logs/SHU-MI_Model-[3,9]-[mamba,attn]_0927_1419/confusion_matrix.txt
2025-09-27 14:24:23,204 - INFO - Epoch 31, Step 1054, Loss: 0.014705, LR: 0.000032, training_time_mins: 0.162999
2025-09-27 14:24:23,204 - INFO - Validation - Epoch 31, Loss: 0.014705, val_acc: 0.639196, val_pr_auc: 0.685245, val_roc_auc: 0.690051
2025-09-27 14:24:23,205 - INFO - Confusion matrix saved to logs/SHU-MI_Model-[3,9]-[mamba,attn]_0927_1419/confusion_matrix.txt
2025-09-27 14:24:33,091 - INFO - Epoch 32, Step 1088, Loss: 0.009004, LR: 0.000029, training_time_mins: 0.164744
2025-09-27 14:24:33,092 - INFO - Validation - Epoch 32, Loss: 0.009004, val_acc: 0.626336, val_pr_auc: 0.688071, val_roc_auc: 0.687905
2025-09-27 14:24:33,092 - INFO - Confusion matrix saved to logs/SHU-MI_Model-[3,9]-[mamba,attn]_0927_1419/confusion_matrix.txt
2025-09-27 14:24:43,007 - INFO - Epoch 33, Step 1122, Loss: 0.006992, LR: 0.000027, training_time_mins: 0.165225
2025-09-27 14:24:43,007 - INFO - Validation - Epoch 33, Loss: 0.006992, val_acc: 0.630500, val_pr_auc: 0.690693, val_roc_auc: 0.690526
2025-09-27 14:24:43,008 - INFO - Confusion matrix saved to logs/SHU-MI_Model-[3,9]-[mamba,attn]_0927_1419/confusion_matrix.txt
2025-09-27 14:24:51,018 - INFO - Epoch 34, Step 1156, Loss: 0.003001, LR: 0.000024, training_time_mins: 0.164058
2025-09-27 14:24:51,018 - INFO - Validation - Epoch 34, Loss: 0.003001, val_acc: 0.637997, val_pr_auc: 0.691682, val_roc_auc: 0.691010
2025-09-27 14:24:51,019 - INFO - Confusion matrix saved to logs/SHU-MI_Model-[3,9]-[mamba,attn]_0927_1419/confusion_matrix.txt
2025-09-27 14:25:00,842 - INFO - Epoch 35, Step 1190, Loss: 0.005710, LR: 0.000021, training_time_mins: 0.163689
2025-09-27 14:25:00,842 - INFO - Validation - Epoch 35, Loss: 0.005710, val_acc: 0.632695, val_pr_auc: 0.683428, val_roc_auc: 0.685926
2025-09-27 14:25:00,842 - INFO - Confusion matrix saved to logs/SHU-MI_Model-[3,9]-[mamba,attn]_0927_1419/confusion_matrix.txt
2025-09-27 14:25:10,590 - INFO - Epoch 36, Step 1224, Loss: 0.002762, LR: 0.000019, training_time_mins: 0.162435
2025-09-27 14:25:10,590 - INFO - Validation - Epoch 36, Loss: 0.002762, val_acc: 0.632650, val_pr_auc: 0.689433, val_roc_auc: 0.687797
2025-09-27 14:25:10,592 - INFO - Confusion matrix saved to logs/SHU-MI_Model-[3,9]-[mamba,attn]_0927_1419/confusion_matrix.txt
2025-09-27 14:25:18,248 - INFO - Epoch 37, Step 1258, Loss: 0.002208, LR: 0.000017, training_time_mins: 0.160755
2025-09-27 14:25:18,248 - INFO - Validation - Epoch 37, Loss: 0.002208, val_acc: 0.637532, val_pr_auc: 0.691382, val_roc_auc: 0.689500
2025-09-27 14:25:18,248 - INFO - Confusion matrix saved to logs/SHU-MI_Model-[3,9]-[mamba,attn]_0927_1419/confusion_matrix.txt
2025-09-27 14:25:28,091 - INFO - Epoch 38, Step 1292, Loss: 0.005496, LR: 0.000014, training_time_mins: 0.164027
2025-09-27 14:25:28,091 - INFO - Validation - Epoch 38, Loss: 0.005496, val_acc: 0.642919, val_pr_auc: 0.692116, val_roc_auc: 0.689808
2025-09-27 14:25:28,093 - INFO - Confusion matrix saved to logs/SHU-MI_Model-[3,9]-[mamba,attn]_0927_1419/confusion_matrix.txt
2025-09-27 14:25:38,030 - INFO - Epoch 39, Step 1326, Loss: 0.002092, LR: 0.000012, training_time_mins: 0.165602
2025-09-27 14:25:38,031 - INFO - Validation - Epoch 39, Loss: 0.002092, val_acc: 0.638032, val_pr_auc: 0.689394, val_roc_auc: 0.688332
2025-09-27 14:25:38,031 - INFO - Confusion matrix saved to logs/SHU-MI_Model-[3,9]-[mamba,attn]_0927_1419/confusion_matrix.txt
2025-09-27 14:25:46,178 - INFO - Epoch 40, Step 1360, Loss: 0.002870, LR: 0.000010, training_time_mins: 0.164748
2025-09-27 14:25:46,179 - INFO - Validation - Epoch 40, Loss: 0.002870, val_acc: 0.635972, val_pr_auc: 0.687906, val_roc_auc: 0.685557
2025-09-27 14:25:46,179 - INFO - Confusion matrix saved to logs/SHU-MI_Model-[3,9]-[mamba,attn]_0927_1419/confusion_matrix.txt
2025-09-27 14:25:56,048 - INFO - Epoch 41, Step 1394, Loss: 0.003483, LR: 0.000009, training_time_mins: 0.164454
2025-09-27 14:25:56,048 - INFO - Validation - Epoch 41, Loss: 0.003483, val_acc: 0.633079, val_pr_auc: 0.684300, val_roc_auc: 0.683188
2025-09-27 14:25:56,050 - INFO - Confusion matrix saved to logs/SHU-MI_Model-[3,9]-[mamba,attn]_0927_1419/confusion_matrix.txt
2025-09-27 14:26:05,976 - INFO - Epoch 42, Step 1428, Loss: 0.003737, LR: 0.000007, training_time_mins: 0.165406
2025-09-27 14:26:05,976 - INFO - Validation - Epoch 42, Loss: 0.003737, val_acc: 0.633888, val_pr_auc: 0.685694, val_roc_auc: 0.683216
2025-09-27 14:26:05,976 - INFO - Confusion matrix saved to logs/SHU-MI_Model-[3,9]-[mamba,attn]_0927_1419/confusion_matrix.txt
2025-09-27 14:26:15,825 - INFO - Epoch 43, Step 1462, Loss: 0.002176, LR: 0.000006, training_time_mins: 0.164124
2025-09-27 14:26:15,825 - INFO - Validation - Epoch 43, Loss: 0.002176, val_acc: 0.633048, val_pr_auc: 0.688640, val_roc_auc: 0.682984
2025-09-27 14:26:15,826 - INFO - Confusion matrix saved to logs/SHU-MI_Model-[3,9]-[mamba,attn]_0927_1419/confusion_matrix.txt
2025-09-27 14:26:23,766 - INFO - Epoch 44, Step 1496, Loss: 0.003300, LR: 0.000004, training_time_mins: 0.163763
2025-09-27 14:26:23,766 - INFO - Validation - Epoch 44, Loss: 0.003300, val_acc: 0.634288, val_pr_auc: 0.686473, val_roc_auc: 0.683042
2025-09-27 14:26:23,768 - INFO - Confusion matrix saved to logs/SHU-MI_Model-[3,9]-[mamba,attn]_0927_1419/confusion_matrix.txt
2025-09-27 14:26:33,548 - INFO - Epoch 45, Step 1530, Loss: 0.002904, LR: 0.000003, training_time_mins: 0.162974
2025-09-27 14:26:33,548 - INFO - Validation - Epoch 45, Loss: 0.002904, val_acc: 0.635943, val_pr_auc: 0.685787, val_roc_auc: 0.683076
2025-09-27 14:26:33,549 - INFO - Confusion matrix saved to logs/SHU-MI_Model-[3,9]-[mamba,attn]_0927_1419/confusion_matrix.txt
2025-09-27 14:26:43,491 - INFO - Epoch 46, Step 1564, Loss: 0.003089, LR: 0.000003, training_time_mins: 0.165688
2025-09-27 14:26:43,491 - INFO - Validation - Epoch 46, Loss: 0.003089, val_acc: 0.635519, val_pr_auc: 0.687122, val_roc_auc: 0.683126
2025-09-27 14:26:43,492 - INFO - Confusion matrix saved to logs/SHU-MI_Model-[3,9]-[mamba,attn]_0927_1419/confusion_matrix.txt
2025-09-27 14:26:51,265 - INFO - Epoch 47, Step 1598, Loss: 0.003337, LR: 0.000002, training_time_mins: 0.161802
2025-09-27 14:26:51,265 - INFO - Validation - Epoch 47, Loss: 0.003337, val_acc: 0.634694, val_pr_auc: 0.687452, val_roc_auc: 0.683419
2025-09-27 14:26:51,266 - INFO - Confusion matrix saved to logs/SHU-MI_Model-[3,9]-[mamba,attn]_0927_1419/confusion_matrix.txt
2025-09-27 14:27:01,174 - INFO - Epoch 48, Step 1632, Loss: 0.002388, LR: 0.000001, training_time_mins: 0.165128
2025-09-27 14:27:01,175 - INFO - Validation - Epoch 48, Loss: 0.002388, val_acc: 0.634281, val_pr_auc: 0.688017, val_roc_auc: 0.683632
2025-09-27 14:27:01,175 - INFO - Confusion matrix saved to logs/SHU-MI_Model-[3,9]-[mamba,attn]_0927_1419/confusion_matrix.txt
2025-09-27 14:27:11,139 - INFO - Epoch 49, Step 1666, Loss: 0.002585, LR: 0.000001, training_time_mins: 0.166036
2025-09-27 14:27:11,139 - INFO - Validation - Epoch 49, Loss: 0.002585, val_acc: 0.634281, val_pr_auc: 0.688521, val_roc_auc: 0.683834
2025-09-27 14:27:11,140 - INFO - Confusion matrix saved to logs/SHU-MI_Model-[3,9]-[mamba,attn]_0927_1419/confusion_matrix.txt
2025-09-27 14:27:19,253 - INFO - Epoch 50, Step 1700, Loss: 0.001819, LR: 0.000001, training_time_mins: 0.165460
2025-09-27 14:27:19,253 - INFO - Validation - Epoch 50, Loss: 0.001819, val_acc: 0.634281, val_pr_auc: 0.688641, val_roc_auc: 0.683881
2025-09-27 14:27:19,254 - INFO - Confusion matrix saved to logs/SHU-MI_Model-[3,9]-[mamba,attn]_0927_1419/confusion_matrix.txt
2025-09-27 14:27:22,640 - INFO - Final Test Results:
2025-09-27 14:27:22,640 - INFO - Test Accuracy: 0.59804
2025-09-27 14:27:22,640 - INFO - Test PR AUC: 0.63286
2025-09-27 14:27:22,640 - INFO - Test ROC AUC: 0.64409
2025-09-27 14:27:22,640 - INFO - Confusion matrix saved to logs/SHU-MI_Model-[3,9]-[mamba,attn]_0927_1419/confusion_matrix.txt
2025-09-27 14:27:23,513 - INFO - Experiment completed and logged successfully
