2025-09-27 14:55:35,193 - INFO - Experiment config saved to logs/SHU-MI_Model-[12]-[attn]_0927_1455/config.json
2025-09-27 14:55:43,906 - INFO - Epoch 1, Step 34, Loss: 3.604682, LR: 0.000100, training_time_mins: 0.173390
2025-09-27 14:55:43,906 - INFO - Validation - Epoch 1, Loss: 3.604682, val_acc: 0.511990, val_pr_auc: 0.526412, val_roc_auc: 0.524167
2025-09-27 14:55:43,907 - INFO - Confusion matrix saved to logs/SHU-MI_Model-[12]-[attn]_0927_1455/confusion_matrix.txt
2025-09-27 14:55:48,421 - INFO - Best model saved to logs/SHU-MI_Model-[12]-[attn]_0927_1455/best_model.pth
2025-09-27 14:55:48,422 - INFO - Checkpoint saved to logs/SHU-MI_Model-[12]-[attn]_0927_1455/latest_checkpoint.pth
2025-09-27 14:55:58,571 - INFO - Epoch 2, Step 68, Loss: 0.790639, LR: 0.000100, training_time_mins: 0.169140
2025-09-27 14:55:58,571 - INFO - Validation - Epoch 2, Loss: 0.790639, val_acc: 0.497551, val_pr_auc: 0.519748, val_roc_auc: 0.510853
2025-09-27 14:55:58,572 - INFO - Confusion matrix saved to logs/SHU-MI_Model-[12]-[attn]_0927_1455/confusion_matrix.txt
2025-09-27 14:56:08,226 - INFO - Epoch 3, Step 102, Loss: 0.757347, LR: 0.000099, training_time_mins: 0.160899
2025-09-27 14:56:08,227 - INFO - Validation - Epoch 3, Loss: 0.757347, val_acc: 0.500000, val_pr_auc: 0.510794, val_roc_auc: 0.502207
2025-09-27 14:56:08,227 - INFO - Confusion matrix saved to logs/SHU-MI_Model-[12]-[attn]_0927_1455/confusion_matrix.txt
2025-09-27 14:56:15,922 - INFO - Epoch 4, Step 136, Loss: 0.719673, LR: 0.000098, training_time_mins: 0.154189
2025-09-27 14:56:15,922 - INFO - Validation - Epoch 4, Loss: 0.719673, val_acc: 0.500000, val_pr_auc: 0.563766, val_roc_auc: 0.581431
2025-09-27 14:56:15,922 - INFO - Confusion matrix saved to logs/SHU-MI_Model-[12]-[attn]_0927_1455/confusion_matrix.txt
2025-09-27 14:56:17,313 - INFO - Best model saved to logs/SHU-MI_Model-[12]-[attn]_0927_1455/best_model.pth
2025-09-27 14:56:17,313 - INFO - Checkpoint saved to logs/SHU-MI_Model-[12]-[attn]_0927_1455/latest_checkpoint.pth
2025-09-27 14:56:27,157 - INFO - Epoch 5, Step 170, Loss: 0.707954, LR: 0.000098, training_time_mins: 0.164055
2025-09-27 14:56:27,158 - INFO - Validation - Epoch 5, Loss: 0.707954, val_acc: 0.500000, val_pr_auc: 0.580754, val_roc_auc: 0.617117
2025-09-27 14:56:27,159 - INFO - Confusion matrix saved to logs/SHU-MI_Model-[12]-[attn]_0927_1455/confusion_matrix.txt
2025-09-27 14:56:28,463 - INFO - Best model saved to logs/SHU-MI_Model-[12]-[attn]_0927_1455/best_model.pth
2025-09-27 14:56:28,463 - INFO - Checkpoint saved to logs/SHU-MI_Model-[12]-[attn]_0927_1455/latest_checkpoint.pth
2025-09-27 14:56:38,360 - INFO - Epoch 6, Step 204, Loss: 0.712401, LR: 0.000097, training_time_mins: 0.164931
2025-09-27 14:56:38,360 - INFO - Validation - Epoch 6, Loss: 0.712401, val_acc: 0.522806, val_pr_auc: 0.626246, val_roc_auc: 0.640718
2025-09-27 14:56:38,361 - INFO - Confusion matrix saved to logs/SHU-MI_Model-[12]-[attn]_0927_1455/confusion_matrix.txt
2025-09-27 14:56:39,775 - INFO - Best model saved to logs/SHU-MI_Model-[12]-[attn]_0927_1455/best_model.pth
2025-09-27 14:56:39,776 - INFO - Checkpoint saved to logs/SHU-MI_Model-[12]-[attn]_0927_1455/latest_checkpoint.pth
2025-09-27 14:56:47,507 - INFO - Epoch 7, Step 238, Loss: 0.704732, LR: 0.000095, training_time_mins: 0.160479
2025-09-27 14:56:47,508 - INFO - Validation - Epoch 7, Loss: 0.704732, val_acc: 0.552202, val_pr_auc: 0.535067, val_roc_auc: 0.559239
2025-09-27 14:56:47,508 - INFO - Confusion matrix saved to logs/SHU-MI_Model-[12]-[attn]_0927_1455/confusion_matrix.txt
2025-09-27 14:56:57,328 - INFO - Epoch 8, Step 272, Loss: 0.700880, LR: 0.000094, training_time_mins: 0.163622
2025-09-27 14:56:57,328 - INFO - Validation - Epoch 8, Loss: 0.700880, val_acc: 0.500000, val_pr_auc: 0.590033, val_roc_auc: 0.615179
2025-09-27 14:56:57,329 - INFO - Confusion matrix saved to logs/SHU-MI_Model-[12]-[attn]_0927_1455/confusion_matrix.txt
2025-09-27 14:57:06,849 - INFO - Epoch 9, Step 306, Loss: 0.705015, LR: 0.000092, training_time_mins: 0.158635
2025-09-27 14:57:06,849 - INFO - Validation - Epoch 9, Loss: 0.705015, val_acc: 0.500000, val_pr_auc: 0.584622, val_roc_auc: 0.604568
2025-09-27 14:57:06,850 - INFO - Confusion matrix saved to logs/SHU-MI_Model-[12]-[attn]_0927_1455/confusion_matrix.txt
2025-09-27 14:57:14,661 - INFO - Epoch 10, Step 340, Loss: 0.717534, LR: 0.000091, training_time_mins: 0.158777
2025-09-27 14:57:14,661 - INFO - Validation - Epoch 10, Loss: 0.717534, val_acc: 0.623455, val_pr_auc: 0.637006, val_roc_auc: 0.656574
2025-09-27 14:57:14,661 - INFO - Confusion matrix saved to logs/SHU-MI_Model-[12]-[attn]_0927_1455/confusion_matrix.txt
2025-09-27 14:57:15,903 - INFO - Best model saved to logs/SHU-MI_Model-[12]-[attn]_0927_1455/best_model.pth
2025-09-27 14:57:15,903 - INFO - Checkpoint saved to logs/SHU-MI_Model-[12]-[attn]_0927_1455/latest_checkpoint.pth
2025-09-27 14:57:25,582 - INFO - Epoch 11, Step 374, Loss: 0.695887, LR: 0.000089, training_time_mins: 0.161289
2025-09-27 14:57:25,582 - INFO - Validation - Epoch 11, Loss: 0.695887, val_acc: 0.587306, val_pr_auc: 0.668152, val_roc_auc: 0.668339
2025-09-27 14:57:25,583 - INFO - Confusion matrix saved to logs/SHU-MI_Model-[12]-[attn]_0927_1455/confusion_matrix.txt
2025-09-27 14:57:26,848 - INFO - Best model saved to logs/SHU-MI_Model-[12]-[attn]_0927_1455/best_model.pth
2025-09-27 14:57:26,848 - INFO - Checkpoint saved to logs/SHU-MI_Model-[12]-[attn]_0927_1455/latest_checkpoint.pth
2025-09-27 14:57:36,488 - INFO - Epoch 12, Step 408, Loss: 0.683118, LR: 0.000087, training_time_mins: 0.160654
2025-09-27 14:57:36,489 - INFO - Validation - Epoch 12, Loss: 0.683118, val_acc: 0.637446, val_pr_auc: 0.720564, val_roc_auc: 0.698382
2025-09-27 14:57:36,489 - INFO - Confusion matrix saved to logs/SHU-MI_Model-[12]-[attn]_0927_1455/confusion_matrix.txt
2025-09-27 14:57:37,837 - INFO - Best model saved to logs/SHU-MI_Model-[12]-[attn]_0927_1455/best_model.pth
2025-09-27 14:57:37,838 - INFO - Checkpoint saved to logs/SHU-MI_Model-[12]-[attn]_0927_1455/latest_checkpoint.pth
2025-09-27 14:57:45,619 - INFO - Epoch 13, Step 442, Loss: 0.672791, LR: 0.000084, training_time_mins: 0.156509
2025-09-27 14:57:45,619 - INFO - Validation - Epoch 13, Loss: 0.672791, val_acc: 0.625694, val_pr_auc: 0.725883, val_roc_auc: 0.702240
2025-09-27 14:57:45,620 - INFO - Confusion matrix saved to logs/SHU-MI_Model-[12]-[attn]_0927_1455/confusion_matrix.txt
2025-09-27 14:57:46,904 - INFO - Best model saved to logs/SHU-MI_Model-[12]-[attn]_0927_1455/best_model.pth
2025-09-27 14:57:46,904 - INFO - Checkpoint saved to logs/SHU-MI_Model-[12]-[attn]_0927_1455/latest_checkpoint.pth
2025-09-27 14:57:56,475 - INFO - Epoch 14, Step 476, Loss: 0.638209, LR: 0.000082, training_time_mins: 0.159505
2025-09-27 14:57:56,475 - INFO - Validation - Epoch 14, Loss: 0.638209, val_acc: 0.632567, val_pr_auc: 0.704298, val_roc_auc: 0.691870
2025-09-27 14:57:56,476 - INFO - Confusion matrix saved to logs/SHU-MI_Model-[12]-[attn]_0927_1455/confusion_matrix.txt
2025-09-27 14:58:06,186 - INFO - Epoch 15, Step 510, Loss: 0.615814, LR: 0.000080, training_time_mins: 0.161818
2025-09-27 14:58:06,186 - INFO - Validation - Epoch 15, Loss: 0.615814, val_acc: 0.626097, val_pr_auc: 0.716084, val_roc_auc: 0.698832
2025-09-27 14:58:06,186 - INFO - Confusion matrix saved to logs/SHU-MI_Model-[12]-[attn]_0927_1455/confusion_matrix.txt
2025-09-27 14:58:13,967 - INFO - Epoch 16, Step 544, Loss: 0.563256, LR: 0.000077, training_time_mins: 0.157153
2025-09-27 14:58:13,968 - INFO - Validation - Epoch 16, Loss: 0.563256, val_acc: 0.628586, val_pr_auc: 0.706589, val_roc_auc: 0.697246
2025-09-27 14:58:13,968 - INFO - Confusion matrix saved to logs/SHU-MI_Model-[12]-[attn]_0927_1455/confusion_matrix.txt
2025-09-27 14:58:23,623 - INFO - Epoch 17, Step 578, Loss: 0.510368, LR: 0.000074, training_time_mins: 0.160862
2025-09-27 14:58:23,624 - INFO - Validation - Epoch 17, Loss: 0.510368, val_acc: 0.619831, val_pr_auc: 0.706316, val_roc_auc: 0.692743
2025-09-27 14:58:23,624 - INFO - Confusion matrix saved to logs/SHU-MI_Model-[12]-[attn]_0927_1455/confusion_matrix.txt
2025-09-27 14:58:33,274 - INFO - Epoch 18, Step 612, Loss: 0.437833, LR: 0.000072, training_time_mins: 0.160802
2025-09-27 14:58:33,274 - INFO - Validation - Epoch 18, Loss: 0.437833, val_acc: 0.614128, val_pr_auc: 0.695706, val_roc_auc: 0.685720
2025-09-27 14:58:33,275 - INFO - Confusion matrix saved to logs/SHU-MI_Model-[12]-[attn]_0927_1455/confusion_matrix.txt
2025-09-27 14:58:42,921 - INFO - Epoch 19, Step 646, Loss: 0.371558, LR: 0.000069, training_time_mins: 0.160747
2025-09-27 14:58:42,921 - INFO - Validation - Epoch 19, Loss: 0.371558, val_acc: 0.613417, val_pr_auc: 0.693771, val_roc_auc: 0.682728
2025-09-27 14:58:42,921 - INFO - Confusion matrix saved to logs/SHU-MI_Model-[12]-[attn]_0927_1455/confusion_matrix.txt
2025-09-27 14:58:50,916 - INFO - Epoch 20, Step 680, Loss: 0.263414, LR: 0.000066, training_time_mins: 0.161106
2025-09-27 14:58:50,916 - INFO - Validation - Epoch 20, Loss: 0.263414, val_acc: 0.607182, val_pr_auc: 0.674327, val_roc_auc: 0.669461
2025-09-27 14:58:50,917 - INFO - Confusion matrix saved to logs/SHU-MI_Model-[12]-[attn]_0927_1455/confusion_matrix.txt
2025-09-27 14:59:00,608 - INFO - Epoch 21, Step 714, Loss: 0.185205, LR: 0.000063, training_time_mins: 0.161499
2025-09-27 14:59:00,608 - INFO - Validation - Epoch 21, Loss: 0.185205, val_acc: 0.612203, val_pr_auc: 0.698816, val_roc_auc: 0.690497
2025-09-27 14:59:00,609 - INFO - Confusion matrix saved to logs/SHU-MI_Model-[12]-[attn]_0927_1455/confusion_matrix.txt
2025-09-27 14:59:10,219 - INFO - Epoch 22, Step 748, Loss: 0.149157, LR: 0.000060, training_time_mins: 0.160156
2025-09-27 14:59:10,219 - INFO - Validation - Epoch 22, Loss: 0.149157, val_acc: 0.595574, val_pr_auc: 0.676119, val_roc_auc: 0.657686
2025-09-27 14:59:10,220 - INFO - Confusion matrix saved to logs/SHU-MI_Model-[12]-[attn]_0927_1455/confusion_matrix.txt
2025-09-27 14:59:18,047 - INFO - Epoch 23, Step 782, Loss: 0.105413, LR: 0.000057, training_time_mins: 0.159480
2025-09-27 14:59:18,047 - INFO - Validation - Epoch 23, Loss: 0.105413, val_acc: 0.612668, val_pr_auc: 0.693110, val_roc_auc: 0.675797
2025-09-27 14:59:18,048 - INFO - Confusion matrix saved to logs/SHU-MI_Model-[12]-[attn]_0927_1455/confusion_matrix.txt
2025-09-27 14:59:27,713 - INFO - Epoch 24, Step 816, Loss: 0.076408, LR: 0.000054, training_time_mins: 0.161061
2025-09-27 14:59:27,713 - INFO - Validation - Epoch 24, Loss: 0.076408, val_acc: 0.607639, val_pr_auc: 0.692560, val_roc_auc: 0.672220
2025-09-27 14:59:27,714 - INFO - Confusion matrix saved to logs/SHU-MI_Model-[12]-[attn]_0927_1455/confusion_matrix.txt
2025-09-27 14:59:37,358 - INFO - Epoch 25, Step 850, Loss: 0.065841, LR: 0.000050, training_time_mins: 0.160698
2025-09-27 14:59:37,358 - INFO - Validation - Epoch 25, Loss: 0.065841, val_acc: 0.612592, val_pr_auc: 0.695331, val_roc_auc: 0.671466
2025-09-27 14:59:37,359 - INFO - Confusion matrix saved to logs/SHU-MI_Model-[12]-[attn]_0927_1455/confusion_matrix.txt
2025-09-27 14:59:45,105 - INFO - Epoch 26, Step 884, Loss: 0.054850, LR: 0.000047, training_time_mins: 0.157758
2025-09-27 14:59:45,105 - INFO - Validation - Epoch 26, Loss: 0.054850, val_acc: 0.608178, val_pr_auc: 0.695093, val_roc_auc: 0.671545
2025-09-27 14:59:45,106 - INFO - Confusion matrix saved to logs/SHU-MI_Model-[12]-[attn]_0927_1455/confusion_matrix.txt
2025-09-27 14:59:54,644 - INFO - Epoch 27, Step 918, Loss: 0.040127, LR: 0.000044, training_time_mins: 0.158962
2025-09-27 14:59:54,645 - INFO - Validation - Epoch 27, Loss: 0.040127, val_acc: 0.603952, val_pr_auc: 0.679617, val_roc_auc: 0.652908
2025-09-27 14:59:54,645 - INFO - Confusion matrix saved to logs/SHU-MI_Model-[12]-[attn]_0927_1455/confusion_matrix.txt
2025-09-27 15:00:04,482 - INFO - Epoch 28, Step 952, Loss: 0.022750, LR: 0.000041, training_time_mins: 0.163926
2025-09-27 15:00:04,483 - INFO - Validation - Epoch 28, Loss: 0.022750, val_acc: 0.612530, val_pr_auc: 0.688829, val_roc_auc: 0.665948
2025-09-27 15:00:04,483 - INFO - Confusion matrix saved to logs/SHU-MI_Model-[12]-[attn]_0927_1455/confusion_matrix.txt
2025-09-27 15:00:14,280 - INFO - Epoch 29, Step 986, Loss: 0.026679, LR: 0.000038, training_time_mins: 0.163251
2025-09-27 15:00:14,280 - INFO - Validation - Epoch 29, Loss: 0.026679, val_acc: 0.594322, val_pr_auc: 0.678509, val_roc_auc: 0.650026
2025-09-27 15:00:14,281 - INFO - Confusion matrix saved to logs/SHU-MI_Model-[12]-[attn]_0927_1455/confusion_matrix.txt
2025-09-27 15:00:21,673 - INFO - Epoch 30, Step 1020, Loss: 0.022417, LR: 0.000035, training_time_mins: 0.155931
2025-09-27 15:00:21,673 - INFO - Validation - Epoch 30, Loss: 0.022417, val_acc: 0.612464, val_pr_auc: 0.693644, val_roc_auc: 0.669839
2025-09-27 15:00:21,674 - INFO - Confusion matrix saved to logs/SHU-MI_Model-[12]-[attn]_0927_1455/confusion_matrix.txt
2025-09-27 15:00:31,223 - INFO - Epoch 31, Step 1054, Loss: 0.017286, LR: 0.000032, training_time_mins: 0.159134
2025-09-27 15:00:31,223 - INFO - Validation - Epoch 31, Loss: 0.017286, val_acc: 0.598999, val_pr_auc: 0.681661, val_roc_auc: 0.655370
2025-09-27 15:00:31,224 - INFO - Confusion matrix saved to logs/SHU-MI_Model-[12]-[attn]_0927_1455/confusion_matrix.txt
2025-09-27 15:00:40,705 - INFO - Epoch 32, Step 1088, Loss: 0.014052, LR: 0.000029, training_time_mins: 0.157992
2025-09-27 15:00:40,705 - INFO - Validation - Epoch 32, Loss: 0.014052, val_acc: 0.592762, val_pr_auc: 0.675264, val_roc_auc: 0.647001
2025-09-27 15:00:40,706 - INFO - Confusion matrix saved to logs/SHU-MI_Model-[12]-[attn]_0927_1455/confusion_matrix.txt
2025-09-27 15:00:48,802 - INFO - Epoch 33, Step 1122, Loss: 0.010775, LR: 0.000027, training_time_mins: 0.161210
2025-09-27 15:00:48,803 - INFO - Validation - Epoch 33, Loss: 0.010775, val_acc: 0.599843, val_pr_auc: 0.677852, val_roc_auc: 0.654945
2025-09-27 15:00:48,803 - INFO - Confusion matrix saved to logs/SHU-MI_Model-[12]-[attn]_0927_1455/confusion_matrix.txt
2025-09-27 15:00:58,378 - INFO - Epoch 34, Step 1156, Loss: 0.010973, LR: 0.000024, training_time_mins: 0.159550
2025-09-27 15:00:58,378 - INFO - Validation - Epoch 34, Loss: 0.010973, val_acc: 0.613287, val_pr_auc: 0.699994, val_roc_auc: 0.674462
2025-09-27 15:00:58,379 - INFO - Confusion matrix saved to logs/SHU-MI_Model-[12]-[attn]_0927_1455/confusion_matrix.txt
2025-09-27 15:01:08,037 - INFO - Epoch 35, Step 1190, Loss: 0.008141, LR: 0.000021, training_time_mins: 0.160948
2025-09-27 15:01:08,038 - INFO - Validation - Epoch 35, Loss: 0.008141, val_acc: 0.608495, val_pr_auc: 0.694136, val_roc_auc: 0.670743
2025-09-27 15:01:08,038 - INFO - Confusion matrix saved to logs/SHU-MI_Model-[12]-[attn]_0927_1455/confusion_matrix.txt
2025-09-27 15:01:15,908 - INFO - Epoch 36, Step 1224, Loss: 0.003975, LR: 0.000019, training_time_mins: 0.160436
2025-09-27 15:01:15,908 - INFO - Validation - Epoch 36, Loss: 0.003975, val_acc: 0.607575, val_pr_auc: 0.695733, val_roc_auc: 0.667056
2025-09-27 15:01:15,909 - INFO - Confusion matrix saved to logs/SHU-MI_Model-[12]-[attn]_0927_1455/confusion_matrix.txt
2025-09-27 15:01:25,549 - INFO - Epoch 37, Step 1258, Loss: 0.004426, LR: 0.000017, training_time_mins: 0.160637
2025-09-27 15:01:25,549 - INFO - Validation - Epoch 37, Loss: 0.004426, val_acc: 0.610489, val_pr_auc: 0.691237, val_roc_auc: 0.663239
2025-09-27 15:01:25,550 - INFO - Confusion matrix saved to logs/SHU-MI_Model-[12]-[attn]_0927_1455/confusion_matrix.txt
2025-09-27 15:01:35,176 - INFO - Epoch 38, Step 1292, Loss: 0.006288, LR: 0.000014, training_time_mins: 0.160410
2025-09-27 15:01:35,176 - INFO - Validation - Epoch 38, Loss: 0.006288, val_acc: 0.611729, val_pr_auc: 0.690473, val_roc_auc: 0.664321
2025-09-27 15:01:35,176 - INFO - Confusion matrix saved to logs/SHU-MI_Model-[12]-[attn]_0927_1455/confusion_matrix.txt
2025-09-27 15:01:44,843 - INFO - Epoch 39, Step 1326, Loss: 0.003520, LR: 0.000012, training_time_mins: 0.161097
2025-09-27 15:01:44,843 - INFO - Validation - Epoch 39, Loss: 0.003520, val_acc: 0.619669, val_pr_auc: 0.691121, val_roc_auc: 0.669688
2025-09-27 15:01:44,844 - INFO - Confusion matrix saved to logs/SHU-MI_Model-[12]-[attn]_0927_1455/confusion_matrix.txt
2025-09-27 15:01:52,482 - INFO - Epoch 40, Step 1360, Loss: 0.004198, LR: 0.000010, training_time_mins: 0.156797
2025-09-27 15:01:52,482 - INFO - Validation - Epoch 40, Loss: 0.004198, val_acc: 0.611328, val_pr_auc: 0.688972, val_roc_auc: 0.663650
2025-09-27 15:01:52,482 - INFO - Confusion matrix saved to logs/SHU-MI_Model-[12]-[attn]_0927_1455/confusion_matrix.txt
2025-09-27 15:02:02,086 - INFO - Epoch 41, Step 1394, Loss: 0.003430, LR: 0.000009, training_time_mins: 0.160047
2025-09-27 15:02:02,086 - INFO - Validation - Epoch 41, Loss: 0.003430, val_acc: 0.608900, val_pr_auc: 0.679688, val_roc_auc: 0.655666
2025-09-27 15:02:02,087 - INFO - Confusion matrix saved to logs/SHU-MI_Model-[12]-[attn]_0927_1455/confusion_matrix.txt
2025-09-27 15:02:11,570 - INFO - Epoch 42, Step 1428, Loss: 0.002951, LR: 0.000007, training_time_mins: 0.158029
2025-09-27 15:02:11,570 - INFO - Validation - Epoch 42, Loss: 0.002951, val_acc: 0.606425, val_pr_auc: 0.679763, val_roc_auc: 0.655418
2025-09-27 15:02:11,571 - INFO - Confusion matrix saved to logs/SHU-MI_Model-[12]-[attn]_0927_1455/confusion_matrix.txt
2025-09-27 15:02:19,355 - INFO - Epoch 43, Step 1462, Loss: 0.002975, LR: 0.000006, training_time_mins: 0.159000
2025-09-27 15:02:19,355 - INFO - Validation - Epoch 43, Loss: 0.002975, val_acc: 0.603523, val_pr_auc: 0.680038, val_roc_auc: 0.655330
2025-09-27 15:02:19,356 - INFO - Confusion matrix saved to logs/SHU-MI_Model-[12]-[attn]_0927_1455/confusion_matrix.txt
2025-09-27 15:02:28,903 - INFO - Epoch 44, Step 1496, Loss: 0.004710, LR: 0.000004, training_time_mins: 0.159091
2025-09-27 15:02:28,903 - INFO - Validation - Epoch 44, Loss: 0.004710, val_acc: 0.603530, val_pr_auc: 0.680268, val_roc_auc: 0.656246
2025-09-27 15:02:28,903 - INFO - Confusion matrix saved to logs/SHU-MI_Model-[12]-[attn]_0927_1455/confusion_matrix.txt
2025-09-27 15:02:38,460 - INFO - Epoch 45, Step 1530, Loss: 0.002075, LR: 0.000003, training_time_mins: 0.159267
2025-09-27 15:02:38,461 - INFO - Validation - Epoch 45, Loss: 0.002075, val_acc: 0.603521, val_pr_auc: 0.681033, val_roc_auc: 0.656166
2025-09-27 15:02:38,461 - INFO - Confusion matrix saved to logs/SHU-MI_Model-[12]-[attn]_0927_1455/confusion_matrix.txt
2025-09-27 15:02:48,082 - INFO - Epoch 46, Step 1564, Loss: 0.004514, LR: 0.000003, training_time_mins: 0.160334
2025-09-27 15:02:48,082 - INFO - Validation - Epoch 46, Loss: 0.004514, val_acc: 0.602693, val_pr_auc: 0.680896, val_roc_auc: 0.656350
2025-09-27 15:02:48,083 - INFO - Confusion matrix saved to logs/SHU-MI_Model-[12]-[attn]_0927_1455/confusion_matrix.txt
2025-09-27 15:02:55,889 - INFO - Epoch 47, Step 1598, Loss: 0.002453, LR: 0.000002, training_time_mins: 0.159553
2025-09-27 15:02:55,889 - INFO - Validation - Epoch 47, Loss: 0.002453, val_acc: 0.603931, val_pr_auc: 0.680903, val_roc_auc: 0.656515
2025-09-27 15:02:55,889 - INFO - Confusion matrix saved to logs/SHU-MI_Model-[12]-[attn]_0927_1455/confusion_matrix.txt
2025-09-27 15:03:05,586 - INFO - Epoch 48, Step 1632, Loss: 0.002384, LR: 0.000001, training_time_mins: 0.161602
2025-09-27 15:03:05,586 - INFO - Validation - Epoch 48, Loss: 0.002384, val_acc: 0.603106, val_pr_auc: 0.682016, val_roc_auc: 0.657006
2025-09-27 15:03:05,587 - INFO - Confusion matrix saved to logs/SHU-MI_Model-[12]-[attn]_0927_1455/confusion_matrix.txt
2025-09-27 15:03:15,188 - INFO - Epoch 49, Step 1666, Loss: 0.005277, LR: 0.000001, training_time_mins: 0.159993
2025-09-27 15:03:15,188 - INFO - Validation - Epoch 49, Loss: 0.005277, val_acc: 0.603933, val_pr_auc: 0.681513, val_roc_auc: 0.657316
2025-09-27 15:03:15,189 - INFO - Confusion matrix saved to logs/SHU-MI_Model-[12]-[attn]_0927_1455/confusion_matrix.txt
2025-09-27 15:03:23,093 - INFO - Epoch 50, Step 1700, Loss: 0.004481, LR: 0.000001, training_time_mins: 0.161401
2025-09-27 15:03:23,094 - INFO - Validation - Epoch 50, Loss: 0.004481, val_acc: 0.603936, val_pr_auc: 0.681611, val_roc_auc: 0.657327
2025-09-27 15:03:23,094 - INFO - Confusion matrix saved to logs/SHU-MI_Model-[12]-[attn]_0927_1455/confusion_matrix.txt
2025-09-27 15:03:26,284 - INFO - Final Test Results:
2025-09-27 15:03:26,285 - INFO - Test Accuracy: 0.62994
2025-09-27 15:03:26,285 - INFO - Test PR AUC: 0.67657
2025-09-27 15:03:26,285 - INFO - Test ROC AUC: 0.69234
2025-09-27 15:03:26,286 - INFO - Confusion matrix saved to logs/SHU-MI_Model-[12]-[attn]_0927_1455/confusion_matrix.txt
2025-09-27 15:03:27,060 - INFO - Experiment completed and logged successfully
