2025-09-27 13:22:15,616 - INFO - Experiment config saved to logs/SHU-MI_Model-[6,6]-[mamba,attn]_0927_1322/config.json
2025-09-27 13:22:32,799 - INFO - Epoch 1, Step 34, Loss: 1.842496, LR: 0.000100, training_time_mins: 0.285010
2025-09-27 13:22:32,800 - INFO - Validation - Epoch 1, Loss: 1.842496, val_acc: 0.500000, val_pr_auc: 0.621267, val_roc_auc: 0.633355
2025-09-27 13:22:32,801 - INFO - Confusion matrix saved to logs/SHU-MI_Model-[6,6]-[mamba,attn]_0927_1322/confusion_matrix.txt
2025-09-27 13:22:35,629 - INFO - Best model saved to logs/SHU-MI_Model-[6,6]-[mamba,attn]_0927_1322/best_model.pth
2025-09-27 13:22:35,630 - INFO - Checkpoint saved to logs/SHU-MI_Model-[6,6]-[mamba,attn]_0927_1322/latest_checkpoint.pth
2025-09-27 13:22:46,474 - INFO - Epoch 2, Step 68, Loss: 0.744451, LR: 0.000100, training_time_mins: 0.180709
2025-09-27 13:22:46,474 - INFO - Validation - Epoch 2, Loss: 0.744451, val_acc: 0.654116, val_pr_auc: 0.733224, val_roc_auc: 0.699778
2025-09-27 13:22:46,475 - INFO - Confusion matrix saved to logs/SHU-MI_Model-[6,6]-[mamba,attn]_0927_1322/confusion_matrix.txt
2025-09-27 13:22:48,133 - INFO - Best model saved to logs/SHU-MI_Model-[6,6]-[mamba,attn]_0927_1322/best_model.pth
2025-09-27 13:22:48,133 - INFO - Checkpoint saved to logs/SHU-MI_Model-[6,6]-[mamba,attn]_0927_1322/latest_checkpoint.pth
2025-09-27 13:22:57,177 - INFO - Epoch 3, Step 102, Loss: 0.649717, LR: 0.000099, training_time_mins: 0.173540
2025-09-27 13:22:57,178 - INFO - Validation - Epoch 3, Loss: 0.649717, val_acc: 0.636986, val_pr_auc: 0.723582, val_roc_auc: 0.702582
2025-09-27 13:22:57,179 - INFO - Confusion matrix saved to logs/SHU-MI_Model-[6,6]-[mamba,attn]_0927_1322/confusion_matrix.txt
2025-09-27 13:22:58,638 - INFO - Best model saved to logs/SHU-MI_Model-[6,6]-[mamba,attn]_0927_1322/best_model.pth
2025-09-27 13:22:58,638 - INFO - Checkpoint saved to logs/SHU-MI_Model-[6,6]-[mamba,attn]_0927_1322/latest_checkpoint.pth
2025-09-27 13:23:09,170 - INFO - Epoch 4, Step 136, Loss: 0.560220, LR: 0.000098, training_time_mins: 0.175529
2025-09-27 13:23:09,170 - INFO - Validation - Epoch 4, Loss: 0.560220, val_acc: 0.630040, val_pr_auc: 0.700802, val_roc_auc: 0.696549
2025-09-27 13:23:09,171 - INFO - Confusion matrix saved to logs/SHU-MI_Model-[6,6]-[mamba,attn]_0927_1322/confusion_matrix.txt
2025-09-27 13:23:20,083 - INFO - Epoch 5, Step 170, Loss: 0.415979, LR: 0.000098, training_time_mins: 0.181851
2025-09-27 13:23:20,083 - INFO - Validation - Epoch 5, Loss: 0.415979, val_acc: 0.628013, val_pr_auc: 0.700170, val_roc_auc: 0.687618
2025-09-27 13:23:20,084 - INFO - Confusion matrix saved to logs/SHU-MI_Model-[6,6]-[mamba,attn]_0927_1322/confusion_matrix.txt
2025-09-27 13:23:29,180 - INFO - Epoch 6, Step 204, Loss: 0.275642, LR: 0.000097, training_time_mins: 0.175251
2025-09-27 13:23:29,180 - INFO - Validation - Epoch 6, Loss: 0.275642, val_acc: 0.616085, val_pr_auc: 0.663078, val_roc_auc: 0.666530
2025-09-27 13:23:29,180 - INFO - Confusion matrix saved to logs/SHU-MI_Model-[6,6]-[mamba,attn]_0927_1322/confusion_matrix.txt
2025-09-27 13:23:39,329 - INFO - Epoch 7, Step 238, Loss: 0.214702, LR: 0.000095, training_time_mins: 0.169127
2025-09-27 13:23:39,330 - INFO - Validation - Epoch 7, Loss: 0.214702, val_acc: 0.618481, val_pr_auc: 0.665428, val_roc_auc: 0.672162
2025-09-27 13:23:39,331 - INFO - Confusion matrix saved to logs/SHU-MI_Model-[6,6]-[mamba,attn]_0927_1322/confusion_matrix.txt
2025-09-27 13:23:49,582 - INFO - Epoch 8, Step 272, Loss: 0.161760, LR: 0.000094, training_time_mins: 0.170827
2025-09-27 13:23:49,583 - INFO - Validation - Epoch 8, Loss: 0.161760, val_acc: 0.629876, val_pr_auc: 0.692886, val_roc_auc: 0.688296
2025-09-27 13:23:49,583 - INFO - Confusion matrix saved to logs/SHU-MI_Model-[6,6]-[mamba,attn]_0927_1322/confusion_matrix.txt
2025-09-27 13:23:57,842 - INFO - Epoch 9, Step 306, Loss: 0.114903, LR: 0.000092, training_time_mins: 0.165810
2025-09-27 13:23:57,842 - INFO - Validation - Epoch 9, Loss: 0.114903, val_acc: 0.598348, val_pr_auc: 0.662612, val_roc_auc: 0.655362
2025-09-27 13:23:57,843 - INFO - Confusion matrix saved to logs/SHU-MI_Model-[6,6]-[mamba,attn]_0927_1322/confusion_matrix.txt
2025-09-27 13:24:08,567 - INFO - Epoch 10, Step 340, Loss: 0.108318, LR: 0.000091, training_time_mins: 0.178699
2025-09-27 13:24:08,567 - INFO - Validation - Epoch 10, Loss: 0.108318, val_acc: 0.616414, val_pr_auc: 0.671615, val_roc_auc: 0.666235
2025-09-27 13:24:08,568 - INFO - Confusion matrix saved to logs/SHU-MI_Model-[6,6]-[mamba,attn]_0927_1322/confusion_matrix.txt
2025-09-27 13:24:19,351 - INFO - Epoch 11, Step 374, Loss: 0.082655, LR: 0.000089, training_time_mins: 0.179690
2025-09-27 13:24:19,351 - INFO - Validation - Epoch 11, Loss: 0.082655, val_acc: 0.628781, val_pr_auc: 0.703907, val_roc_auc: 0.691114
2025-09-27 13:24:19,353 - INFO - Confusion matrix saved to logs/SHU-MI_Model-[6,6]-[mamba,attn]_0927_1322/confusion_matrix.txt
2025-09-27 13:24:28,257 - INFO - Epoch 12, Step 408, Loss: 0.058259, LR: 0.000087, training_time_mins: 0.173837
2025-09-27 13:24:28,258 - INFO - Validation - Epoch 12, Loss: 0.058259, val_acc: 0.596147, val_pr_auc: 0.664557, val_roc_auc: 0.653859
2025-09-27 13:24:28,258 - INFO - Confusion matrix saved to logs/SHU-MI_Model-[6,6]-[mamba,attn]_0927_1322/confusion_matrix.txt
2025-09-27 13:24:38,663 - INFO - Epoch 13, Step 442, Loss: 0.049511, LR: 0.000084, training_time_mins: 0.173412
2025-09-27 13:24:38,664 - INFO - Validation - Epoch 13, Loss: 0.049511, val_acc: 0.616938, val_pr_auc: 0.689765, val_roc_auc: 0.677465
2025-09-27 13:24:38,665 - INFO - Confusion matrix saved to logs/SHU-MI_Model-[6,6]-[mamba,attn]_0927_1322/confusion_matrix.txt
2025-09-27 13:24:49,067 - INFO - Epoch 14, Step 476, Loss: 0.055204, LR: 0.000082, training_time_mins: 0.173339
2025-09-27 13:24:49,067 - INFO - Validation - Epoch 14, Loss: 0.055204, val_acc: 0.626026, val_pr_auc: 0.698850, val_roc_auc: 0.680432
2025-09-27 13:24:49,068 - INFO - Confusion matrix saved to logs/SHU-MI_Model-[6,6]-[mamba,attn]_0927_1322/confusion_matrix.txt
2025-09-27 13:24:57,143 - INFO - Epoch 15, Step 510, Loss: 0.068247, LR: 0.000080, training_time_mins: 0.165914
2025-09-27 13:24:57,143 - INFO - Validation - Epoch 15, Loss: 0.068247, val_acc: 0.624243, val_pr_auc: 0.692885, val_roc_auc: 0.673278
2025-09-27 13:24:57,144 - INFO - Confusion matrix saved to logs/SHU-MI_Model-[6,6]-[mamba,attn]_0927_1322/confusion_matrix.txt
2025-09-27 13:25:07,318 - INFO - Epoch 16, Step 544, Loss: 0.036119, LR: 0.000077, training_time_mins: 0.169543
2025-09-27 13:25:07,318 - INFO - Validation - Epoch 16, Loss: 0.036119, val_acc: 0.624238, val_pr_auc: 0.721831, val_roc_auc: 0.696974
2025-09-27 13:25:07,319 - INFO - Confusion matrix saved to logs/SHU-MI_Model-[6,6]-[mamba,attn]_0927_1322/confusion_matrix.txt
2025-09-27 13:25:17,722 - INFO - Epoch 17, Step 578, Loss: 0.027741, LR: 0.000074, training_time_mins: 0.173364
2025-09-27 13:25:17,722 - INFO - Validation - Epoch 17, Loss: 0.027741, val_acc: 0.639718, val_pr_auc: 0.712631, val_roc_auc: 0.694225
2025-09-27 13:25:17,722 - INFO - Confusion matrix saved to logs/SHU-MI_Model-[6,6]-[mamba,attn]_0927_1322/confusion_matrix.txt
2025-09-27 13:25:25,712 - INFO - Epoch 18, Step 612, Loss: 0.020737, LR: 0.000072, training_time_mins: 0.163172
2025-09-27 13:25:25,712 - INFO - Validation - Epoch 18, Loss: 0.020737, val_acc: 0.620262, val_pr_auc: 0.691281, val_roc_auc: 0.678575
2025-09-27 13:25:25,713 - INFO - Confusion matrix saved to logs/SHU-MI_Model-[6,6]-[mamba,attn]_0927_1322/confusion_matrix.txt
2025-09-27 13:25:35,943 - INFO - Epoch 19, Step 646, Loss: 0.037895, LR: 0.000069, training_time_mins: 0.170482
2025-09-27 13:25:35,944 - INFO - Validation - Epoch 19, Loss: 0.037895, val_acc: 0.627809, val_pr_auc: 0.698535, val_roc_auc: 0.685723
2025-09-27 13:25:35,944 - INFO - Confusion matrix saved to logs/SHU-MI_Model-[6,6]-[mamba,attn]_0927_1322/confusion_matrix.txt
2025-09-27 13:25:46,263 - INFO - Epoch 20, Step 680, Loss: 0.030125, LR: 0.000066, training_time_mins: 0.171948
2025-09-27 13:25:46,264 - INFO - Validation - Epoch 20, Loss: 0.030125, val_acc: 0.623593, val_pr_auc: 0.694599, val_roc_auc: 0.676079
2025-09-27 13:25:46,265 - INFO - Confusion matrix saved to logs/SHU-MI_Model-[6,6]-[mamba,attn]_0927_1322/confusion_matrix.txt
2025-09-27 13:25:54,983 - INFO - Epoch 21, Step 714, Loss: 0.015496, LR: 0.000063, training_time_mins: 0.173066
2025-09-27 13:25:54,984 - INFO - Validation - Epoch 21, Loss: 0.015496, val_acc: 0.649261, val_pr_auc: 0.719009, val_roc_auc: 0.704166
2025-09-27 13:25:54,985 - INFO - Confusion matrix saved to logs/SHU-MI_Model-[6,6]-[mamba,attn]_0927_1322/confusion_matrix.txt
2025-09-27 13:25:56,619 - INFO - Best model saved to logs/SHU-MI_Model-[6,6]-[mamba,attn]_0927_1322/best_model.pth
2025-09-27 13:25:56,620 - INFO - Checkpoint saved to logs/SHU-MI_Model-[6,6]-[mamba,attn]_0927_1322/latest_checkpoint.pth
2025-09-27 13:26:07,002 - INFO - Epoch 22, Step 748, Loss: 0.009742, LR: 0.000060, training_time_mins: 0.173021
2025-09-27 13:26:07,003 - INFO - Validation - Epoch 22, Loss: 0.009742, val_acc: 0.638841, val_pr_auc: 0.718355, val_roc_auc: 0.698909
2025-09-27 13:26:07,003 - INFO - Confusion matrix saved to logs/SHU-MI_Model-[6,6]-[mamba,attn]_0927_1322/confusion_matrix.txt
2025-09-27 13:26:17,370 - INFO - Epoch 23, Step 782, Loss: 0.018835, LR: 0.000057, training_time_mins: 0.172764
2025-09-27 13:26:17,370 - INFO - Validation - Epoch 23, Loss: 0.018835, val_acc: 0.639258, val_pr_auc: 0.709444, val_roc_auc: 0.694614
2025-09-27 13:26:17,371 - INFO - Confusion matrix saved to logs/SHU-MI_Model-[6,6]-[mamba,attn]_0927_1322/confusion_matrix.txt
2025-09-27 13:26:25,841 - INFO - Epoch 24, Step 816, Loss: 0.016208, LR: 0.000054, training_time_mins: 0.169902
2025-09-27 13:26:25,841 - INFO - Validation - Epoch 24, Loss: 0.016208, val_acc: 0.637496, val_pr_auc: 0.714248, val_roc_auc: 0.698348
2025-09-27 13:26:25,841 - INFO - Confusion matrix saved to logs/SHU-MI_Model-[6,6]-[mamba,attn]_0927_1322/confusion_matrix.txt
2025-09-27 13:26:36,097 - INFO - Epoch 25, Step 850, Loss: 0.013272, LR: 0.000050, training_time_mins: 0.170918
2025-09-27 13:26:36,098 - INFO - Validation - Epoch 25, Loss: 0.013272, val_acc: 0.626071, val_pr_auc: 0.706931, val_roc_auc: 0.690130
2025-09-27 13:26:36,098 - INFO - Confusion matrix saved to logs/SHU-MI_Model-[6,6]-[mamba,attn]_0927_1322/confusion_matrix.txt
2025-09-27 13:26:46,550 - INFO - Epoch 26, Step 884, Loss: 0.013735, LR: 0.000047, training_time_mins: 0.174173
2025-09-27 13:26:46,550 - INFO - Validation - Epoch 26, Loss: 0.013735, val_acc: 0.632273, val_pr_auc: 0.707277, val_roc_auc: 0.697421
2025-09-27 13:26:46,550 - INFO - Confusion matrix saved to logs/SHU-MI_Model-[6,6]-[mamba,attn]_0927_1322/confusion_matrix.txt
2025-09-27 13:26:56,890 - INFO - Epoch 27, Step 918, Loss: 0.007014, LR: 0.000044, training_time_mins: 0.172309
2025-09-27 13:26:56,890 - INFO - Validation - Epoch 27, Loss: 0.007014, val_acc: 0.633983, val_pr_auc: 0.704462, val_roc_auc: 0.693969
2025-09-27 13:26:56,891 - INFO - Confusion matrix saved to logs/SHU-MI_Model-[6,6]-[mamba,attn]_0927_1322/confusion_matrix.txt
2025-09-27 13:27:05,283 - INFO - Epoch 28, Step 952, Loss: 0.006874, LR: 0.000041, training_time_mins: 0.169605
2025-09-27 13:27:05,283 - INFO - Validation - Epoch 28, Loss: 0.006874, val_acc: 0.634046, val_pr_auc: 0.703844, val_roc_auc: 0.694700
2025-09-27 13:27:05,284 - INFO - Confusion matrix saved to logs/SHU-MI_Model-[6,6]-[mamba,attn]_0927_1322/confusion_matrix.txt
2025-09-27 13:27:15,576 - INFO - Epoch 29, Step 986, Loss: 0.012950, LR: 0.000038, training_time_mins: 0.171507
2025-09-27 13:27:15,576 - INFO - Validation - Epoch 29, Loss: 0.012950, val_acc: 0.630675, val_pr_auc: 0.710933, val_roc_auc: 0.698368
2025-09-27 13:27:15,577 - INFO - Confusion matrix saved to logs/SHU-MI_Model-[6,6]-[mamba,attn]_0927_1322/confusion_matrix.txt
2025-09-27 13:27:26,002 - INFO - Epoch 30, Step 1020, Loss: 0.006113, LR: 0.000035, training_time_mins: 0.173728
2025-09-27 13:27:26,002 - INFO - Validation - Epoch 30, Loss: 0.006113, val_acc: 0.635147, val_pr_auc: 0.714862, val_roc_auc: 0.701787
2025-09-27 13:27:26,002 - INFO - Confusion matrix saved to logs/SHU-MI_Model-[6,6]-[mamba,attn]_0927_1322/confusion_matrix.txt
2025-09-27 13:27:34,764 - INFO - Epoch 31, Step 1054, Loss: 0.005106, LR: 0.000032, training_time_mins: 0.173310
2025-09-27 13:27:34,765 - INFO - Validation - Epoch 31, Loss: 0.005106, val_acc: 0.635635, val_pr_auc: 0.712743, val_roc_auc: 0.701306
2025-09-27 13:27:34,767 - INFO - Confusion matrix saved to logs/SHU-MI_Model-[6,6]-[mamba,attn]_0927_1322/confusion_matrix.txt
2025-09-27 13:27:45,378 - INFO - Epoch 32, Step 1088, Loss: 0.007053, LR: 0.000029, training_time_mins: 0.176800
2025-09-27 13:27:45,378 - INFO - Validation - Epoch 32, Loss: 0.007053, val_acc: 0.640462, val_pr_auc: 0.716905, val_roc_auc: 0.705530
2025-09-27 13:27:45,379 - INFO - Confusion matrix saved to logs/SHU-MI_Model-[6,6]-[mamba,attn]_0927_1322/confusion_matrix.txt
2025-09-27 13:27:46,881 - INFO - Best model saved to logs/SHU-MI_Model-[6,6]-[mamba,attn]_0927_1322/best_model.pth
2025-09-27 13:27:46,881 - INFO - Checkpoint saved to logs/SHU-MI_Model-[6,6]-[mamba,attn]_0927_1322/latest_checkpoint.pth
2025-09-27 13:27:57,134 - INFO - Epoch 33, Step 1122, Loss: 0.004098, LR: 0.000027, training_time_mins: 0.170875
2025-09-27 13:27:57,135 - INFO - Validation - Epoch 33, Loss: 0.004098, val_acc: 0.636045, val_pr_auc: 0.715491, val_roc_auc: 0.705530
2025-09-27 13:27:57,135 - INFO - Confusion matrix saved to logs/SHU-MI_Model-[6,6]-[mamba,attn]_0927_1322/confusion_matrix.txt
2025-09-27 13:28:05,628 - INFO - Epoch 34, Step 1156, Loss: 0.004136, LR: 0.000024, training_time_mins: 0.170810
2025-09-27 13:28:05,628 - INFO - Validation - Epoch 34, Loss: 0.004136, val_acc: 0.634822, val_pr_auc: 0.709452, val_roc_auc: 0.700804
2025-09-27 13:28:05,629 - INFO - Confusion matrix saved to logs/SHU-MI_Model-[6,6]-[mamba,attn]_0927_1322/confusion_matrix.txt
2025-09-27 13:28:16,026 - INFO - Epoch 35, Step 1190, Loss: 0.003483, LR: 0.000021, training_time_mins: 0.173282
2025-09-27 13:28:16,027 - INFO - Validation - Epoch 35, Loss: 0.003483, val_acc: 0.635955, val_pr_auc: 0.709233, val_roc_auc: 0.700461
2025-09-27 13:28:16,027 - INFO - Confusion matrix saved to logs/SHU-MI_Model-[6,6]-[mamba,attn]_0927_1322/confusion_matrix.txt
2025-09-27 13:28:26,564 - INFO - Epoch 36, Step 1224, Loss: 0.003731, LR: 0.000019, training_time_mins: 0.175589
2025-09-27 13:28:26,564 - INFO - Validation - Epoch 36, Loss: 0.003731, val_acc: 0.636462, val_pr_auc: 0.712827, val_roc_auc: 0.702633
2025-09-27 13:28:26,565 - INFO - Confusion matrix saved to logs/SHU-MI_Model-[6,6]-[mamba,attn]_0927_1322/confusion_matrix.txt
2025-09-27 13:28:35,099 - INFO - Epoch 37, Step 1258, Loss: 0.001939, LR: 0.000017, training_time_mins: 0.170826
2025-09-27 13:28:35,100 - INFO - Validation - Epoch 37, Loss: 0.001939, val_acc: 0.641795, val_pr_auc: 0.714613, val_roc_auc: 0.703486
2025-09-27 13:28:35,101 - INFO - Confusion matrix saved to logs/SHU-MI_Model-[6,6]-[mamba,attn]_0927_1322/confusion_matrix.txt
2025-09-27 13:28:45,409 - INFO - Epoch 38, Step 1292, Loss: 0.003543, LR: 0.000014, training_time_mins: 0.171770
2025-09-27 13:28:45,409 - INFO - Validation - Epoch 38, Loss: 0.003543, val_acc: 0.643383, val_pr_auc: 0.715766, val_roc_auc: 0.703901
2025-09-27 13:28:45,410 - INFO - Confusion matrix saved to logs/SHU-MI_Model-[6,6]-[mamba,attn]_0927_1322/confusion_matrix.txt
2025-09-27 13:28:55,759 - INFO - Epoch 39, Step 1326, Loss: 0.002549, LR: 0.000012, training_time_mins: 0.172469
2025-09-27 13:28:55,760 - INFO - Validation - Epoch 39, Loss: 0.002549, val_acc: 0.643369, val_pr_auc: 0.716315, val_roc_auc: 0.704536
2025-09-27 13:28:55,760 - INFO - Confusion matrix saved to logs/SHU-MI_Model-[6,6]-[mamba,attn]_0927_1322/confusion_matrix.txt
2025-09-27 13:29:04,113 - INFO - Epoch 40, Step 1360, Loss: 0.002594, LR: 0.000010, training_time_mins: 0.169053
2025-09-27 13:29:04,114 - INFO - Validation - Epoch 40, Loss: 0.002594, val_acc: 0.642964, val_pr_auc: 0.716595, val_roc_auc: 0.704007
2025-09-27 13:29:04,115 - INFO - Confusion matrix saved to logs/SHU-MI_Model-[6,6]-[mamba,attn]_0927_1322/confusion_matrix.txt
2025-09-27 13:29:14,526 - INFO - Epoch 41, Step 1394, Loss: 0.002895, LR: 0.000009, training_time_mins: 0.173500
2025-09-27 13:29:14,527 - INFO - Validation - Epoch 41, Loss: 0.002895, val_acc: 0.642131, val_pr_auc: 0.715173, val_roc_auc: 0.703234
2025-09-27 13:29:14,527 - INFO - Confusion matrix saved to logs/SHU-MI_Model-[6,6]-[mamba,attn]_0927_1322/confusion_matrix.txt
2025-09-27 13:29:24,911 - INFO - Epoch 42, Step 1428, Loss: 0.002863, LR: 0.000007, training_time_mins: 0.173041
2025-09-27 13:29:24,911 - INFO - Validation - Epoch 42, Loss: 0.002863, val_acc: 0.639256, val_pr_auc: 0.715473, val_roc_auc: 0.703259
2025-09-27 13:29:24,912 - INFO - Confusion matrix saved to logs/SHU-MI_Model-[6,6]-[mamba,attn]_0927_1322/confusion_matrix.txt
2025-09-27 13:29:33,586 - INFO - Epoch 43, Step 1462, Loss: 0.002167, LR: 0.000006, training_time_mins: 0.171921
2025-09-27 13:29:33,587 - INFO - Validation - Epoch 43, Loss: 0.002167, val_acc: 0.642542, val_pr_auc: 0.715384, val_roc_auc: 0.702864
2025-09-27 13:29:33,587 - INFO - Confusion matrix saved to logs/SHU-MI_Model-[6,6]-[mamba,attn]_0927_1322/confusion_matrix.txt
2025-09-27 13:29:43,905 - INFO - Epoch 44, Step 1496, Loss: 0.002005, LR: 0.000004, training_time_mins: 0.171929
2025-09-27 13:29:43,905 - INFO - Validation - Epoch 44, Loss: 0.002005, val_acc: 0.640882, val_pr_auc: 0.715346, val_roc_auc: 0.702619
2025-09-27 13:29:43,905 - INFO - Confusion matrix saved to logs/SHU-MI_Model-[6,6]-[mamba,attn]_0927_1322/confusion_matrix.txt
2025-09-27 13:29:54,311 - INFO - Epoch 45, Step 1530, Loss: 0.002136, LR: 0.000003, training_time_mins: 0.173394
2025-09-27 13:29:54,311 - INFO - Validation - Epoch 45, Loss: 0.002136, val_acc: 0.640073, val_pr_auc: 0.716022, val_roc_auc: 0.702833
2025-09-27 13:29:54,312 - INFO - Confusion matrix saved to logs/SHU-MI_Model-[6,6]-[mamba,attn]_0927_1322/confusion_matrix.txt
2025-09-27 13:30:02,771 - INFO - Epoch 46, Step 1564, Loss: 0.002167, LR: 0.000003, training_time_mins: 0.170559
2025-09-27 13:30:02,771 - INFO - Validation - Epoch 46, Loss: 0.002167, val_acc: 0.641311, val_pr_auc: 0.716174, val_roc_auc: 0.703031
2025-09-27 13:30:02,772 - INFO - Confusion matrix saved to logs/SHU-MI_Model-[6,6]-[mamba,attn]_0927_1322/confusion_matrix.txt
2025-09-27 13:30:13,151 - INFO - Epoch 47, Step 1598, Loss: 0.002772, LR: 0.000002, training_time_mins: 0.172961
2025-09-27 13:30:13,151 - INFO - Validation - Epoch 47, Loss: 0.002772, val_acc: 0.640491, val_pr_auc: 0.716328, val_roc_auc: 0.703062
2025-09-27 13:30:13,152 - INFO - Confusion matrix saved to logs/SHU-MI_Model-[6,6]-[mamba,attn]_0927_1322/confusion_matrix.txt
2025-09-27 13:30:23,494 - INFO - Epoch 48, Step 1632, Loss: 0.002307, LR: 0.000001, training_time_mins: 0.172342
2025-09-27 13:30:23,494 - INFO - Validation - Epoch 48, Loss: 0.002307, val_acc: 0.640496, val_pr_auc: 0.715441, val_roc_auc: 0.702610
2025-09-27 13:30:23,495 - INFO - Confusion matrix saved to logs/SHU-MI_Model-[6,6]-[mamba,attn]_0927_1322/confusion_matrix.txt
2025-09-27 13:30:31,998 - INFO - Epoch 49, Step 1666, Loss: 0.002593, LR: 0.000001, training_time_mins: 0.170580
2025-09-27 13:30:31,998 - INFO - Validation - Epoch 49, Loss: 0.002593, val_acc: 0.640496, val_pr_auc: 0.715405, val_roc_auc: 0.702597
2025-09-27 13:30:31,999 - INFO - Confusion matrix saved to logs/SHU-MI_Model-[6,6]-[mamba,attn]_0927_1322/confusion_matrix.txt
2025-09-27 13:30:42,340 - INFO - Epoch 50, Step 1700, Loss: 0.002561, LR: 0.000001, training_time_mins: 0.172334
2025-09-27 13:30:42,340 - INFO - Validation - Epoch 50, Loss: 0.002561, val_acc: 0.640493, val_pr_auc: 0.715713, val_roc_auc: 0.702710
2025-09-27 13:30:42,341 - INFO - Confusion matrix saved to logs/SHU-MI_Model-[6,6]-[mamba,attn]_0927_1322/confusion_matrix.txt
2025-09-27 13:30:47,985 - INFO - Final Test Results:
2025-09-27 13:30:47,985 - INFO - Test Accuracy: 0.60774
2025-09-27 13:30:47,985 - INFO - Test PR AUC: 0.63548
2025-09-27 13:30:47,985 - INFO - Test ROC AUC: 0.64162
2025-09-27 13:30:47,986 - INFO - Confusion matrix saved to logs/SHU-MI_Model-[6,6]-[mamba,attn]_0927_1322/confusion_matrix.txt
2025-09-27 13:30:49,091 - INFO - Experiment completed and logged successfully
