2025-09-27 14:28:16,213 - INFO - Experiment config saved to logs/SHU-MI_Model-[4,8]-[mamba,attn]_0927_1428/config.json
2025-09-27 14:28:26,004 - INFO - Epoch 1, Step 34, Loss: 2.294578, LR: 0.000100, training_time_mins: 0.193468
2025-09-27 14:28:26,005 - INFO - Validation - Epoch 1, Loss: 2.294578, val_acc: 0.504476, val_pr_auc: 0.541128, val_roc_auc: 0.553591
2025-09-27 14:28:26,006 - INFO - Confusion matrix saved to logs/SHU-MI_Model-[4,8]-[mamba,attn]_0927_1428/confusion_matrix.txt
2025-09-27 14:28:29,778 - INFO - Best model saved to logs/SHU-MI_Model-[4,8]-[mamba,attn]_0927_1428/best_model.pth
2025-09-27 14:28:29,779 - INFO - Checkpoint saved to logs/SHU-MI_Model-[4,8]-[mamba,attn]_0927_1428/latest_checkpoint.pth
2025-09-27 14:28:40,106 - INFO - Epoch 2, Step 68, Loss: 0.709838, LR: 0.000100, training_time_mins: 0.172102
2025-09-27 14:28:40,107 - INFO - Validation - Epoch 2, Loss: 0.709838, val_acc: 0.630599, val_pr_auc: 0.659353, val_roc_auc: 0.657777
2025-09-27 14:28:40,108 - INFO - Confusion matrix saved to logs/SHU-MI_Model-[4,8]-[mamba,attn]_0927_1428/confusion_matrix.txt
2025-09-27 14:28:41,794 - INFO - Best model saved to logs/SHU-MI_Model-[4,8]-[mamba,attn]_0927_1428/best_model.pth
2025-09-27 14:28:41,795 - INFO - Checkpoint saved to logs/SHU-MI_Model-[4,8]-[mamba,attn]_0927_1428/latest_checkpoint.pth
2025-09-27 14:28:49,951 - INFO - Epoch 3, Step 102, Loss: 0.686202, LR: 0.000099, training_time_mins: 0.166820
2025-09-27 14:28:49,951 - INFO - Validation - Epoch 3, Loss: 0.686202, val_acc: 0.595790, val_pr_auc: 0.732231, val_roc_auc: 0.698708
2025-09-27 14:28:49,952 - INFO - Confusion matrix saved to logs/SHU-MI_Model-[4,8]-[mamba,attn]_0927_1428/confusion_matrix.txt
2025-09-27 14:28:51,350 - INFO - Best model saved to logs/SHU-MI_Model-[4,8]-[mamba,attn]_0927_1428/best_model.pth
2025-09-27 14:28:51,350 - INFO - Checkpoint saved to logs/SHU-MI_Model-[4,8]-[mamba,attn]_0927_1428/latest_checkpoint.pth
2025-09-27 14:29:01,244 - INFO - Epoch 4, Step 136, Loss: 0.634965, LR: 0.000098, training_time_mins: 0.164884
2025-09-27 14:29:01,245 - INFO - Validation - Epoch 4, Loss: 0.634965, val_acc: 0.619467, val_pr_auc: 0.694000, val_roc_auc: 0.689050
2025-09-27 14:29:01,245 - INFO - Confusion matrix saved to logs/SHU-MI_Model-[4,8]-[mamba,attn]_0927_1428/confusion_matrix.txt
2025-09-27 14:29:11,217 - INFO - Epoch 5, Step 170, Loss: 0.550161, LR: 0.000098, training_time_mins: 0.166170
2025-09-27 14:29:11,217 - INFO - Validation - Epoch 5, Loss: 0.550161, val_acc: 0.588900, val_pr_auc: 0.697464, val_roc_auc: 0.671875
2025-09-27 14:29:11,218 - INFO - Confusion matrix saved to logs/SHU-MI_Model-[4,8]-[mamba,attn]_0927_1428/confusion_matrix.txt
2025-09-27 14:29:21,218 - INFO - Epoch 6, Step 204, Loss: 0.426893, LR: 0.000097, training_time_mins: 0.166644
2025-09-27 14:29:21,218 - INFO - Validation - Epoch 6, Loss: 0.426893, val_acc: 0.570757, val_pr_auc: 0.680063, val_roc_auc: 0.658758
2025-09-27 14:29:21,219 - INFO - Confusion matrix saved to logs/SHU-MI_Model-[4,8]-[mamba,attn]_0927_1428/confusion_matrix.txt
2025-09-27 14:29:29,236 - INFO - Epoch 7, Step 238, Loss: 0.310285, LR: 0.000095, training_time_mins: 0.165786
2025-09-27 14:29:29,237 - INFO - Validation - Epoch 7, Loss: 0.310285, val_acc: 0.611274, val_pr_auc: 0.687645, val_roc_auc: 0.680600
2025-09-27 14:29:29,238 - INFO - Confusion matrix saved to logs/SHU-MI_Model-[4,8]-[mamba,attn]_0927_1428/confusion_matrix.txt
2025-09-27 14:29:39,252 - INFO - Epoch 8, Step 272, Loss: 0.223071, LR: 0.000094, training_time_mins: 0.166880
2025-09-27 14:29:39,252 - INFO - Validation - Epoch 8, Loss: 0.223071, val_acc: 0.605261, val_pr_auc: 0.666984, val_roc_auc: 0.646423
2025-09-27 14:29:39,253 - INFO - Confusion matrix saved to logs/SHU-MI_Model-[4,8]-[mamba,attn]_0927_1428/confusion_matrix.txt
2025-09-27 14:29:49,266 - INFO - Epoch 9, Step 306, Loss: 0.163554, LR: 0.000092, training_time_mins: 0.166868
2025-09-27 14:29:49,266 - INFO - Validation - Epoch 9, Loss: 0.163554, val_acc: 0.618038, val_pr_auc: 0.656806, val_roc_auc: 0.652544
2025-09-27 14:29:49,266 - INFO - Confusion matrix saved to logs/SHU-MI_Model-[4,8]-[mamba,attn]_0927_1428/confusion_matrix.txt
2025-09-27 14:29:57,038 - INFO - Epoch 10, Step 340, Loss: 0.142814, LR: 0.000091, training_time_mins: 0.160250
2025-09-27 14:29:57,038 - INFO - Validation - Epoch 10, Loss: 0.142814, val_acc: 0.598111, val_pr_auc: 0.684962, val_roc_auc: 0.669556
2025-09-27 14:29:57,039 - INFO - Confusion matrix saved to logs/SHU-MI_Model-[4,8]-[mamba,attn]_0927_1428/confusion_matrix.txt
2025-09-27 14:30:06,982 - INFO - Epoch 11, Step 374, Loss: 0.106845, LR: 0.000089, training_time_mins: 0.165705
2025-09-27 14:30:06,982 - INFO - Validation - Epoch 11, Loss: 0.106845, val_acc: 0.620672, val_pr_auc: 0.681591, val_roc_auc: 0.676289
2025-09-27 14:30:06,983 - INFO - Confusion matrix saved to logs/SHU-MI_Model-[4,8]-[mamba,attn]_0927_1428/confusion_matrix.txt
2025-09-27 14:30:16,798 - INFO - Epoch 12, Step 408, Loss: 0.084487, LR: 0.000087, training_time_mins: 0.163584
2025-09-27 14:30:16,798 - INFO - Validation - Epoch 12, Loss: 0.084487, val_acc: 0.597240, val_pr_auc: 0.689854, val_roc_auc: 0.659681
2025-09-27 14:30:16,799 - INFO - Confusion matrix saved to logs/SHU-MI_Model-[4,8]-[mamba,attn]_0927_1428/confusion_matrix.txt
2025-09-27 14:30:24,789 - INFO - Epoch 13, Step 442, Loss: 0.076964, LR: 0.000084, training_time_mins: 0.163726
2025-09-27 14:30:24,789 - INFO - Validation - Epoch 13, Loss: 0.076964, val_acc: 0.598578, val_pr_auc: 0.664713, val_roc_auc: 0.658948
2025-09-27 14:30:24,789 - INFO - Confusion matrix saved to logs/SHU-MI_Model-[4,8]-[mamba,attn]_0927_1428/confusion_matrix.txt
2025-09-27 14:30:34,771 - INFO - Epoch 14, Step 476, Loss: 0.076696, LR: 0.000082, training_time_mins: 0.166343
2025-09-27 14:30:34,771 - INFO - Validation - Epoch 14, Loss: 0.076696, val_acc: 0.617644, val_pr_auc: 0.666940, val_roc_auc: 0.661536
2025-09-27 14:30:34,772 - INFO - Confusion matrix saved to logs/SHU-MI_Model-[4,8]-[mamba,attn]_0927_1428/confusion_matrix.txt
2025-09-27 14:30:44,812 - INFO - Epoch 15, Step 510, Loss: 0.060771, LR: 0.000080, training_time_mins: 0.167298
2025-09-27 14:30:44,812 - INFO - Validation - Epoch 15, Loss: 0.060771, val_acc: 0.589694, val_pr_auc: 0.667162, val_roc_auc: 0.648198
2025-09-27 14:30:44,812 - INFO - Confusion matrix saved to logs/SHU-MI_Model-[4,8]-[mamba,attn]_0927_1428/confusion_matrix.txt
2025-09-27 14:30:53,023 - INFO - Epoch 16, Step 544, Loss: 0.052746, LR: 0.000077, training_time_mins: 0.166678
2025-09-27 14:30:53,023 - INFO - Validation - Epoch 16, Loss: 0.052746, val_acc: 0.609470, val_pr_auc: 0.680942, val_roc_auc: 0.670343
2025-09-27 14:30:53,024 - INFO - Confusion matrix saved to logs/SHU-MI_Model-[4,8]-[mamba,attn]_0927_1428/confusion_matrix.txt
2025-09-27 14:31:02,968 - INFO - Epoch 17, Step 578, Loss: 0.041629, LR: 0.000074, training_time_mins: 0.165731
2025-09-27 14:31:02,968 - INFO - Validation - Epoch 17, Loss: 0.041629, val_acc: 0.605880, val_pr_auc: 0.672682, val_roc_auc: 0.663697
2025-09-27 14:31:02,969 - INFO - Confusion matrix saved to logs/SHU-MI_Model-[4,8]-[mamba,attn]_0927_1428/confusion_matrix.txt
2025-09-27 14:31:13,032 - INFO - Epoch 18, Step 612, Loss: 0.040959, LR: 0.000072, training_time_mins: 0.167709
2025-09-27 14:31:13,032 - INFO - Validation - Epoch 18, Loss: 0.040959, val_acc: 0.610043, val_pr_auc: 0.679859, val_roc_auc: 0.666093
2025-09-27 14:31:13,033 - INFO - Confusion matrix saved to logs/SHU-MI_Model-[4,8]-[mamba,attn]_0927_1428/confusion_matrix.txt
2025-09-27 14:31:22,991 - INFO - Epoch 19, Step 646, Loss: 0.035850, LR: 0.000069, training_time_mins: 0.165943
2025-09-27 14:31:22,991 - INFO - Validation - Epoch 19, Loss: 0.035850, val_acc: 0.602636, val_pr_auc: 0.683027, val_roc_auc: 0.654076
2025-09-27 14:31:22,992 - INFO - Confusion matrix saved to logs/SHU-MI_Model-[4,8]-[mamba,attn]_0927_1428/confusion_matrix.txt
2025-09-27 14:31:30,860 - INFO - Epoch 20, Step 680, Loss: 0.040596, LR: 0.000066, training_time_mins: 0.162310
2025-09-27 14:31:30,860 - INFO - Validation - Epoch 20, Loss: 0.040596, val_acc: 0.603443, val_pr_auc: 0.683849, val_roc_auc: 0.663355
2025-09-27 14:31:30,862 - INFO - Confusion matrix saved to logs/SHU-MI_Model-[4,8]-[mamba,attn]_0927_1428/confusion_matrix.txt
2025-09-27 14:31:40,781 - INFO - Epoch 21, Step 714, Loss: 0.019210, LR: 0.000063, training_time_mins: 0.165274
2025-09-27 14:31:40,781 - INFO - Validation - Epoch 21, Loss: 0.019210, val_acc: 0.610800, val_pr_auc: 0.693963, val_roc_auc: 0.664125
2025-09-27 14:31:40,782 - INFO - Confusion matrix saved to logs/SHU-MI_Model-[4,8]-[mamba,attn]_0927_1428/confusion_matrix.txt
2025-09-27 14:31:50,763 - INFO - Epoch 22, Step 748, Loss: 0.019780, LR: 0.000060, training_time_mins: 0.166326
2025-09-27 14:31:50,764 - INFO - Validation - Epoch 22, Loss: 0.019780, val_acc: 0.624525, val_pr_auc: 0.696807, val_roc_auc: 0.678310
2025-09-27 14:31:50,765 - INFO - Confusion matrix saved to logs/SHU-MI_Model-[4,8]-[mamba,attn]_0927_1428/confusion_matrix.txt
2025-09-27 14:31:58,842 - INFO - Epoch 23, Step 782, Loss: 0.023386, LR: 0.000057, training_time_mins: 0.165236
2025-09-27 14:31:58,842 - INFO - Validation - Epoch 23, Loss: 0.023386, val_acc: 0.622035, val_pr_auc: 0.696588, val_roc_auc: 0.675357
2025-09-27 14:31:58,843 - INFO - Confusion matrix saved to logs/SHU-MI_Model-[4,8]-[mamba,attn]_0927_1428/confusion_matrix.txt
2025-09-27 14:32:08,903 - INFO - Epoch 24, Step 816, Loss: 0.026394, LR: 0.000054, training_time_mins: 0.167645
2025-09-27 14:32:08,903 - INFO - Validation - Epoch 24, Loss: 0.026394, val_acc: 0.607110, val_pr_auc: 0.684225, val_roc_auc: 0.664651
2025-09-27 14:32:08,904 - INFO - Confusion matrix saved to logs/SHU-MI_Model-[4,8]-[mamba,attn]_0927_1428/confusion_matrix.txt
2025-09-27 14:32:18,908 - INFO - Epoch 25, Step 850, Loss: 0.013795, LR: 0.000050, training_time_mins: 0.166727
2025-09-27 14:32:18,909 - INFO - Validation - Epoch 25, Loss: 0.013795, val_acc: 0.621440, val_pr_auc: 0.703519, val_roc_auc: 0.680281
2025-09-27 14:32:18,909 - INFO - Confusion matrix saved to logs/SHU-MI_Model-[4,8]-[mamba,attn]_0927_1428/confusion_matrix.txt
2025-09-27 14:32:26,890 - INFO - Epoch 26, Step 884, Loss: 0.017841, LR: 0.000047, training_time_mins: 0.164956
2025-09-27 14:32:26,890 - INFO - Validation - Epoch 26, Loss: 0.017841, val_acc: 0.630493, val_pr_auc: 0.710669, val_roc_auc: 0.683760
2025-09-27 14:32:26,890 - INFO - Confusion matrix saved to logs/SHU-MI_Model-[4,8]-[mamba,attn]_0927_1428/confusion_matrix.txt
2025-09-27 14:32:36,737 - INFO - Epoch 27, Step 918, Loss: 0.016687, LR: 0.000044, training_time_mins: 0.164088
2025-09-27 14:32:36,737 - INFO - Validation - Epoch 27, Loss: 0.016687, val_acc: 0.636894, val_pr_auc: 0.719827, val_roc_auc: 0.698235
2025-09-27 14:32:36,738 - INFO - Confusion matrix saved to logs/SHU-MI_Model-[4,8]-[mamba,attn]_0927_1428/confusion_matrix.txt
2025-09-27 14:32:46,795 - INFO - Epoch 28, Step 952, Loss: 0.006509, LR: 0.000041, training_time_mins: 0.167589
2025-09-27 14:32:46,795 - INFO - Validation - Epoch 28, Loss: 0.006509, val_acc: 0.630642, val_pr_auc: 0.710695, val_roc_auc: 0.688590
2025-09-27 14:32:46,796 - INFO - Confusion matrix saved to logs/SHU-MI_Model-[4,8]-[mamba,attn]_0927_1428/confusion_matrix.txt
2025-09-27 14:32:54,681 - INFO - Epoch 29, Step 986, Loss: 0.007135, LR: 0.000038, training_time_mins: 0.165622
2025-09-27 14:32:54,681 - INFO - Validation - Epoch 29, Loss: 0.007135, val_acc: 0.623913, val_pr_auc: 0.712648, val_roc_auc: 0.687908
2025-09-27 14:32:54,682 - INFO - Confusion matrix saved to logs/SHU-MI_Model-[4,8]-[mamba,attn]_0927_1428/confusion_matrix.txt
2025-09-27 14:33:04,499 - INFO - Epoch 30, Step 1020, Loss: 0.009845, LR: 0.000035, training_time_mins: 0.163589
2025-09-27 14:33:04,499 - INFO - Validation - Epoch 30, Loss: 0.009845, val_acc: 0.620684, val_pr_auc: 0.711595, val_roc_auc: 0.680970
2025-09-27 14:33:04,500 - INFO - Confusion matrix saved to logs/SHU-MI_Model-[4,8]-[mamba,attn]_0927_1428/confusion_matrix.txt
2025-09-27 14:33:14,370 - INFO - Epoch 31, Step 1054, Loss: 0.008090, LR: 0.000032, training_time_mins: 0.164491
2025-09-27 14:33:14,371 - INFO - Validation - Epoch 31, Loss: 0.008090, val_acc: 0.627794, val_pr_auc: 0.708800, val_roc_auc: 0.682109
2025-09-27 14:33:14,371 - INFO - Confusion matrix saved to logs/SHU-MI_Model-[4,8]-[mamba,attn]_0927_1428/confusion_matrix.txt
2025-09-27 14:33:24,340 - INFO - Epoch 32, Step 1088, Loss: 0.004065, LR: 0.000029, training_time_mins: 0.166134
2025-09-27 14:33:24,340 - INFO - Validation - Epoch 32, Loss: 0.004065, val_acc: 0.625274, val_pr_auc: 0.708215, val_roc_auc: 0.682515
2025-09-27 14:33:24,341 - INFO - Confusion matrix saved to logs/SHU-MI_Model-[4,8]-[mamba,attn]_0927_1428/confusion_matrix.txt
2025-09-27 14:33:32,459 - INFO - Epoch 33, Step 1122, Loss: 0.004209, LR: 0.000027, training_time_mins: 0.165555
2025-09-27 14:33:32,459 - INFO - Validation - Epoch 33, Loss: 0.004209, val_acc: 0.631012, val_pr_auc: 0.712742, val_roc_auc: 0.688466
2025-09-27 14:33:32,460 - INFO - Confusion matrix saved to logs/SHU-MI_Model-[4,8]-[mamba,attn]_0927_1428/confusion_matrix.txt
2025-09-27 14:33:42,387 - INFO - Epoch 34, Step 1156, Loss: 0.005776, LR: 0.000024, training_time_mins: 0.165442
2025-09-27 14:33:42,388 - INFO - Validation - Epoch 34, Loss: 0.005776, val_acc: 0.624387, val_pr_auc: 0.713493, val_roc_auc: 0.685769
2025-09-27 14:33:42,388 - INFO - Confusion matrix saved to logs/SHU-MI_Model-[4,8]-[mamba,attn]_0927_1428/confusion_matrix.txt
2025-09-27 14:33:52,272 - INFO - Epoch 35, Step 1190, Loss: 0.007374, LR: 0.000021, training_time_mins: 0.164722
2025-09-27 14:33:52,272 - INFO - Validation - Epoch 35, Loss: 0.007374, val_acc: 0.619828, val_pr_auc: 0.710614, val_roc_auc: 0.683148
2025-09-27 14:33:52,273 - INFO - Confusion matrix saved to logs/SHU-MI_Model-[4,8]-[mamba,attn]_0927_1428/confusion_matrix.txt
2025-09-27 14:34:00,322 - INFO - Epoch 36, Step 1224, Loss: 0.003233, LR: 0.000019, training_time_mins: 0.165870
2025-09-27 14:34:00,322 - INFO - Validation - Epoch 36, Loss: 0.003233, val_acc: 0.627377, val_pr_auc: 0.707393, val_roc_auc: 0.683633
2025-09-27 14:34:00,322 - INFO - Confusion matrix saved to logs/SHU-MI_Model-[4,8]-[mamba,attn]_0927_1428/confusion_matrix.txt
2025-09-27 14:34:10,192 - INFO - Epoch 37, Step 1258, Loss: 0.003929, LR: 0.000017, training_time_mins: 0.164460
2025-09-27 14:34:10,192 - INFO - Validation - Epoch 37, Loss: 0.003929, val_acc: 0.626047, val_pr_auc: 0.712153, val_roc_auc: 0.687874
2025-09-27 14:34:10,193 - INFO - Confusion matrix saved to logs/SHU-MI_Model-[4,8]-[mamba,attn]_0927_1428/confusion_matrix.txt
2025-09-27 14:34:19,998 - INFO - Epoch 38, Step 1292, Loss: 0.004571, LR: 0.000014, training_time_mins: 0.163410
2025-09-27 14:34:19,999 - INFO - Validation - Epoch 38, Loss: 0.004571, val_acc: 0.623489, val_pr_auc: 0.709097, val_roc_auc: 0.683457
2025-09-27 14:34:19,999 - INFO - Confusion matrix saved to logs/SHU-MI_Model-[4,8]-[mamba,attn]_0927_1428/confusion_matrix.txt
2025-09-27 14:34:27,834 - INFO - Epoch 39, Step 1326, Loss: 0.003602, LR: 0.000012, training_time_mins: 0.163422
2025-09-27 14:34:27,834 - INFO - Validation - Epoch 39, Loss: 0.003602, val_acc: 0.622303, val_pr_auc: 0.708248, val_roc_auc: 0.682602
2025-09-27 14:34:27,835 - INFO - Confusion matrix saved to logs/SHU-MI_Model-[4,8]-[mamba,attn]_0927_1428/confusion_matrix.txt
2025-09-27 14:34:38,470 - INFO - Epoch 40, Step 1360, Loss: 0.002199, LR: 0.000010, training_time_mins: 0.177218
2025-09-27 14:34:38,470 - INFO - Validation - Epoch 40, Loss: 0.002199, val_acc: 0.620253, val_pr_auc: 0.708519, val_roc_auc: 0.682938
2025-09-27 14:34:38,470 - INFO - Confusion matrix saved to logs/SHU-MI_Model-[4,8]-[mamba,attn]_0927_1428/confusion_matrix.txt
2025-09-27 14:34:49,755 - INFO - Epoch 41, Step 1394, Loss: 0.002799, LR: 0.000009, training_time_mins: 0.188059
2025-09-27 14:34:49,755 - INFO - Validation - Epoch 41, Loss: 0.002799, val_acc: 0.619069, val_pr_auc: 0.708962, val_roc_auc: 0.682962
2025-09-27 14:34:49,756 - INFO - Confusion matrix saved to logs/SHU-MI_Model-[4,8]-[mamba,attn]_0927_1428/confusion_matrix.txt
2025-09-27 14:34:59,341 - INFO - Epoch 42, Step 1428, Loss: 0.002767, LR: 0.000007, training_time_mins: 0.189342
2025-09-27 14:34:59,342 - INFO - Validation - Epoch 42, Loss: 0.002767, val_acc: 0.620295, val_pr_auc: 0.709873, val_roc_auc: 0.683144
2025-09-27 14:34:59,342 - INFO - Confusion matrix saved to logs/SHU-MI_Model-[4,8]-[mamba,attn]_0927_1428/confusion_matrix.txt
2025-09-27 14:35:09,856 - INFO - Epoch 43, Step 1462, Loss: 0.002705, LR: 0.000006, training_time_mins: 0.175202
2025-09-27 14:35:09,857 - INFO - Validation - Epoch 43, Loss: 0.002705, val_acc: 0.620286, val_pr_auc: 0.709537, val_roc_auc: 0.682989
2025-09-27 14:35:09,857 - INFO - Confusion matrix saved to logs/SHU-MI_Model-[4,8]-[mamba,attn]_0927_1428/confusion_matrix.txt
2025-09-27 14:35:20,430 - INFO - Epoch 44, Step 1496, Loss: 0.001896, LR: 0.000004, training_time_mins: 0.176181
2025-09-27 14:35:20,430 - INFO - Validation - Epoch 44, Loss: 0.001896, val_acc: 0.621101, val_pr_auc: 0.710198, val_roc_auc: 0.683426
2025-09-27 14:35:20,431 - INFO - Confusion matrix saved to logs/SHU-MI_Model-[4,8]-[mamba,attn]_0927_1428/confusion_matrix.txt
2025-09-27 14:35:28,836 - INFO - Epoch 45, Step 1530, Loss: 0.002332, LR: 0.000003, training_time_mins: 0.172110
2025-09-27 14:35:28,837 - INFO - Validation - Epoch 45, Loss: 0.002332, val_acc: 0.621929, val_pr_auc: 0.709960, val_roc_auc: 0.683122
2025-09-27 14:35:28,837 - INFO - Confusion matrix saved to logs/SHU-MI_Model-[4,8]-[mamba,attn]_0927_1428/confusion_matrix.txt
2025-09-27 14:35:39,422 - INFO - Epoch 46, Step 1564, Loss: 0.002026, LR: 0.000003, training_time_mins: 0.176400
2025-09-27 14:35:39,423 - INFO - Validation - Epoch 46, Loss: 0.002026, val_acc: 0.622341, val_pr_auc: 0.709918, val_roc_auc: 0.682827
2025-09-27 14:35:39,423 - INFO - Confusion matrix saved to logs/SHU-MI_Model-[4,8]-[mamba,attn]_0927_1428/confusion_matrix.txt
2025-09-27 14:35:49,774 - INFO - Epoch 47, Step 1598, Loss: 0.002785, LR: 0.000002, training_time_mins: 0.172502
2025-09-27 14:35:49,774 - INFO - Validation - Epoch 47, Loss: 0.002785, val_acc: 0.622346, val_pr_auc: 0.710054, val_roc_auc: 0.682901
2025-09-27 14:35:49,777 - INFO - Confusion matrix saved to logs/SHU-MI_Model-[4,8]-[mamba,attn]_0927_1428/confusion_matrix.txt
2025-09-27 14:35:59,628 - INFO - Epoch 48, Step 1632, Loss: 0.001634, LR: 0.000001, training_time_mins: 0.164150
2025-09-27 14:35:59,628 - INFO - Validation - Epoch 48, Loss: 0.001634, val_acc: 0.620267, val_pr_auc: 0.710288, val_roc_auc: 0.683097
2025-09-27 14:35:59,631 - INFO - Confusion matrix saved to logs/SHU-MI_Model-[4,8]-[mamba,attn]_0927_1428/confusion_matrix.txt
2025-09-27 14:36:07,518 - INFO - Epoch 49, Step 1666, Loss: 0.004012, LR: 0.000001, training_time_mins: 0.164206
2025-09-27 14:36:07,518 - INFO - Validation - Epoch 49, Loss: 0.004012, val_acc: 0.620677, val_pr_auc: 0.710879, val_roc_auc: 0.683287
2025-09-27 14:36:07,518 - INFO - Confusion matrix saved to logs/SHU-MI_Model-[4,8]-[mamba,attn]_0927_1428/confusion_matrix.txt
2025-09-27 14:36:17,418 - INFO - Epoch 50, Step 1700, Loss: 0.002362, LR: 0.000001, training_time_mins: 0.164978
2025-09-27 14:36:17,419 - INFO - Validation - Epoch 50, Loss: 0.002362, val_acc: 0.620264, val_pr_auc: 0.710903, val_roc_auc: 0.683343
2025-09-27 14:36:17,419 - INFO - Confusion matrix saved to logs/SHU-MI_Model-[4,8]-[mamba,attn]_0927_1428/confusion_matrix.txt
2025-09-27 14:36:21,486 - INFO - Final Test Results:
2025-09-27 14:36:21,486 - INFO - Test Accuracy: 0.58066
2025-09-27 14:36:21,486 - INFO - Test PR AUC: 0.69891
2025-09-27 14:36:21,486 - INFO - Test ROC AUC: 0.69747
2025-09-27 14:36:21,486 - INFO - Confusion matrix saved to logs/SHU-MI_Model-[4,8]-[mamba,attn]_0927_1428/confusion_matrix.txt
2025-09-27 14:36:22,436 - INFO - Experiment completed and logged successfully
