2025-09-27 15:04:28,555 - INFO - Experiment config saved to logs/SHU-MI_Model-[2,12]-[mamba,attn]_0927_1504/config.json
2025-09-27 15:04:43,605 - INFO - Epoch 1, Step 34, Loss: 2.262323, LR: 0.000100, training_time_mins: 0.249706
2025-09-27 15:04:43,605 - INFO - Validation - Epoch 1, Loss: 2.262323, val_acc: 0.500000, val_pr_auc: 0.490865, val_roc_auc: 0.490992
2025-09-27 15:04:43,606 - INFO - Confusion matrix saved to logs/SHU-MI_Model-[2,12]-[mamba,attn]_0927_1504/confusion_matrix.txt
2025-09-27 15:04:47,038 - INFO - Best model saved to logs/SHU-MI_Model-[2,12]-[mamba,attn]_0927_1504/best_model.pth
2025-09-27 15:04:47,038 - INFO - Checkpoint saved to logs/SHU-MI_Model-[2,12]-[mamba,attn]_0927_1504/latest_checkpoint.pth
2025-09-27 15:04:58,448 - INFO - Epoch 2, Step 68, Loss: 0.856645, LR: 0.000100, training_time_mins: 0.217839
2025-09-27 15:04:58,448 - INFO - Validation - Epoch 2, Loss: 0.856645, val_acc: 0.543414, val_pr_auc: 0.614596, val_roc_auc: 0.593660
2025-09-27 15:04:58,449 - INFO - Confusion matrix saved to logs/SHU-MI_Model-[2,12]-[mamba,attn]_0927_1504/confusion_matrix.txt
2025-09-27 15:05:00,284 - INFO - Best model saved to logs/SHU-MI_Model-[2,12]-[mamba,attn]_0927_1504/best_model.pth
2025-09-27 15:05:00,285 - INFO - Checkpoint saved to logs/SHU-MI_Model-[2,12]-[mamba,attn]_0927_1504/latest_checkpoint.pth
2025-09-27 15:05:12,969 - INFO - Epoch 3, Step 102, Loss: 0.730982, LR: 0.000099, training_time_mins: 0.211385
2025-09-27 15:05:12,970 - INFO - Validation - Epoch 3, Loss: 0.730982, val_acc: 0.518849, val_pr_auc: 0.701645, val_roc_auc: 0.680914
2025-09-27 15:05:12,970 - INFO - Confusion matrix saved to logs/SHU-MI_Model-[2,12]-[mamba,attn]_0927_1504/confusion_matrix.txt
2025-09-27 15:05:14,481 - INFO - Best model saved to logs/SHU-MI_Model-[2,12]-[mamba,attn]_0927_1504/best_model.pth
2025-09-27 15:05:14,481 - INFO - Checkpoint saved to logs/SHU-MI_Model-[2,12]-[mamba,attn]_0927_1504/latest_checkpoint.pth
2025-09-27 15:05:25,472 - INFO - Epoch 4, Step 136, Loss: 0.713928, LR: 0.000098, training_time_mins: 0.214060
2025-09-27 15:05:25,472 - INFO - Validation - Epoch 4, Loss: 0.713928, val_acc: 0.621059, val_pr_auc: 0.725521, val_roc_auc: 0.690018
2025-09-27 15:05:25,473 - INFO - Confusion matrix saved to logs/SHU-MI_Model-[2,12]-[mamba,attn]_0927_1504/confusion_matrix.txt
2025-09-27 15:05:26,674 - INFO - Best model saved to logs/SHU-MI_Model-[2,12]-[mamba,attn]_0927_1504/best_model.pth
2025-09-27 15:05:26,674 - INFO - Checkpoint saved to logs/SHU-MI_Model-[2,12]-[mamba,attn]_0927_1504/latest_checkpoint.pth
2025-09-27 15:05:39,649 - INFO - Epoch 5, Step 170, Loss: 0.624337, LR: 0.000098, training_time_mins: 0.216230
2025-09-27 15:05:39,649 - INFO - Validation - Epoch 5, Loss: 0.624337, val_acc: 0.630576, val_pr_auc: 0.725925, val_roc_auc: 0.707752
2025-09-27 15:05:39,650 - INFO - Confusion matrix saved to logs/SHU-MI_Model-[2,12]-[mamba,attn]_0927_1504/confusion_matrix.txt
2025-09-27 15:05:41,087 - INFO - Best model saved to logs/SHU-MI_Model-[2,12]-[mamba,attn]_0927_1504/best_model.pth
2025-09-27 15:05:41,088 - INFO - Checkpoint saved to logs/SHU-MI_Model-[2,12]-[mamba,attn]_0927_1504/latest_checkpoint.pth
2025-09-27 15:05:52,243 - INFO - Epoch 6, Step 204, Loss: 0.544623, LR: 0.000097, training_time_mins: 0.215791
2025-09-27 15:05:52,243 - INFO - Validation - Epoch 6, Loss: 0.544623, val_acc: 0.643437, val_pr_auc: 0.723528, val_roc_auc: 0.709915
2025-09-27 15:05:52,244 - INFO - Confusion matrix saved to logs/SHU-MI_Model-[2,12]-[mamba,attn]_0927_1504/confusion_matrix.txt
2025-09-27 15:05:53,820 - INFO - Best model saved to logs/SHU-MI_Model-[2,12]-[mamba,attn]_0927_1504/best_model.pth
2025-09-27 15:05:53,821 - INFO - Checkpoint saved to logs/SHU-MI_Model-[2,12]-[mamba,attn]_0927_1504/latest_checkpoint.pth
2025-09-27 15:06:06,777 - INFO - Epoch 7, Step 238, Loss: 0.438564, LR: 0.000095, training_time_mins: 0.215926
2025-09-27 15:06:06,777 - INFO - Validation - Epoch 7, Loss: 0.438564, val_acc: 0.629912, val_pr_auc: 0.721722, val_roc_auc: 0.706374
2025-09-27 15:06:06,778 - INFO - Confusion matrix saved to logs/SHU-MI_Model-[2,12]-[mamba,attn]_0927_1504/confusion_matrix.txt
2025-09-27 15:06:19,639 - INFO - Epoch 8, Step 272, Loss: 0.362415, LR: 0.000094, training_time_mins: 0.214342
2025-09-27 15:06:19,640 - INFO - Validation - Epoch 8, Loss: 0.362415, val_acc: 0.643469, val_pr_auc: 0.716952, val_roc_auc: 0.710318
2025-09-27 15:06:19,640 - INFO - Confusion matrix saved to logs/SHU-MI_Model-[2,12]-[mamba,attn]_0927_1504/confusion_matrix.txt
2025-09-27 15:06:21,073 - INFO - Best model saved to logs/SHU-MI_Model-[2,12]-[mamba,attn]_0927_1504/best_model.pth
2025-09-27 15:06:21,073 - INFO - Checkpoint saved to logs/SHU-MI_Model-[2,12]-[mamba,attn]_0927_1504/latest_checkpoint.pth
2025-09-27 15:06:31,895 - INFO - Epoch 9, Step 306, Loss: 0.263749, LR: 0.000092, training_time_mins: 0.212119
2025-09-27 15:06:31,895 - INFO - Validation - Epoch 9, Loss: 0.263749, val_acc: 0.642689, val_pr_auc: 0.719783, val_roc_auc: 0.710924
2025-09-27 15:06:31,896 - INFO - Confusion matrix saved to logs/SHU-MI_Model-[2,12]-[mamba,attn]_0927_1504/confusion_matrix.txt
2025-09-27 15:06:33,062 - INFO - Best model saved to logs/SHU-MI_Model-[2,12]-[mamba,attn]_0927_1504/best_model.pth
2025-09-27 15:06:33,062 - INFO - Checkpoint saved to logs/SHU-MI_Model-[2,12]-[mamba,attn]_0927_1504/latest_checkpoint.pth
2025-09-27 15:06:45,952 - INFO - Epoch 10, Step 340, Loss: 0.218500, LR: 0.000091, training_time_mins: 0.214813
2025-09-27 15:06:45,952 - INFO - Validation - Epoch 10, Loss: 0.218500, val_acc: 0.634059, val_pr_auc: 0.702882, val_roc_auc: 0.698080
2025-09-27 15:06:45,953 - INFO - Confusion matrix saved to logs/SHU-MI_Model-[2,12]-[mamba,attn]_0927_1504/confusion_matrix.txt
2025-09-27 15:06:57,236 - INFO - Epoch 11, Step 374, Loss: 0.150403, LR: 0.000089, training_time_mins: 0.215534
2025-09-27 15:06:57,236 - INFO - Validation - Epoch 11, Loss: 0.150403, val_acc: 0.631687, val_pr_auc: 0.696677, val_roc_auc: 0.694439
2025-09-27 15:06:57,237 - INFO - Confusion matrix saved to logs/SHU-MI_Model-[2,12]-[mamba,attn]_0927_1504/confusion_matrix.txt
2025-09-27 15:07:10,090 - INFO - Epoch 12, Step 408, Loss: 0.108471, LR: 0.000087, training_time_mins: 0.214198
2025-09-27 15:07:10,090 - INFO - Validation - Epoch 12, Loss: 0.108471, val_acc: 0.632079, val_pr_auc: 0.667653, val_roc_auc: 0.688356
2025-09-27 15:07:10,092 - INFO - Confusion matrix saved to logs/SHU-MI_Model-[2,12]-[mamba,attn]_0927_1504/confusion_matrix.txt
2025-09-27 15:07:22,958 - INFO - Epoch 13, Step 442, Loss: 0.106239, LR: 0.000084, training_time_mins: 0.214402
2025-09-27 15:07:22,958 - INFO - Validation - Epoch 13, Loss: 0.106239, val_acc: 0.636486, val_pr_auc: 0.708117, val_roc_auc: 0.698547
2025-09-27 15:07:22,959 - INFO - Confusion matrix saved to logs/SHU-MI_Model-[2,12]-[mamba,attn]_0927_1504/confusion_matrix.txt
2025-09-27 15:07:34,180 - INFO - Epoch 14, Step 476, Loss: 0.083261, LR: 0.000082, training_time_mins: 0.217315
2025-09-27 15:07:34,180 - INFO - Validation - Epoch 14, Loss: 0.083261, val_acc: 0.639009, val_pr_auc: 0.722498, val_roc_auc: 0.710784
2025-09-27 15:07:34,181 - INFO - Confusion matrix saved to logs/SHU-MI_Model-[2,12]-[mamba,attn]_0927_1504/confusion_matrix.txt
2025-09-27 15:07:47,117 - INFO - Epoch 15, Step 510, Loss: 0.083364, LR: 0.000080, training_time_mins: 0.215580
2025-09-27 15:07:47,117 - INFO - Validation - Epoch 15, Loss: 0.083364, val_acc: 0.643570, val_pr_auc: 0.718289, val_roc_auc: 0.713375
2025-09-27 15:07:47,118 - INFO - Confusion matrix saved to logs/SHU-MI_Model-[2,12]-[mamba,attn]_0927_1504/confusion_matrix.txt
2025-09-27 15:07:48,419 - INFO - Best model saved to logs/SHU-MI_Model-[2,12]-[mamba,attn]_0927_1504/best_model.pth
2025-09-27 15:07:48,419 - INFO - Checkpoint saved to logs/SHU-MI_Model-[2,12]-[mamba,attn]_0927_1504/latest_checkpoint.pth
2025-09-27 15:07:59,266 - INFO - Epoch 16, Step 544, Loss: 0.075296, LR: 0.000077, training_time_mins: 0.210702
2025-09-27 15:07:59,266 - INFO - Validation - Epoch 16, Loss: 0.075296, val_acc: 0.637679, val_pr_auc: 0.705206, val_roc_auc: 0.702519
2025-09-27 15:07:59,272 - INFO - Confusion matrix saved to logs/SHU-MI_Model-[2,12]-[mamba,attn]_0927_1504/confusion_matrix.txt
2025-09-27 15:08:12,112 - INFO - Epoch 17, Step 578, Loss: 0.059219, LR: 0.000074, training_time_mins: 0.213957
2025-09-27 15:08:12,112 - INFO - Validation - Epoch 17, Loss: 0.059219, val_acc: 0.622223, val_pr_auc: 0.693650, val_roc_auc: 0.682340
2025-09-27 15:08:12,113 - INFO - Confusion matrix saved to logs/SHU-MI_Model-[2,12]-[mamba,attn]_0927_1504/confusion_matrix.txt
2025-09-27 15:08:25,002 - INFO - Epoch 18, Step 612, Loss: 0.048458, LR: 0.000072, training_time_mins: 0.214783
2025-09-27 15:08:25,002 - INFO - Validation - Epoch 18, Loss: 0.048458, val_acc: 0.631488, val_pr_auc: 0.702636, val_roc_auc: 0.700572
2025-09-27 15:08:25,003 - INFO - Confusion matrix saved to logs/SHU-MI_Model-[2,12]-[mamba,attn]_0927_1504/confusion_matrix.txt
2025-09-27 15:08:35,901 - INFO - Epoch 19, Step 646, Loss: 0.032461, LR: 0.000069, training_time_mins: 0.211462
2025-09-27 15:08:35,901 - INFO - Validation - Epoch 19, Loss: 0.032461, val_acc: 0.608263, val_pr_auc: 0.707100, val_roc_auc: 0.687229
2025-09-27 15:08:35,903 - INFO - Confusion matrix saved to logs/SHU-MI_Model-[2,12]-[mamba,attn]_0927_1504/confusion_matrix.txt
2025-09-27 15:08:48,784 - INFO - Epoch 20, Step 680, Loss: 0.040779, LR: 0.000066, training_time_mins: 0.214637
2025-09-27 15:08:48,784 - INFO - Validation - Epoch 20, Loss: 0.040779, val_acc: 0.654780, val_pr_auc: 0.725393, val_roc_auc: 0.713636
2025-09-27 15:08:48,784 - INFO - Confusion matrix saved to logs/SHU-MI_Model-[2,12]-[mamba,attn]_0927_1504/confusion_matrix.txt
2025-09-27 15:08:50,309 - INFO - Best model saved to logs/SHU-MI_Model-[2,12]-[mamba,attn]_0927_1504/best_model.pth
2025-09-27 15:08:50,309 - INFO - Checkpoint saved to logs/SHU-MI_Model-[2,12]-[mamba,attn]_0927_1504/latest_checkpoint.pth
2025-09-27 15:09:01,325 - INFO - Epoch 21, Step 714, Loss: 0.036847, LR: 0.000063, training_time_mins: 0.213330
2025-09-27 15:09:01,326 - INFO - Validation - Epoch 21, Loss: 0.036847, val_acc: 0.651674, val_pr_auc: 0.726416, val_roc_auc: 0.709127
2025-09-27 15:09:01,326 - INFO - Confusion matrix saved to logs/SHU-MI_Model-[2,12]-[mamba,attn]_0927_1504/confusion_matrix.txt
2025-09-27 15:09:14,353 - INFO - Epoch 22, Step 748, Loss: 0.035000, LR: 0.000060, training_time_mins: 0.217083
2025-09-27 15:09:14,353 - INFO - Validation - Epoch 22, Loss: 0.035000, val_acc: 0.646247, val_pr_auc: 0.711796, val_roc_auc: 0.711184
2025-09-27 15:09:14,354 - INFO - Confusion matrix saved to logs/SHU-MI_Model-[2,12]-[mamba,attn]_0927_1504/confusion_matrix.txt
2025-09-27 15:09:27,154 - INFO - Epoch 23, Step 782, Loss: 0.027714, LR: 0.000057, training_time_mins: 0.213324
2025-09-27 15:09:27,155 - INFO - Validation - Epoch 23, Loss: 0.027714, val_acc: 0.651181, val_pr_auc: 0.715496, val_roc_auc: 0.713281
2025-09-27 15:09:27,156 - INFO - Confusion matrix saved to logs/SHU-MI_Model-[2,12]-[mamba,attn]_0927_1504/confusion_matrix.txt
2025-09-27 15:09:38,011 - INFO - Epoch 24, Step 816, Loss: 0.041726, LR: 0.000054, training_time_mins: 0.213695
2025-09-27 15:09:38,012 - INFO - Validation - Epoch 24, Loss: 0.041726, val_acc: 0.641356, val_pr_auc: 0.706047, val_roc_auc: 0.702938
2025-09-27 15:09:38,013 - INFO - Confusion matrix saved to logs/SHU-MI_Model-[2,12]-[mamba,attn]_0927_1504/confusion_matrix.txt
2025-09-27 15:09:51,061 - INFO - Epoch 25, Step 850, Loss: 0.024509, LR: 0.000050, training_time_mins: 0.217431
2025-09-27 15:09:51,061 - INFO - Validation - Epoch 25, Loss: 0.024509, val_acc: 0.632901, val_pr_auc: 0.695058, val_roc_auc: 0.695668
2025-09-27 15:09:51,061 - INFO - Confusion matrix saved to logs/SHU-MI_Model-[2,12]-[mamba,attn]_0927_1504/confusion_matrix.txt
2025-09-27 15:10:01,754 - INFO - Epoch 26, Step 884, Loss: 0.014038, LR: 0.000047, training_time_mins: 0.210185
2025-09-27 15:10:01,754 - INFO - Validation - Epoch 26, Loss: 0.014038, val_acc: 0.638620, val_pr_auc: 0.714262, val_roc_auc: 0.700677
2025-09-27 15:10:01,755 - INFO - Confusion matrix saved to logs/SHU-MI_Model-[2,12]-[mamba,attn]_0927_1504/confusion_matrix.txt
2025-09-27 15:10:14,625 - INFO - Epoch 27, Step 918, Loss: 0.014450, LR: 0.000044, training_time_mins: 0.214475
2025-09-27 15:10:14,625 - INFO - Validation - Epoch 27, Loss: 0.014450, val_acc: 0.634208, val_pr_auc: 0.688186, val_roc_auc: 0.683166
2025-09-27 15:10:14,625 - INFO - Confusion matrix saved to logs/SHU-MI_Model-[2,12]-[mamba,attn]_0927_1504/confusion_matrix.txt
2025-09-27 15:10:27,378 - INFO - Epoch 28, Step 952, Loss: 0.009132, LR: 0.000041, training_time_mins: 0.212545
2025-09-27 15:10:27,379 - INFO - Validation - Epoch 28, Loss: 0.009132, val_acc: 0.644967, val_pr_auc: 0.704026, val_roc_auc: 0.698276
2025-09-27 15:10:27,379 - INFO - Confusion matrix saved to logs/SHU-MI_Model-[2,12]-[mamba,attn]_0927_1504/confusion_matrix.txt
2025-09-27 15:10:38,429 - INFO - Epoch 29, Step 986, Loss: 0.011225, LR: 0.000038, training_time_mins: 0.213641
2025-09-27 15:10:38,429 - INFO - Validation - Epoch 29, Loss: 0.011225, val_acc: 0.627915, val_pr_auc: 0.692583, val_roc_auc: 0.689769
2025-09-27 15:10:38,430 - INFO - Confusion matrix saved to logs/SHU-MI_Model-[2,12]-[mamba,attn]_0927_1504/confusion_matrix.txt
2025-09-27 15:10:51,142 - INFO - Epoch 30, Step 1020, Loss: 0.008145, LR: 0.000035, training_time_mins: 0.211831
2025-09-27 15:10:51,142 - INFO - Validation - Epoch 30, Loss: 0.008145, val_acc: 0.647834, val_pr_auc: 0.712463, val_roc_auc: 0.703219
2025-09-27 15:10:51,143 - INFO - Confusion matrix saved to logs/SHU-MI_Model-[2,12]-[mamba,attn]_0927_1504/confusion_matrix.txt
2025-09-27 15:11:02,224 - INFO - Epoch 31, Step 1054, Loss: 0.007852, LR: 0.000032, training_time_mins: 0.214591
2025-09-27 15:11:02,224 - INFO - Validation - Epoch 31, Loss: 0.007852, val_acc: 0.638838, val_pr_auc: 0.710706, val_roc_auc: 0.701052
2025-09-27 15:11:02,225 - INFO - Confusion matrix saved to logs/SHU-MI_Model-[2,12]-[mamba,attn]_0927_1504/confusion_matrix.txt
2025-09-27 15:11:14,958 - INFO - Epoch 32, Step 1088, Loss: 0.006636, LR: 0.000029, training_time_mins: 0.212194
2025-09-27 15:11:14,959 - INFO - Validation - Epoch 32, Loss: 0.006636, val_acc: 0.646269, val_pr_auc: 0.710855, val_roc_auc: 0.699233
2025-09-27 15:11:14,959 - INFO - Confusion matrix saved to logs/SHU-MI_Model-[2,12]-[mamba,attn]_0927_1504/confusion_matrix.txt
2025-09-27 15:11:27,921 - INFO - Epoch 33, Step 1122, Loss: 0.013743, LR: 0.000027, training_time_mins: 0.216007
2025-09-27 15:11:27,922 - INFO - Validation - Epoch 33, Loss: 0.013743, val_acc: 0.648687, val_pr_auc: 0.718669, val_roc_auc: 0.705244
2025-09-27 15:11:27,922 - INFO - Confusion matrix saved to logs/SHU-MI_Model-[2,12]-[mamba,attn]_0927_1504/confusion_matrix.txt
2025-09-27 15:11:38,659 - INFO - Epoch 34, Step 1156, Loss: 0.005797, LR: 0.000024, training_time_mins: 0.209304
2025-09-27 15:11:38,660 - INFO - Validation - Epoch 34, Loss: 0.005797, val_acc: 0.642195, val_pr_auc: 0.701990, val_roc_auc: 0.695423
2025-09-27 15:11:38,661 - INFO - Confusion matrix saved to logs/SHU-MI_Model-[2,12]-[mamba,attn]_0927_1504/confusion_matrix.txt
2025-09-27 15:11:51,604 - INFO - Epoch 35, Step 1190, Loss: 0.009394, LR: 0.000021, training_time_mins: 0.215679
2025-09-27 15:11:51,605 - INFO - Validation - Epoch 35, Loss: 0.009394, val_acc: 0.640420, val_pr_auc: 0.698007, val_roc_auc: 0.691724
2025-09-27 15:11:51,605 - INFO - Confusion matrix saved to logs/SHU-MI_Model-[2,12]-[mamba,attn]_0927_1504/confusion_matrix.txt
2025-09-27 15:12:02,387 - INFO - Epoch 36, Step 1224, Loss: 0.006740, LR: 0.000019, training_time_mins: 0.210911
2025-09-27 15:12:02,387 - INFO - Validation - Epoch 36, Loss: 0.006740, val_acc: 0.636377, val_pr_auc: 0.697453, val_roc_auc: 0.689620
2025-09-27 15:12:02,388 - INFO - Confusion matrix saved to logs/SHU-MI_Model-[2,12]-[mamba,attn]_0927_1504/confusion_matrix.txt
2025-09-27 15:12:15,255 - INFO - Epoch 37, Step 1258, Loss: 0.004285, LR: 0.000017, training_time_mins: 0.214426
2025-09-27 15:12:15,255 - INFO - Validation - Epoch 37, Loss: 0.004285, val_acc: 0.635597, val_pr_auc: 0.699258, val_roc_auc: 0.691779
2025-09-27 15:12:15,256 - INFO - Confusion matrix saved to logs/SHU-MI_Model-[2,12]-[mamba,attn]_0927_1504/confusion_matrix.txt
2025-09-27 15:12:27,916 - INFO - Epoch 38, Step 1292, Loss: 0.005110, LR: 0.000014, training_time_mins: 0.210963
2025-09-27 15:12:27,917 - INFO - Validation - Epoch 38, Loss: 0.005110, val_acc: 0.636832, val_pr_auc: 0.702437, val_roc_auc: 0.693574
2025-09-27 15:12:27,917 - INFO - Confusion matrix saved to logs/SHU-MI_Model-[2,12]-[mamba,attn]_0927_1504/confusion_matrix.txt
2025-09-27 15:12:38,947 - INFO - Epoch 39, Step 1326, Loss: 0.005247, LR: 0.000012, training_time_mins: 0.213053
2025-09-27 15:12:38,948 - INFO - Validation - Epoch 39, Loss: 0.005247, val_acc: 0.631455, val_pr_auc: 0.707841, val_roc_auc: 0.695743
2025-09-27 15:12:38,948 - INFO - Confusion matrix saved to logs/SHU-MI_Model-[2,12]-[mamba,attn]_0927_1504/confusion_matrix.txt
2025-09-27 15:12:51,887 - INFO - Epoch 40, Step 1360, Loss: 0.005567, LR: 0.000010, training_time_mins: 0.215616
2025-09-27 15:12:51,887 - INFO - Validation - Epoch 40, Loss: 0.005567, val_acc: 0.633871, val_pr_auc: 0.706991, val_roc_auc: 0.694372
2025-09-27 15:12:51,888 - INFO - Confusion matrix saved to logs/SHU-MI_Model-[2,12]-[mamba,attn]_0927_1504/confusion_matrix.txt
2025-09-27 15:13:02,580 - INFO - Epoch 41, Step 1394, Loss: 0.002104, LR: 0.000009, training_time_mins: 0.210867
2025-09-27 15:13:02,580 - INFO - Validation - Epoch 41, Loss: 0.002104, val_acc: 0.637577, val_pr_auc: 0.709005, val_roc_auc: 0.696743
2025-09-27 15:13:02,581 - INFO - Confusion matrix saved to logs/SHU-MI_Model-[2,12]-[mamba,attn]_0927_1504/confusion_matrix.txt
2025-09-27 15:13:15,309 - INFO - Epoch 42, Step 1428, Loss: 0.002483, LR: 0.000007, training_time_mins: 0.212099
2025-09-27 15:13:15,309 - INFO - Validation - Epoch 42, Loss: 0.002483, val_acc: 0.637577, val_pr_auc: 0.709777, val_roc_auc: 0.696549
2025-09-27 15:13:15,310 - INFO - Confusion matrix saved to logs/SHU-MI_Model-[2,12]-[mamba,attn]_0927_1504/confusion_matrix.txt
2025-09-27 15:13:28,116 - INFO - Epoch 43, Step 1462, Loss: 0.003736, LR: 0.000006, training_time_mins: 0.213410
2025-09-27 15:13:28,116 - INFO - Validation - Epoch 43, Loss: 0.003736, val_acc: 0.636344, val_pr_auc: 0.709320, val_roc_auc: 0.696065
2025-09-27 15:13:28,117 - INFO - Confusion matrix saved to logs/SHU-MI_Model-[2,12]-[mamba,attn]_0927_1504/confusion_matrix.txt
2025-09-27 15:13:38,869 - INFO - Epoch 44, Step 1496, Loss: 0.002716, LR: 0.000004, training_time_mins: 0.210274
2025-09-27 15:13:38,869 - INFO - Validation - Epoch 44, Loss: 0.002716, val_acc: 0.638826, val_pr_auc: 0.708635, val_roc_auc: 0.695687
2025-09-27 15:13:38,870 - INFO - Confusion matrix saved to logs/SHU-MI_Model-[2,12]-[mamba,attn]_0927_1504/confusion_matrix.txt
2025-09-27 15:13:51,439 - INFO - Epoch 45, Step 1530, Loss: 0.002598, LR: 0.000003, training_time_mins: 0.209461
2025-09-27 15:13:51,439 - INFO - Validation - Epoch 45, Loss: 0.002598, val_acc: 0.639241, val_pr_auc: 0.709610, val_roc_auc: 0.696029
2025-09-27 15:13:51,439 - INFO - Confusion matrix saved to logs/SHU-MI_Model-[2,12]-[mamba,attn]_0927_1504/confusion_matrix.txt
2025-09-27 15:14:02,348 - INFO - Epoch 46, Step 1564, Loss: 0.002080, LR: 0.000003, training_time_mins: 0.212575
2025-09-27 15:14:02,348 - INFO - Validation - Epoch 46, Loss: 0.002080, val_acc: 0.638414, val_pr_auc: 0.709550, val_roc_auc: 0.696043
2025-09-27 15:14:02,348 - INFO - Confusion matrix saved to logs/SHU-MI_Model-[2,12]-[mamba,attn]_0927_1504/confusion_matrix.txt
2025-09-27 15:14:14,908 - INFO - Epoch 47, Step 1598, Loss: 0.002256, LR: 0.000002, training_time_mins: 0.209298
2025-09-27 15:14:14,908 - INFO - Validation - Epoch 47, Loss: 0.002256, val_acc: 0.637179, val_pr_auc: 0.709090, val_roc_auc: 0.695812
2025-09-27 15:14:14,908 - INFO - Confusion matrix saved to logs/SHU-MI_Model-[2,12]-[mamba,attn]_0927_1504/confusion_matrix.txt
2025-09-27 15:14:27,738 - INFO - Epoch 48, Step 1632, Loss: 0.002766, LR: 0.000001, training_time_mins: 0.213785
2025-09-27 15:14:27,738 - INFO - Validation - Epoch 48, Loss: 0.002766, val_acc: 0.636354, val_pr_auc: 0.709053, val_roc_auc: 0.695760
2025-09-27 15:14:27,738 - INFO - Confusion matrix saved to logs/SHU-MI_Model-[2,12]-[mamba,attn]_0927_1504/confusion_matrix.txt
2025-09-27 15:14:38,682 - INFO - Epoch 49, Step 1666, Loss: 0.003380, LR: 0.000001, training_time_mins: 0.213814
2025-09-27 15:14:38,682 - INFO - Validation - Epoch 49, Loss: 0.003380, val_acc: 0.637174, val_pr_auc: 0.708835, val_roc_auc: 0.695884
2025-09-27 15:14:38,683 - INFO - Confusion matrix saved to logs/SHU-MI_Model-[2,12]-[mamba,attn]_0927_1504/confusion_matrix.txt
2025-09-27 15:14:51,545 - INFO - Epoch 50, Step 1700, Loss: 0.004362, LR: 0.000001, training_time_mins: 0.214335
2025-09-27 15:14:51,546 - INFO - Validation - Epoch 50, Loss: 0.004362, val_acc: 0.637176, val_pr_auc: 0.708722, val_roc_auc: 0.695757
2025-09-27 15:14:51,546 - INFO - Confusion matrix saved to logs/SHU-MI_Model-[2,12]-[mamba,attn]_0927_1504/confusion_matrix.txt
2025-09-27 15:14:55,106 - INFO - Final Test Results:
2025-09-27 15:14:55,106 - INFO - Test Accuracy: 0.59672
2025-09-27 15:14:55,106 - INFO - Test PR AUC: 0.64142
2025-09-27 15:14:55,106 - INFO - Test ROC AUC: 0.64428
2025-09-27 15:14:55,107 - INFO - Confusion matrix saved to logs/SHU-MI_Model-[2,12]-[mamba,attn]_0927_1504/confusion_matrix.txt
2025-09-27 15:14:55,926 - INFO - Experiment completed and logged successfully
