2025-09-27 15:16:18,337 - INFO - Experiment config saved to logs/SHU-MI_Model-[6,12]-[mamba,attn]_0927_1516/config.json
2025-09-27 15:16:46,587 - INFO - Epoch 1, Step 34, Loss: 2.252779, LR: 0.000100, training_time_mins: 0.501481
2025-09-27 15:16:46,587 - INFO - Validation - Epoch 1, Loss: 2.252779, val_acc: 0.501223, val_pr_auc: 0.597266, val_roc_auc: 0.632977
2025-09-27 15:16:46,588 - INFO - Confusion matrix saved to logs/SHU-MI_Model-[6,12]-[mamba,attn]_0927_1516/confusion_matrix.txt
2025-09-27 15:16:54,602 - INFO - Best model saved to logs/SHU-MI_Model-[6,12]-[mamba,attn]_0927_1516/best_model.pth
2025-09-27 15:16:54,602 - INFO - Checkpoint saved to logs/SHU-MI_Model-[6,12]-[mamba,attn]_0927_1516/latest_checkpoint.pth
2025-09-27 15:17:20,904 - INFO - Epoch 2, Step 68, Loss: 0.753027, LR: 0.000100, training_time_mins: 0.469560
2025-09-27 15:17:20,904 - INFO - Validation - Epoch 2, Loss: 0.753027, val_acc: 0.520089, val_pr_auc: 0.728338, val_roc_auc: 0.694898
2025-09-27 15:17:20,906 - INFO - Confusion matrix saved to logs/SHU-MI_Model-[6,12]-[mamba,attn]_0927_1516/confusion_matrix.txt
2025-09-27 15:17:22,520 - INFO - Best model saved to logs/SHU-MI_Model-[6,12]-[mamba,attn]_0927_1516/best_model.pth
2025-09-27 15:17:22,520 - INFO - Checkpoint saved to logs/SHU-MI_Model-[6,12]-[mamba,attn]_0927_1516/latest_checkpoint.pth
2025-09-27 15:17:48,225 - INFO - Epoch 3, Step 102, Loss: 0.676138, LR: 0.000099, training_time_mins: 0.461384
2025-09-27 15:17:48,225 - INFO - Validation - Epoch 3, Loss: 0.676138, val_acc: 0.650273, val_pr_auc: 0.736737, val_roc_auc: 0.705962
2025-09-27 15:17:48,226 - INFO - Confusion matrix saved to logs/SHU-MI_Model-[6,12]-[mamba,attn]_0927_1516/confusion_matrix.txt
2025-09-27 15:17:52,907 - INFO - Best model saved to logs/SHU-MI_Model-[6,12]-[mamba,attn]_0927_1516/best_model.pth
2025-09-27 15:17:52,908 - INFO - Checkpoint saved to logs/SHU-MI_Model-[6,12]-[mamba,attn]_0927_1516/latest_checkpoint.pth
2025-09-27 15:18:19,718 - INFO - Epoch 4, Step 136, Loss: 0.624390, LR: 0.000098, training_time_mins: 0.476552
2025-09-27 15:18:19,718 - INFO - Validation - Epoch 4, Loss: 0.624390, val_acc: 0.615662, val_pr_auc: 0.686045, val_roc_auc: 0.677580
2025-09-27 15:18:19,718 - INFO - Confusion matrix saved to logs/SHU-MI_Model-[6,12]-[mamba,attn]_0927_1516/confusion_matrix.txt
2025-09-27 15:18:45,718 - INFO - Epoch 5, Step 170, Loss: 0.519800, LR: 0.000098, training_time_mins: 0.464808
2025-09-27 15:18:45,718 - INFO - Validation - Epoch 5, Loss: 0.519800, val_acc: 0.633788, val_pr_auc: 0.702618, val_roc_auc: 0.689246
2025-09-27 15:18:45,719 - INFO - Confusion matrix saved to logs/SHU-MI_Model-[6,12]-[mamba,attn]_0927_1516/confusion_matrix.txt
2025-09-27 15:19:11,621 - INFO - Epoch 6, Step 204, Loss: 0.415447, LR: 0.000097, training_time_mins: 0.463123
2025-09-27 15:19:11,621 - INFO - Validation - Epoch 6, Loss: 0.415447, val_acc: 0.621097, val_pr_auc: 0.689252, val_roc_auc: 0.672204
2025-09-27 15:19:11,622 - INFO - Confusion matrix saved to logs/SHU-MI_Model-[6,12]-[mamba,attn]_0927_1516/confusion_matrix.txt
2025-09-27 15:19:39,548 - INFO - Epoch 7, Step 238, Loss: 0.325635, LR: 0.000095, training_time_mins: 0.465407
2025-09-27 15:19:39,548 - INFO - Validation - Epoch 7, Loss: 0.325635, val_acc: 0.620392, val_pr_auc: 0.714906, val_roc_auc: 0.685127
2025-09-27 15:19:39,549 - INFO - Confusion matrix saved to logs/SHU-MI_Model-[6,12]-[mamba,attn]_0927_1516/confusion_matrix.txt
2025-09-27 15:20:05,680 - INFO - Epoch 8, Step 272, Loss: 0.235027, LR: 0.000094, training_time_mins: 0.465941
2025-09-27 15:20:05,680 - INFO - Validation - Epoch 8, Loss: 0.235027, val_acc: 0.609571, val_pr_auc: 0.678365, val_roc_auc: 0.666106
2025-09-27 15:20:05,681 - INFO - Confusion matrix saved to logs/SHU-MI_Model-[6,12]-[mamba,attn]_0927_1516/confusion_matrix.txt
2025-09-27 15:20:31,634 - INFO - Epoch 9, Step 306, Loss: 0.175292, LR: 0.000092, training_time_mins: 0.464102
2025-09-27 15:20:31,634 - INFO - Validation - Epoch 9, Loss: 0.175292, val_acc: 0.593634, val_pr_auc: 0.651333, val_roc_auc: 0.632388
2025-09-27 15:20:31,635 - INFO - Confusion matrix saved to logs/SHU-MI_Model-[6,12]-[mamba,attn]_0927_1516/confusion_matrix.txt
2025-09-27 15:20:57,555 - INFO - Epoch 10, Step 340, Loss: 0.112016, LR: 0.000091, training_time_mins: 0.462634
2025-09-27 15:20:57,555 - INFO - Validation - Epoch 10, Loss: 0.112016, val_acc: 0.603831, val_pr_auc: 0.690685, val_roc_auc: 0.669100
2025-09-27 15:20:57,556 - INFO - Confusion matrix saved to logs/SHU-MI_Model-[6,12]-[mamba,attn]_0927_1516/confusion_matrix.txt
2025-09-27 15:21:23,550 - INFO - Epoch 11, Step 374, Loss: 0.121114, LR: 0.000089, training_time_mins: 0.466808
2025-09-27 15:21:23,550 - INFO - Validation - Epoch 11, Loss: 0.121114, val_acc: 0.603336, val_pr_auc: 0.684235, val_roc_auc: 0.665386
2025-09-27 15:21:23,551 - INFO - Confusion matrix saved to logs/SHU-MI_Model-[6,12]-[mamba,attn]_0927_1516/confusion_matrix.txt
2025-09-27 15:21:49,673 - INFO - Epoch 12, Step 408, Loss: 0.096614, LR: 0.000087, training_time_mins: 0.465586
2025-09-27 15:21:49,673 - INFO - Validation - Epoch 12, Loss: 0.096614, val_acc: 0.605839, val_pr_auc: 0.672649, val_roc_auc: 0.655531
2025-09-27 15:21:49,673 - INFO - Confusion matrix saved to logs/SHU-MI_Model-[6,12]-[mamba,attn]_0927_1516/confusion_matrix.txt
2025-09-27 15:22:15,694 - INFO - Epoch 13, Step 442, Loss: 0.075221, LR: 0.000084, training_time_mins: 0.466351
2025-09-27 15:22:15,694 - INFO - Validation - Epoch 13, Loss: 0.075221, val_acc: 0.594940, val_pr_auc: 0.659033, val_roc_auc: 0.649085
2025-09-27 15:22:15,695 - INFO - Confusion matrix saved to logs/SHU-MI_Model-[6,12]-[mamba,attn]_0927_1516/confusion_matrix.txt
2025-09-27 15:22:43,470 - INFO - Epoch 14, Step 476, Loss: 0.069947, LR: 0.000082, training_time_mins: 0.462880
2025-09-27 15:22:43,470 - INFO - Validation - Epoch 14, Loss: 0.069947, val_acc: 0.618301, val_pr_auc: 0.685506, val_roc_auc: 0.677231
2025-09-27 15:22:43,471 - INFO - Confusion matrix saved to logs/SHU-MI_Model-[6,12]-[mamba,attn]_0927_1516/confusion_matrix.txt
2025-09-27 15:23:09,252 - INFO - Epoch 15, Step 510, Loss: 0.046225, LR: 0.000080, training_time_mins: 0.461430
2025-09-27 15:23:09,252 - INFO - Validation - Epoch 15, Loss: 0.046225, val_acc: 0.602805, val_pr_auc: 0.697830, val_roc_auc: 0.666815
2025-09-27 15:23:09,253 - INFO - Confusion matrix saved to logs/SHU-MI_Model-[6,12]-[mamba,attn]_0927_1516/confusion_matrix.txt
2025-09-27 15:23:35,427 - INFO - Epoch 16, Step 544, Loss: 0.046664, LR: 0.000077, training_time_mins: 0.467088
2025-09-27 15:23:35,427 - INFO - Validation - Epoch 16, Loss: 0.046664, val_acc: 0.622234, val_pr_auc: 0.693997, val_roc_auc: 0.664736
2025-09-27 15:23:35,427 - INFO - Confusion matrix saved to logs/SHU-MI_Model-[6,12]-[mamba,attn]_0927_1516/confusion_matrix.txt
2025-09-27 15:24:00,358 - INFO - Epoch 17, Step 578, Loss: 0.058948, LR: 0.000074, training_time_mins: 0.458698
2025-09-27 15:24:00,358 - INFO - Validation - Epoch 17, Loss: 0.058948, val_acc: 0.619468, val_pr_auc: 0.720273, val_roc_auc: 0.694286
2025-09-27 15:24:00,359 - INFO - Confusion matrix saved to logs/SHU-MI_Model-[6,12]-[mamba,attn]_0927_1516/confusion_matrix.txt
2025-09-27 15:24:28,408 - INFO - Epoch 18, Step 612, Loss: 0.044113, LR: 0.000072, training_time_mins: 0.467451
2025-09-27 15:24:28,409 - INFO - Validation - Epoch 18, Loss: 0.044113, val_acc: 0.626455, val_pr_auc: 0.704778, val_roc_auc: 0.688127
2025-09-27 15:24:28,417 - INFO - Confusion matrix saved to logs/SHU-MI_Model-[6,12]-[mamba,attn]_0927_1516/confusion_matrix.txt
2025-09-27 15:24:54,189 - INFO - Epoch 19, Step 646, Loss: 0.035791, LR: 0.000069, training_time_mins: 0.461244
2025-09-27 15:24:54,190 - INFO - Validation - Epoch 19, Loss: 0.035791, val_acc: 0.627375, val_pr_auc: 0.712308, val_roc_auc: 0.675961
2025-09-27 15:24:54,191 - INFO - Confusion matrix saved to logs/SHU-MI_Model-[6,12]-[mamba,attn]_0927_1516/confusion_matrix.txt
2025-09-27 15:25:20,151 - INFO - Epoch 20, Step 680, Loss: 0.042933, LR: 0.000066, training_time_mins: 0.463184
2025-09-27 15:25:20,151 - INFO - Validation - Epoch 20, Loss: 0.042933, val_acc: 0.606940, val_pr_auc: 0.707799, val_roc_auc: 0.669967
2025-09-27 15:25:20,151 - INFO - Confusion matrix saved to logs/SHU-MI_Model-[6,12]-[mamba,attn]_0927_1516/confusion_matrix.txt
2025-09-27 15:25:46,262 - INFO - Epoch 21, Step 714, Loss: 0.023908, LR: 0.000063, training_time_mins: 0.466906
2025-09-27 15:25:46,263 - INFO - Validation - Epoch 21, Loss: 0.023908, val_acc: 0.608820, val_pr_auc: 0.687512, val_roc_auc: 0.665182
2025-09-27 15:25:46,267 - INFO - Confusion matrix saved to logs/SHU-MI_Model-[6,12]-[mamba,attn]_0927_1516/confusion_matrix.txt
2025-09-27 15:26:12,032 - INFO - Epoch 22, Step 748, Loss: 0.031181, LR: 0.000060, training_time_mins: 0.460320
2025-09-27 15:26:12,032 - INFO - Validation - Epoch 22, Loss: 0.031181, val_acc: 0.614631, val_pr_auc: 0.698948, val_roc_auc: 0.664448
2025-09-27 15:26:12,033 - INFO - Confusion matrix saved to logs/SHU-MI_Model-[6,12]-[mamba,attn]_0927_1516/confusion_matrix.txt
2025-09-27 15:26:37,844 - INFO - Epoch 23, Step 782, Loss: 0.025800, LR: 0.000057, training_time_mins: 0.461932
2025-09-27 15:26:37,844 - INFO - Validation - Epoch 23, Loss: 0.025800, val_acc: 0.619624, val_pr_auc: 0.685157, val_roc_auc: 0.658468
2025-09-27 15:26:37,844 - INFO - Confusion matrix saved to logs/SHU-MI_Model-[6,12]-[mamba,attn]_0927_1516/confusion_matrix.txt
2025-09-27 15:27:04,005 - INFO - Epoch 24, Step 816, Loss: 0.023266, LR: 0.000054, training_time_mins: 0.465417
2025-09-27 15:27:04,006 - INFO - Validation - Epoch 24, Loss: 0.023266, val_acc: 0.624788, val_pr_auc: 0.707347, val_roc_auc: 0.677370
2025-09-27 15:27:04,006 - INFO - Confusion matrix saved to logs/SHU-MI_Model-[6,12]-[mamba,attn]_0927_1516/confusion_matrix.txt
2025-09-27 15:27:31,778 - INFO - Epoch 25, Step 850, Loss: 0.017313, LR: 0.000050, training_time_mins: 0.462822
2025-09-27 15:27:31,778 - INFO - Validation - Epoch 25, Loss: 0.017313, val_acc: 0.618242, val_pr_auc: 0.699098, val_roc_auc: 0.672756
2025-09-27 15:27:31,783 - INFO - Confusion matrix saved to logs/SHU-MI_Model-[6,12]-[mamba,attn]_0927_1516/confusion_matrix.txt
2025-09-27 15:27:57,614 - INFO - Epoch 26, Step 884, Loss: 0.013305, LR: 0.000047, training_time_mins: 0.462203
2025-09-27 15:27:57,614 - INFO - Validation - Epoch 26, Loss: 0.013305, val_acc: 0.612246, val_pr_auc: 0.686262, val_roc_auc: 0.669783
2025-09-27 15:27:57,615 - INFO - Confusion matrix saved to logs/SHU-MI_Model-[6,12]-[mamba,attn]_0927_1516/confusion_matrix.txt
2025-09-27 15:28:23,406 - INFO - Epoch 27, Step 918, Loss: 0.012746, LR: 0.000044, training_time_mins: 0.461239
2025-09-27 15:28:23,406 - INFO - Validation - Epoch 27, Loss: 0.012746, val_acc: 0.612691, val_pr_auc: 0.681306, val_roc_auc: 0.666580
2025-09-27 15:28:23,407 - INFO - Confusion matrix saved to logs/SHU-MI_Model-[6,12]-[mamba,attn]_0927_1516/confusion_matrix.txt
2025-09-27 15:28:49,449 - INFO - Epoch 28, Step 952, Loss: 0.012828, LR: 0.000041, training_time_mins: 0.464721
2025-09-27 15:28:49,450 - INFO - Validation - Epoch 28, Loss: 0.012828, val_acc: 0.625319, val_pr_auc: 0.713916, val_roc_auc: 0.684861
2025-09-27 15:28:49,450 - INFO - Confusion matrix saved to logs/SHU-MI_Model-[6,12]-[mamba,attn]_0927_1516/confusion_matrix.txt
2025-09-27 15:29:15,301 - INFO - Epoch 29, Step 986, Loss: 0.008240, LR: 0.000038, training_time_mins: 0.462686
2025-09-27 15:29:15,301 - INFO - Validation - Epoch 29, Loss: 0.008240, val_acc: 0.639192, val_pr_auc: 0.718030, val_roc_auc: 0.692746
2025-09-27 15:29:15,301 - INFO - Confusion matrix saved to logs/SHU-MI_Model-[6,12]-[mamba,attn]_0927_1516/confusion_matrix.txt
2025-09-27 15:29:41,297 - INFO - Epoch 30, Step 1020, Loss: 0.007958, LR: 0.000035, training_time_mins: 0.464370
2025-09-27 15:29:41,297 - INFO - Validation - Epoch 30, Loss: 0.007958, val_acc: 0.636885, val_pr_auc: 0.713089, val_roc_auc: 0.689212
2025-09-27 15:29:41,297 - INFO - Confusion matrix saved to logs/SHU-MI_Model-[6,12]-[mamba,attn]_0927_1516/confusion_matrix.txt
2025-09-27 15:30:06,918 - INFO - Epoch 31, Step 1054, Loss: 0.007235, LR: 0.000032, training_time_mins: 0.459944
2025-09-27 15:30:06,918 - INFO - Validation - Epoch 31, Loss: 0.007235, val_acc: 0.637608, val_pr_auc: 0.718259, val_roc_auc: 0.691841
2025-09-27 15:30:06,919 - INFO - Confusion matrix saved to logs/SHU-MI_Model-[6,12]-[mamba,attn]_0927_1516/confusion_matrix.txt
2025-09-27 15:30:34,420 - INFO - Epoch 32, Step 1088, Loss: 0.004818, LR: 0.000029, training_time_mins: 0.458335
2025-09-27 15:30:34,420 - INFO - Validation - Epoch 32, Loss: 0.004818, val_acc: 0.628492, val_pr_auc: 0.716361, val_roc_auc: 0.690076
2025-09-27 15:30:34,421 - INFO - Confusion matrix saved to logs/SHU-MI_Model-[6,12]-[mamba,attn]_0927_1516/confusion_matrix.txt
2025-09-27 15:31:00,483 - INFO - Epoch 33, Step 1122, Loss: 0.011259, LR: 0.000027, training_time_mins: 0.463461
2025-09-27 15:31:00,483 - INFO - Validation - Epoch 33, Loss: 0.011259, val_acc: 0.624039, val_pr_auc: 0.706362, val_roc_auc: 0.681833
2025-09-27 15:31:00,483 - INFO - Confusion matrix saved to logs/SHU-MI_Model-[6,12]-[mamba,attn]_0927_1516/confusion_matrix.txt
2025-09-27 15:31:26,364 - INFO - Epoch 34, Step 1156, Loss: 0.005751, LR: 0.000024, training_time_mins: 0.463921
2025-09-27 15:31:26,365 - INFO - Validation - Epoch 34, Loss: 0.005751, val_acc: 0.628162, val_pr_auc: 0.711712, val_roc_auc: 0.686183
2025-09-27 15:31:26,365 - INFO - Confusion matrix saved to logs/SHU-MI_Model-[6,12]-[mamba,attn]_0927_1516/confusion_matrix.txt
2025-09-27 15:31:52,203 - INFO - Epoch 35, Step 1190, Loss: 0.004670, LR: 0.000021, training_time_mins: 0.461471
2025-09-27 15:31:52,203 - INFO - Validation - Epoch 35, Loss: 0.004670, val_acc: 0.629869, val_pr_auc: 0.714636, val_roc_auc: 0.688753
2025-09-27 15:31:52,203 - INFO - Confusion matrix saved to logs/SHU-MI_Model-[6,12]-[mamba,attn]_0927_1516/confusion_matrix.txt
2025-09-27 15:32:17,902 - INFO - Epoch 36, Step 1224, Loss: 0.002458, LR: 0.000019, training_time_mins: 0.462212
2025-09-27 15:32:17,903 - INFO - Validation - Epoch 36, Loss: 0.002458, val_acc: 0.632185, val_pr_auc: 0.715452, val_roc_auc: 0.688863
2025-09-27 15:32:17,903 - INFO - Confusion matrix saved to logs/SHU-MI_Model-[6,12]-[mamba,attn]_0927_1516/confusion_matrix.txt
2025-09-27 15:32:43,940 - INFO - Epoch 37, Step 1258, Loss: 0.004813, LR: 0.000017, training_time_mins: 0.466718
2025-09-27 15:32:43,940 - INFO - Validation - Epoch 37, Loss: 0.004813, val_acc: 0.633902, val_pr_auc: 0.712675, val_roc_auc: 0.685431
2025-09-27 15:32:43,945 - INFO - Confusion matrix saved to logs/SHU-MI_Model-[6,12]-[mamba,attn]_0927_1516/confusion_matrix.txt
2025-09-27 15:33:09,946 - INFO - Epoch 38, Step 1292, Loss: 0.004104, LR: 0.000014, training_time_mins: 0.466583
2025-09-27 15:33:09,946 - INFO - Validation - Epoch 38, Loss: 0.004104, val_acc: 0.637980, val_pr_auc: 0.713398, val_roc_auc: 0.688968
2025-09-27 15:33:09,947 - INFO - Confusion matrix saved to logs/SHU-MI_Model-[6,12]-[mamba,attn]_0927_1516/confusion_matrix.txt
2025-09-27 15:33:38,019 - INFO - Epoch 39, Step 1326, Loss: 0.007483, LR: 0.000012, training_time_mins: 0.467843
2025-09-27 15:33:38,020 - INFO - Validation - Epoch 39, Loss: 0.007483, val_acc: 0.633871, val_pr_auc: 0.713146, val_roc_auc: 0.689423
2025-09-27 15:33:38,022 - INFO - Confusion matrix saved to logs/SHU-MI_Model-[6,12]-[mamba,attn]_0927_1516/confusion_matrix.txt
2025-09-27 15:34:03,554 - INFO - Epoch 40, Step 1360, Loss: 0.002996, LR: 0.000010, training_time_mins: 0.459131
2025-09-27 15:34:03,554 - INFO - Validation - Epoch 40, Loss: 0.002996, val_acc: 0.635910, val_pr_auc: 0.712970, val_roc_auc: 0.689173
2025-09-27 15:34:03,555 - INFO - Confusion matrix saved to logs/SHU-MI_Model-[6,12]-[mamba,attn]_0927_1516/confusion_matrix.txt
2025-09-27 15:34:29,729 - INFO - Epoch 41, Step 1394, Loss: 0.002916, LR: 0.000009, training_time_mins: 0.466793
2025-09-27 15:34:29,729 - INFO - Validation - Epoch 41, Loss: 0.002916, val_acc: 0.629411, val_pr_auc: 0.712846, val_roc_auc: 0.689913
2025-09-27 15:34:29,730 - INFO - Confusion matrix saved to logs/SHU-MI_Model-[6,12]-[mamba,attn]_0927_1516/confusion_matrix.txt
2025-09-27 15:34:55,543 - INFO - Epoch 42, Step 1428, Loss: 0.003534, LR: 0.000007, training_time_mins: 0.463316
2025-09-27 15:34:55,543 - INFO - Validation - Epoch 42, Loss: 0.003534, val_acc: 0.633506, val_pr_auc: 0.713149, val_roc_auc: 0.690866
2025-09-27 15:34:55,544 - INFO - Confusion matrix saved to logs/SHU-MI_Model-[6,12]-[mamba,attn]_0927_1516/confusion_matrix.txt
2025-09-27 15:35:21,387 - INFO - Epoch 43, Step 1462, Loss: 0.002700, LR: 0.000006, training_time_mins: 0.462584
2025-09-27 15:35:21,388 - INFO - Validation - Epoch 43, Loss: 0.002700, val_acc: 0.633032, val_pr_auc: 0.714630, val_roc_auc: 0.691312
2025-09-27 15:35:21,392 - INFO - Confusion matrix saved to logs/SHU-MI_Model-[6,12]-[mamba,attn]_0927_1516/confusion_matrix.txt
2025-09-27 15:35:47,236 - INFO - Epoch 44, Step 1496, Loss: 0.001746, LR: 0.000004, training_time_mins: 0.464526
2025-09-27 15:35:47,236 - INFO - Validation - Epoch 44, Loss: 0.001746, val_acc: 0.631401, val_pr_auc: 0.713817, val_roc_auc: 0.690397
2025-09-27 15:35:47,242 - INFO - Confusion matrix saved to logs/SHU-MI_Model-[6,12]-[mamba,attn]_0927_1516/confusion_matrix.txt
2025-09-27 15:36:13,292 - INFO - Epoch 45, Step 1530, Loss: 0.002212, LR: 0.000003, training_time_mins: 0.469331
2025-09-27 15:36:13,292 - INFO - Validation - Epoch 45, Loss: 0.002212, val_acc: 0.633053, val_pr_auc: 0.713431, val_roc_auc: 0.690262
2025-09-27 15:36:13,293 - INFO - Confusion matrix saved to logs/SHU-MI_Model-[6,12]-[mamba,attn]_0927_1516/confusion_matrix.txt
2025-09-27 15:36:41,365 - INFO - Epoch 46, Step 1564, Loss: 0.003213, LR: 0.000003, training_time_mins: 0.467844
2025-09-27 15:36:41,365 - INFO - Validation - Epoch 46, Loss: 0.003213, val_acc: 0.633053, val_pr_auc: 0.713071, val_roc_auc: 0.689993
2025-09-27 15:36:41,366 - INFO - Confusion matrix saved to logs/SHU-MI_Model-[6,12]-[mamba,attn]_0927_1516/confusion_matrix.txt
2025-09-27 15:37:07,185 - INFO - Epoch 47, Step 1598, Loss: 0.002650, LR: 0.000002, training_time_mins: 0.464635
2025-09-27 15:37:07,185 - INFO - Validation - Epoch 47, Loss: 0.002650, val_acc: 0.633056, val_pr_auc: 0.713081, val_roc_auc: 0.690042
2025-09-27 15:37:07,186 - INFO - Confusion matrix saved to logs/SHU-MI_Model-[6,12]-[mamba,attn]_0927_1516/confusion_matrix.txt
2025-09-27 15:37:33,060 - INFO - Epoch 48, Step 1632, Loss: 0.002971, LR: 0.000001, training_time_mins: 0.467061
2025-09-27 15:37:33,061 - INFO - Validation - Epoch 48, Loss: 0.002971, val_acc: 0.633058, val_pr_auc: 0.712809, val_roc_auc: 0.689787
2025-09-27 15:37:33,061 - INFO - Confusion matrix saved to logs/SHU-MI_Model-[6,12]-[mamba,attn]_0927_1516/confusion_matrix.txt
2025-09-27 15:38:00,442 - INFO - Epoch 49, Step 1666, Loss: 0.003579, LR: 0.000001, training_time_mins: 0.456323
2025-09-27 15:38:00,443 - INFO - Validation - Epoch 49, Loss: 0.003579, val_acc: 0.632238, val_pr_auc: 0.712784, val_roc_auc: 0.689707
2025-09-27 15:38:00,444 - INFO - Confusion matrix saved to logs/SHU-MI_Model-[6,12]-[mamba,attn]_0927_1516/confusion_matrix.txt
2025-09-27 15:38:25,797 - INFO - Epoch 50, Step 1700, Loss: 0.002683, LR: 0.000001, training_time_mins: 0.466041
2025-09-27 15:38:25,797 - INFO - Validation - Epoch 50, Loss: 0.002683, val_acc: 0.632652, val_pr_auc: 0.712435, val_roc_auc: 0.689541
2025-09-27 15:38:25,798 - INFO - Confusion matrix saved to logs/SHU-MI_Model-[6,12]-[mamba,attn]_0927_1516/confusion_matrix.txt
2025-09-27 15:38:29,327 - INFO - Final Test Results:
2025-09-27 15:38:29,328 - INFO - Test Accuracy: 0.61725
2025-09-27 15:38:29,328 - INFO - Test PR AUC: 0.66825
2025-09-27 15:38:29,328 - INFO - Test ROC AUC: 0.67922
2025-09-27 15:38:29,328 - INFO - Confusion matrix saved to logs/SHU-MI_Model-[6,12]-[mamba,attn]_0927_1516/confusion_matrix.txt
2025-09-27 15:38:32,471 - INFO - Experiment completed and logged successfully
